"../../../Engine/Content/EditorResources/S_Actor.ubulk" 0
"../../../Engine/Content/EditorResources/S_Actor.uasset" 1
"../../../Engine/Content/EditorResources/S_Actor.uexp" 2
"../../../Engine/Content/EditorResources/S_BoxReflectionCapture.uasset" 3
"../../../Engine/Content/EditorResources/S_BoxReflectionCapture.uexp" 4
"../../../Engine/Content/EngineResources/DefaultTexture.ubulk" 5
"../../../Engine/Content/EngineResources/DefaultTexture.uasset" 6
"../../../Engine/Content/EngineResources/DefaultTexture.uexp" 7
"../../../Engine/Content/EngineResources/DefaultTextureCube.uasset" 8
"../../../Engine/Content/EngineResources/DefaultTextureCube.uexp" 9
"../../../Engine/Content/EngineResources/DefaultVolumeTexture2D.uasset" 10
"../../../Engine/Content/EngineResources/DefaultVolumeTexture2D.uexp" 11
"../../../Engine/Content/EngineResources/DefaultVolumeTexture.uasset" 12
"../../../Engine/Content/EngineResources/DefaultVolumeTexture.uexp" 13
"../../../Engine/Content/EditorResources/S_Trigger.ubulk" 14
"../../../Engine/Content/EditorResources/S_Trigger.uasset" 15
"../../../Engine/Content/EditorResources/S_Trigger.uexp" 16
"../../../Engine/Content/EditorResources/S_TriggerBox.uasset" 17
"../../../Engine/Content/EditorResources/S_TriggerBox.uexp" 18
"../../../Engine/Content/EditorResources/S_TriggerCapsule.uasset" 19
"../../../Engine/Content/EditorResources/S_TriggerCapsule.uexp" 20
"../../../Engine/Content/EditorResources/S_TriggerSphere.uasset" 21
"../../../Engine/Content/EditorResources/S_TriggerSphere.uexp" 22
"../../../Engine/Content/EngineMeshes/Sphere.ubulk" 23
"../../../Engine/Content/EngineMeshes/Sphere.uasset" 24
"../../../Engine/Content/EngineMeshes/Sphere.uexp" 25
"../../../Engine/Content/EngineResources/GradientTexture0.uasset" 26
"../../../Engine/Content/EngineResources/GradientTexture0.uexp" 27
"../../../Engine/Content/EngineResources/Black.uasset" 28
"../../../Engine/Content/EngineResources/Black.uexp" 29
"../../../Engine/Content/VREditor/LaserPointer/VR_LaserPower_01.ubulk" 30
"../../../Engine/Content/VREditor/LaserPointer/VR_LaserPower_01.uasset" 31
"../../../Engine/Content/VREditor/LaserPointer/VR_LaserPower_01.uexp" 32
"../../../Engine/Content/VREditor/TransformGizmo/TransformGizmoMaterial.uasset" 33
"../../../Engine/Content/VREditor/TransformGizmo/TransformGizmoMaterial.uexp" 34
"../../../Engine/Content/VREditor/TransformGizmo/TranslucentTransformGizmoMaterial.uasset" 35
"../../../Engine/Content/VREditor/TransformGizmo/TranslucentTransformGizmoMaterial.uexp" 36
"../../../Engine/Content/VREditor/TransformGizmo/PlaneTranslationHandle.ubulk" 37
"../../../Engine/Content/VREditor/TransformGizmo/PlaneTranslationHandle.uasset" 38
"../../../Engine/Content/VREditor/TransformGizmo/PlaneTranslationHandle.uexp" 39
"../../../Engine/Content/VREditor/TransformGizmo/BoundingBoxCorner.ubulk" 40
"../../../Engine/Content/VREditor/TransformGizmo/BoundingBoxCorner.uasset" 41
"../../../Engine/Content/VREditor/TransformGizmo/BoundingBoxCorner.uexp" 42
"../../../Engine/Content/VREditor/TransformGizmo/BoundingBoxEdge.ubulk" 43
"../../../Engine/Content/VREditor/TransformGizmo/BoundingBoxEdge.uasset" 44
"../../../Engine/Content/VREditor/TransformGizmo/BoundingBoxEdge.uexp" 45
"../../../Engine/Content/VREditor/TransformGizmo/Main.uasset" 46
"../../../Engine/Content/VREditor/TransformGizmo/Main.uexp" 47
"../../../Engine/Content/VREditor/TransformGizmo/Xray.uasset" 48
"../../../Engine/Content/VREditor/TransformGizmo/Xray.uexp" 49
"../../../Engine/Content/VREditor/TransformGizmo/SM_Sequencer_Node.ubulk" 50
"../../../Engine/Content/VREditor/TransformGizmo/SM_Sequencer_Node.uasset" 51
"../../../Engine/Content/VREditor/TransformGizmo/SM_Sequencer_Node.uexp" 52
"../../../Engine/Content/EditorMaterials/Camera/CineMat.uasset" 53
"../../../Engine/Content/EditorMaterials/Camera/CineMat.uexp" 54
"../../../Engine/Content/EditorMaterials/Camera/MI_CineMat_Rig.uasset" 55
"../../../Engine/Content/EditorMaterials/Camera/MI_CineMat_Rig.uexp" 56
"../../../Engine/Content/EditorMeshes/Camera/SM_CraneRig_Base.ubulk" 57
"../../../Engine/Content/EditorMeshes/Camera/SM_CraneRig_Base.uasset" 58
"../../../Engine/Content/EditorMeshes/Camera/SM_CraneRig_Base.uexp" 59
"../../../Engine/Content/EditorMeshes/Camera/SM_CraneRig_Arm.ubulk" 60
"../../../Engine/Content/EditorMeshes/Camera/SM_CraneRig_Arm.uasset" 61
"../../../Engine/Content/EditorMeshes/Camera/SM_CraneRig_Arm.uexp" 62
"../../../Engine/Content/EditorMeshes/Camera/SM_CraneRig_Mount.ubulk" 63
"../../../Engine/Content/EditorMeshes/Camera/SM_CraneRig_Mount.uasset" 64
"../../../Engine/Content/EditorMeshes/Camera/SM_CraneRig_Mount.uexp" 65
"../../../Engine/Content/EditorMeshes/Camera/SM_CraneRig_Body.ubulk" 66
"../../../Engine/Content/EditorMeshes/Camera/SM_CraneRig_Body.uasset" 67
"../../../Engine/Content/EditorMeshes/Camera/SM_CraneRig_Body.uexp" 68
"../../../Engine/Content/EditorMeshes/Camera/SM_RailRig_Track.ubulk" 69
"../../../Engine/Content/EditorMeshes/Camera/SM_RailRig_Track.uasset" 70
"../../../Engine/Content/EditorMeshes/Camera/SM_RailRig_Track.uexp" 71
"../../../Engine/Content/EditorMeshes/Camera/SM_RailRig_Mount.ubulk" 72
"../../../Engine/Content/EditorMeshes/Camera/SM_RailRig_Mount.uasset" 73
"../../../Engine/Content/EditorMeshes/Camera/SM_RailRig_Mount.uexp" 74
"../../../Engine/Content/EngineMaterials/T_Default_Material_Grid_M.ubulk" 75
"../../../Engine/Content/EngineMaterials/T_Default_Material_Grid_M.uasset" 76
"../../../Engine/Content/EngineMaterials/T_Default_Material_Grid_M.uexp" 77
"../../../Engine/Content/EngineMaterials/T_Default_Material_Grid_N.ubulk" 78
"../../../Engine/Content/EngineMaterials/T_Default_Material_Grid_N.uasset" 79
"../../../Engine/Content/EngineMaterials/T_Default_Material_Grid_N.uexp" 80
"../../../Engine/Content/Functions/Engine_MaterialFunctions01/Opacity/CameraDepthFade.uasset" 81
"../../../Engine/Content/Functions/Engine_MaterialFunctions01/Opacity/CameraDepthFade.uexp" 82
"../../../Engine/Content/EngineMaterials/WorldGridMaterial.uasset" 83
"../../../Engine/Content/EngineMaterials/WorldGridMaterial.uexp" 84
"../../../Engine/Content/ArtTools/RenderToTexture/Meshes/S_1_Unit_Plane.ubulk" 85
"../../../Engine/Content/ArtTools/RenderToTexture/Meshes/S_1_Unit_Plane.uasset" 86
"../../../Engine/Content/ArtTools/RenderToTexture/Meshes/S_1_Unit_Plane.uexp" 87
"../../../Engine/Content/EditorMaterials/ParticleSystems/PSysThumbnail_NoImage.ubulk" 88
"../../../Engine/Content/EditorMaterials/ParticleSystems/PSysThumbnail_NoImage.uasset" 89
"../../../Engine/Content/EditorMaterials/ParticleSystems/PSysThumbnail_NoImage.uexp" 90
"../../../Engine/Content/EditorMaterials/ParticleSystems/PSysThumbnail_OOD.ubulk" 91
"../../../Engine/Content/EditorMaterials/ParticleSystems/PSysThumbnail_OOD.uasset" 92
"../../../Engine/Content/EditorMaterials/ParticleSystems/PSysThumbnail_OOD.uexp" 93
"../../../Engine/Content/EditorLandscapeResources/SplineEditorMeshMat.uasset" 94
"../../../Engine/Content/EditorLandscapeResources/SplineEditorMeshMat.uexp" 95
"../../../Engine/Content/EditorLandscapeResources/SplineEditorMesh.ubulk" 96
"../../../Engine/Content/EditorLandscapeResources/SplineEditorMesh.uasset" 97
"../../../Engine/Content/EditorLandscapeResources/SplineEditorMesh.uexp" 98
"../../../Engine/Content/EditorResources/S_Solver.ubulk" 99
"../../../Engine/Content/EditorResources/S_Solver.uasset" 100
"../../../Engine/Content/EditorResources/S_Solver.uexp" 101
"../../../Engine/Plugins/Media/MediaPlate/Content/SM_MediaPlateScreen.ubulk" 102
"../../../Engine/Plugins/Media/MediaPlate/Content/SM_MediaPlateScreen.uasset" 103
"../../../Engine/Plugins/Media/MediaPlate/Content/SM_MediaPlateScreen.uexp" 104
"../../../Engine/Content/EngineMaterials/Good64x64TilingNoiseHighFreq.uasset" 105
"../../../Engine/Content/EngineMaterials/Good64x64TilingNoiseHighFreq.uexp" 106
"../../../Engine/Content/EngineMaterials/DefaultBokeh.uasset" 107
"../../../Engine/Content/EngineMaterials/DefaultBokeh.uexp" 108
"../../../Engine/Content/EngineMaterials/PreintegratedSkinBRDF.uasset" 109
"../../../Engine/Content/EngineMaterials/PreintegratedSkinBRDF.uexp" 110
"../../../Engine/Content/EngineMaterials/MiniFont.uasset" 111
"../../../Engine/Content/EngineMaterials/MiniFont.uexp" 112
"../../../Engine/Content/EngineMaterials/WeightMapPlaceholderTexture.uasset" 113
"../../../Engine/Content/EngineMaterials/WeightMapPlaceholderTexture.uexp" 114
"../../../Engine/Content/EngineMaterials/DefaultWhiteGrid.ubulk" 115
"../../../Engine/Content/EngineMaterials/DefaultWhiteGrid.uasset" 116
"../../../Engine/Content/EngineMaterials/DefaultWhiteGrid.uexp" 117
"../../../Engine/Content/Animation/DefaultRecorderBoneCompression.uasset" 118
"../../../Engine/Content/Animation/DefaultRecorderBoneCompression.uexp" 119
"../../../Engine/Content/Animation/DefaultAnimCurveCompressionSettings.uasset" 120
"../../../Engine/Content/Animation/DefaultAnimCurveCompressionSettings.uexp" 121
"../../../Engine/Content/Animation/DefaultAnimBoneCompressionSettings.uasset" 122
"../../../Engine/Content/Animation/DefaultAnimBoneCompressionSettings.uexp" 123
"../../../Engine/Content/EngineMaterials/DefaultMaterial.uasset" 124
"../../../Engine/Content/EngineMaterials/DefaultMaterial.uexp" 125
"../../../Engine/Content/BasicShapes/Sphere.ubulk" 126
"../../../Engine/Content/BasicShapes/Sphere.uasset" 127
"../../../Engine/Content/BasicShapes/Sphere.uexp" 128
"../../../Engine/Content/BasicShapes/Plane.ubulk" 129
"../../../Engine/Content/BasicShapes/Plane.uasset" 130
"../../../Engine/Content/BasicShapes/Plane.uexp" 131
"../../../Engine/Content/BasicShapes/Cylinder.ubulk" 132
"../../../Engine/Content/BasicShapes/Cylinder.uasset" 133
"../../../Engine/Content/BasicShapes/Cylinder.uexp" 134
"../../../Engine/Content/BasicShapes/Cube.ubulk" 135
"../../../Engine/Content/BasicShapes/Cube.uasset" 136
"../../../Engine/Content/BasicShapes/Cube.uexp" 137
"../../../Engine/Content/BasicShapes/Cone.ubulk" 138
"../../../Engine/Content/BasicShapes/Cone.uasset" 139
"../../../Engine/Content/BasicShapes/Cone.uexp" 140
"../../../Engine/Content/EditorLandscapeResources/DefaultAlphaTexture.uasset" 141
"../../../Engine/Content/EditorLandscapeResources/DefaultAlphaTexture.uexp" 142
"../../../Engine/Content/EditorLandscapeResources/DataLayer.uasset" 143
"../../../Engine/Content/EditorLandscapeResources/DataLayer.uexp" 144
"../../../Engine/Content/EditorMaterials/PreviewShadowIndicator.ubulk" 145
"../../../Engine/Content/EditorMaterials/PreviewShadowIndicator.uasset" 146
"../../../Engine/Content/EditorMaterials/PreviewShadowIndicator.uexp" 147
"../../../Engine/Content/EditorMaterials/PreviewShadowIndicatorMaterial.uasset" 148
"../../../Engine/Content/EditorMaterials/PreviewShadowIndicatorMaterial.uexp" 149
"../../../Engine/Content/EditorMaterials/PhAT_UnselectedMaterial.uasset" 150
"../../../Engine/Content/EditorMaterials/PhAT_UnselectedMaterial.uexp" 151
"../../../Engine/Content/EditorMaterials/PhAT_NoCollisionMaterial.uasset" 152
"../../../Engine/Content/EditorMaterials/PhAT_NoCollisionMaterial.uexp" 153
"../../../Engine/Content/Functions/Engine_MaterialFunctions02/Utility/MakeFloat4.uasset" 154
"../../../Engine/Content/Functions/Engine_MaterialFunctions02/Utility/MakeFloat4.uexp" 155
"../../../Engine/Content/Functions/Engine_MaterialFunctions02/Utility/MakeFloat3.uasset" 156
"../../../Engine/Content/Functions/Engine_MaterialFunctions02/Utility/MakeFloat3.uexp" 157
"../../../Engine/Content/Functions/Engine_MaterialFunctions02/Utility/BreakOutFloat3Components.uasset" 158
"../../../Engine/Content/Functions/Engine_MaterialFunctions02/Utility/BreakOutFloat3Components.uexp" 159
"../../../Engine/Content/EditorMaterials/WorldPartition/WorldPartitionSpatialHashGridPreviewMaterial.uasset" 160
"../../../Engine/Content/EditorMaterials/WorldPartition/WorldPartitionSpatialHashGridPreviewMaterial.uexp" 161
"../../../Engine/Content/EditorResources/S_Terrain.ubulk" 162
"../../../Engine/Content/EditorResources/S_Terrain.uasset" 163
"../../../Engine/Content/EditorResources/S_Terrain.uexp" 164
"../../../Engine/Content/EditorResources/EmptyActor.uasset" 165
"../../../Engine/Content/EditorResources/EmptyActor.uexp" 166
"../../../Engine/Content/EditorResources/BSPVertex.uasset" 167
"../../../Engine/Content/EditorResources/BSPVertex.uexp" 168
"../../../Engine/Content/EditorResources/SequenceRecorder/RecordingIndicator.uasset" 169
"../../../Engine/Content/EditorResources/SequenceRecorder/RecordingIndicator.uexp" 170
"../../../Engine/Content/EditorResources/SequenceRecorder/Countdown.uasset" 171
"../../../Engine/Content/EditorResources/SequenceRecorder/Countdown.uexp" 172
"../../../Engine/Content/EngineDamageTypes/DmgTypeBP_Environmental.uasset" 173
"../../../Engine/Content/EngineDamageTypes/DmgTypeBP_Environmental.uexp" 174
"../../../Engine/Content/Functions/Engine_MaterialFunctions02/Utility/CameraDirectionVector.uasset" 175
"../../../Engine/Content/Functions/Engine_MaterialFunctions02/Utility/CameraDirectionVector.uexp" 176
"../../../Engine/Content/EngineDebugMaterials/VolumeToRender.uasset" 177
"../../../Engine/Content/EngineDebugMaterials/VolumeToRender.uexp" 178
"../../../Engine/Content/EngineDebugMaterials/M_VolumeRenderSphereTracePP.uasset" 179
"../../../Engine/Content/EngineDebugMaterials/M_VolumeRenderSphereTracePP.uexp" 180
"../../../Engine/Content/EngineDebugMaterials/M_SimpleUnlitTranslucent.uasset" 181
"../../../Engine/Content/EngineDebugMaterials/M_SimpleUnlitTranslucent.uexp" 182
"../../../Engine/Content/EngineDebugMaterials/DebugMeshMaterial.uasset" 183
"../../../Engine/Content/EngineDebugMaterials/DebugMeshMaterial.uexp" 184
"../../../Engine/Content/EngineDebugMaterials/DebugEditorMaterial.uasset" 185
"../../../Engine/Content/EngineDebugMaterials/DebugEditorMaterial.uexp" 186
"../../../Engine/Content/EngineFonts/Faces/RobotoLight.uexp" 187
"../../../Engine/Content/EngineFonts/Faces/RobotoLight.uasset" 188
"../../../Engine/Content/EngineFonts/Faces/RobotoLight.ufont" 189
"../../../Engine/Content/EngineFonts/Faces/RobotoBold.uexp" 190
"../../../Engine/Content/EngineFonts/Faces/RobotoBold.uasset" 191
"../../../Engine/Content/EngineFonts/Faces/RobotoBold.ufont" 192
"../../../Engine/Content/EngineFonts/Faces/RobotoRegular.uexp" 193
"../../../Engine/Content/EngineFonts/Faces/RobotoRegular.uasset" 194
"../../../Engine/Content/EngineFonts/Faces/RobotoRegular.ufont" 195
"../../../Engine/Content/EngineFonts/Faces/DroidSansFallback.uexp" 196
"../../../Engine/Content/EngineFonts/Faces/DroidSansFallback.uasset" 197
"../../../Engine/Content/EngineFonts/Faces/DroidSansFallback.ufont" 198
"../../../Engine/Content/EngineFonts/Faces/RobotoItalic.uexp" 199
"../../../Engine/Content/EngineFonts/Faces/RobotoItalic.uasset" 200
"../../../Engine/Content/EngineFonts/Faces/RobotoItalic.ufont" 201
"../../../Engine/Content/EngineFonts/Faces/RobotoBoldItalic.uexp" 202
"../../../Engine/Content/EngineFonts/Faces/RobotoBoldItalic.uasset" 203
"../../../Engine/Content/EngineFonts/Faces/RobotoBoldItalic.ufont" 204
"../../../Engine/Content/EngineFonts/Roboto.uasset" 205
"../../../Engine/Content/EngineFonts/Roboto.uexp" 206
"../../../Engine/Content/EngineResources/WhiteSquareTexture.uasset" 207
"../../../Engine/Content/EngineResources/WhiteSquareTexture.uexp" 208
"../../../Engine/Content/EngineMaterials/Widget3DPassThrough.uasset" 209
"../../../Engine/Content/EngineMaterials/Widget3DPassThrough.uexp" 210
"../../../Engine/Content/EngineMaterials/Widget3DPassThrough_Translucent.uasset" 211
"../../../Engine/Content/EngineMaterials/Widget3DPassThrough_Translucent.uexp" 212
"../../../Engine/Content/EngineMaterials/Widget3DPassThrough_Translucent_OneSided.uasset" 213
"../../../Engine/Content/EngineMaterials/Widget3DPassThrough_Translucent_OneSided.uexp" 214
"../../../Engine/Content/EngineMaterials/Widget3DPassThrough_Opaque.uasset" 215
"../../../Engine/Content/EngineMaterials/Widget3DPassThrough_Opaque.uexp" 216
"../../../Engine/Content/EngineMaterials/Widget3DPassThrough_Opaque_OneSided.uasset" 217
"../../../Engine/Content/EngineMaterials/Widget3DPassThrough_Opaque_OneSided.uexp" 218
"../../../Engine/Content/EngineMaterials/Widget3DPassThrough_Masked_OneSided.uasset" 219
"../../../Engine/Content/EngineMaterials/Widget3DPassThrough_Masked_OneSided.uexp" 220
"../../../Engine/Content/EngineMaterials/Widget3DPassThrough_Masked.uasset" 221
"../../../Engine/Content/EngineMaterials/Widget3DPassThrough_Masked.uexp" 222
"../../../Engine/Content/EngineMaterials/STBlueNoise_vec2_128x128x64.uasset" 223
"../../../Engine/Content/EngineMaterials/STBlueNoise_vec2_128x128x64.uexp" 224
"../../../Engine/Content/EngineMaterials/STBlueNoise_scalar_128x128x64.uasset" 225
"../../../Engine/Content/EngineMaterials/STBlueNoise_scalar_128x128x64.uexp" 226
"../../../Engine/Content/EngineMaterials/RemoveSurfaceMaterial.uasset" 227
"../../../Engine/Content/EngineMaterials/RemoveSurfaceMaterial.uexp" 228
"../../../Engine/Content/EngineMaterials/DefaultCalibrationGrayscale.uasset" 229
"../../../Engine/Content/EngineMaterials/DefaultCalibrationGrayscale.uexp" 230
"../../../Engine/Content/EngineMaterials/PPM_DefaultCalibrationGrayscale.uasset" 231
"../../../Engine/Content/EngineMaterials/PPM_DefaultCalibrationGrayscale.uexp" 232
"../../../Engine/Content/EngineMaterials/DefaultCalibrationColor.uasset" 233
"../../../Engine/Content/EngineMaterials/DefaultCalibrationColor.uexp" 234
"../../../Engine/Content/EngineMaterials/PPM_DefaultCalibrationColor.uasset" 235
"../../../Engine/Content/EngineMaterials/PPM_DefaultCalibrationColor.uexp" 236
"../../../Engine/Content/Functions/Engine_MaterialFunctions02/WorldPositionOffset/CameraOffset.uasset" 237
"../../../Engine/Content/Functions/Engine_MaterialFunctions02/WorldPositionOffset/CameraOffset.uexp" 238
"../../../Engine/Content/EngineMaterials/PhAT_JointLimitMaterial.uasset" 239
"../../../Engine/Content/EngineMaterials/PhAT_JointLimitMaterial.uexp" 240
"../../../Engine/Content/EngineMaterials/InvalidLightmapSettings.ubulk" 241
"../../../Engine/Content/EngineMaterials/InvalidLightmapSettings.uasset" 242
"../../../Engine/Content/EngineMaterials/InvalidLightmapSettings.uexp" 243
"../../../Engine/Content/EngineMaterials/M_InvalidLightmapSettings.uasset" 244
"../../../Engine/Content/EngineMaterials/M_InvalidLightmapSettings.uexp" 245
"../../../Engine/Content/EngineMaterials/GizmoMaterial.uasset" 246
"../../../Engine/Content/EngineMaterials/GizmoMaterial.uexp" 247
"../../../Engine/Content/EngineMaterials/BaseFlattenEmissiveMap_VT.uasset" 248
"../../../Engine/Content/EngineMaterials/BaseFlattenEmissiveMap_VT.uexp" 249
"../../../Engine/Content/EngineMaterials/BaseFlattenGrayscaleMap_VT.uasset" 250
"../../../Engine/Content/EngineMaterials/BaseFlattenGrayscaleMap_VT.uexp" 251
"../../../Engine/Content/EngineMaterials/BaseFlattenLinearColor_VT.uasset" 252
"../../../Engine/Content/EngineMaterials/BaseFlattenLinearColor_VT.uexp" 253
"../../../Engine/Content/EngineMaterials/Black_1x1_EXR_Texture_VT.uasset" 254
"../../../Engine/Content/EngineMaterials/Black_1x1_EXR_Texture_VT.uexp" 255
"../../../Engine/Content/EngineMaterials/BaseFlattenDiffuseMap_VT.uasset" 256
"../../../Engine/Content/EngineMaterials/BaseFlattenDiffuseMap_VT.uexp" 257
"../../../Engine/Content/EngineMaterials/BaseFlattenNormalMap_VT.uasset" 258
"../../../Engine/Content/EngineMaterials/BaseFlattenNormalMap_VT.uexp" 259
"../../../Engine/Content/EngineMaterials/FlattenMaterial_WS_Normal_VT.uasset" 260
"../../../Engine/Content/EngineMaterials/FlattenMaterial_WS_Normal_VT.uexp" 261
"../../../Engine/Content/EngineMaterials/FlattenMaterial_VT.uasset" 262
"../../../Engine/Content/EngineMaterials/FlattenMaterial_VT.uexp" 263
"../../../Engine/Content/EngineMaterials/BaseFlattenNormalMap.uasset" 264
"../../../Engine/Content/EngineMaterials/BaseFlattenNormalMap.uexp" 265
"../../../Engine/Content/EngineMaterials/BaseFlattenGrayscaleMap.uasset" 266
"../../../Engine/Content/EngineMaterials/BaseFlattenGrayscaleMap.uexp" 267
"../../../Engine/Content/EngineMaterials/BaseFlattenDiffuseMap.uasset" 268
"../../../Engine/Content/EngineMaterials/BaseFlattenDiffuseMap.uexp" 269
"../../../Engine/Content/Functions/Engine_MaterialFunctions02/PivotPainter2/Black_1x1_EXR_Texture.uasset" 270
"../../../Engine/Content/Functions/Engine_MaterialFunctions02/PivotPainter2/Black_1x1_EXR_Texture.uexp" 271
"../../../Engine/Content/EngineMaterials/BaseFlattenEmissiveMap.uasset" 272
"../../../Engine/Content/EngineMaterials/BaseFlattenEmissiveMap.uexp" 273
"../../../Engine/Content/EngineMaterials/BaseFlattenLinearColor.uasset" 274
"../../../Engine/Content/EngineMaterials/BaseFlattenLinearColor.uexp" 275
"../../../Engine/Content/EngineMaterials/FlattenMaterial.uasset" 276
"../../../Engine/Content/EngineMaterials/FlattenMaterial.uexp" 277
"../../../Engine/Content/EngineMaterials/DefaultWhiteGrid_Low.uasset" 278
"../../../Engine/Content/EngineMaterials/DefaultWhiteGrid_Low.uexp" 279
"../../../Engine/Content/EngineMaterials/EmissiveMeshMaterial.uasset" 280
"../../../Engine/Content/EngineMaterials/EmissiveMeshMaterial.uexp" 281
"../../../Engine/Plugins/Runtime/MeshModelingToolset/Content/Materials/M_DynamicMeshComponentVtxColor.uasset" 282
"../../../Engine/Plugins/Runtime/MeshModelingToolset/Content/Materials/M_DynamicMeshComponentVtxColor.uexp" 283
"../../../Engine/Content/EngineFonts/RobotoDistanceField.uasset" 284
"../../../Engine/Content/EngineFonts/RobotoDistanceField.uexp" 285
"../../../Engine/Content/EngineMaterials/DefaultTextMaterialOpaque.uasset" 286
"../../../Engine/Content/EngineMaterials/DefaultTextMaterialOpaque.uexp" 287
"../../../Engine/Content/EngineMaterials/DefaultDiffuse.ubulk" 288
"../../../Engine/Content/EngineMaterials/DefaultDiffuse.uasset" 289
"../../../Engine/Content/EngineMaterials/DefaultDiffuse.uexp" 290
"../../../Engine/Content/Functions/Engine_MaterialFunctions02/Utility/BreakOutFloat2Components.uasset" 291
"../../../Engine/Content/Functions/Engine_MaterialFunctions02/Utility/BreakOutFloat2Components.uexp" 292
"../../../Engine/Content/EngineMaterials/DefaultPostProcessMaterial.uasset" 293
"../../../Engine/Content/EngineMaterials/DefaultPostProcessMaterial.uexp" 294
"../../../Engine/Content/EngineMaterials/DefaultPhysicalMaterial.uasset" 295
"../../../Engine/Content/EngineMaterials/DefaultPhysicalMaterial.uexp" 296
"../../../Engine/Content/EngineMaterials/DefaultLightFunctionMaterial.uasset" 297
"../../../Engine/Content/EngineMaterials/DefaultLightFunctionMaterial.uexp" 298
"../../../Engine/Content/EngineMaterials/DefaultDestructiblePhysicalMaterial.uasset" 299
"../../../Engine/Content/EngineMaterials/DefaultDestructiblePhysicalMaterial.uexp" 300
"../../../Engine/Content/EngineMaterials/DefaultDeferredDecalMaterial.uasset" 301
"../../../Engine/Content/EngineMaterials/DefaultDeferredDecalMaterial.uexp" 302
"../../../Engine/Content/EngineMaterials/DefaultBloomKernel.uasset" 303
"../../../Engine/Content/EngineMaterials/DefaultBloomKernel.uexp" 304
"../../../Engine/Content/EngineResources/FilmGrains/Marcie_Grain_v3_128_M2_000.uasset" 305
"../../../Engine/Content/EngineResources/FilmGrains/Marcie_Grain_v3_128_M2_000.uexp" 306
"../../../Engine/Content/EngineSky/VolumetricClouds/CloudWeatherTexture.uasset" 307
"../../../Engine/Content/EngineSky/VolumetricClouds/CloudWeatherTexture.uexp" 308
"../../../Engine/Content/Functions/Engine_MaterialFunctions02/Utility/MakeFloat2.uasset" 309
"../../../Engine/Content/Functions/Engine_MaterialFunctions02/Utility/MakeFloat2.uexp" 310
"../../../Engine/Content/EngineSky/VolumetricClouds/CloudGradientTexture.uasset" 311
"../../../Engine/Content/EngineSky/VolumetricClouds/CloudGradientTexture.uexp" 312
"../../../Engine/Content/EngineSky/VolumetricClouds/T_NoiseShape64.ubulk" 313
"../../../Engine/Content/EngineSky/VolumetricClouds/T_NoiseShape64.uasset" 314
"../../../Engine/Content/EngineSky/VolumetricClouds/T_NoiseShape64.uexp" 315
"../../../Engine/Content/EngineSky/VolumetricClouds/T_VolumeNoiseShape64.uasset" 316
"../../../Engine/Content/EngineSky/VolumetricClouds/T_VolumeNoiseShape64.uexp" 317
"../../../Engine/Content/EngineSky/VolumetricClouds/T_NoiseErosion.ubulk" 318
"../../../Engine/Content/EngineSky/VolumetricClouds/T_NoiseErosion.uasset" 319
"../../../Engine/Content/EngineSky/VolumetricClouds/T_NoiseErosion.uexp" 320
"../../../Engine/Content/EngineSky/VolumetricClouds/T_VolumeNoiseErosion32.uasset" 321
"../../../Engine/Content/EngineSky/VolumetricClouds/T_VolumeNoiseErosion32.uexp" 322
"../../../Engine/Content/EngineSky/VolumetricClouds/m_SimpleVolumetricCloud.uasset" 323
"../../../Engine/Content/EngineSky/VolumetricClouds/m_SimpleVolumetricCloud.uexp" 324
"../../../Engine/Content/EngineSky/VolumetricClouds/m_SimpleVolumetricCloud_Inst.uasset" 325
"../../../Engine/Content/EngineSky/VolumetricClouds/m_SimpleVolumetricCloud_Inst.uexp" 326
"../../../Engine/Content/EngineSounds/Master.uasset" 327
"../../../Engine/Content/EngineSounds/Master.uexp" 328
"../../../Engine/Content/Functions/Engine_MaterialFunctions01/Shading/PowerToRoughness.uasset" 329
"../../../Engine/Content/Functions/Engine_MaterialFunctions01/Shading/PowerToRoughness.uexp" 330
"../../../Engine/Content/MobileResources/HUD/VirtualJoystick_Background.uasset" 331
"../../../Engine/Content/MobileResources/HUD/VirtualJoystick_Background.uexp" 332
"../../../Engine/Content/MobileResources/HUD/VirtualJoystick_Thumb.uasset" 333
"../../../Engine/Content/MobileResources/HUD/VirtualJoystick_Thumb.uexp" 334
"../../../Engine/Content/MobileResources/HUD/DefaultVirtualJoysticks.uasset" 335
"../../../Engine/Content/MobileResources/HUD/DefaultVirtualJoysticks.uexp" 336
"../../../Engine/Plugins/2D/Paper2D/Content/PlaceholderTextures/DummySpriteTexture.ubulk" 337
"../../../Engine/Plugins/2D/Paper2D/Content/PlaceholderTextures/DummySpriteTexture.uasset" 338
"../../../Engine/Plugins/2D/Paper2D/Content/PlaceholderTextures/DummySpriteTexture.uexp" 339
"../../../Engine/Plugins/2D/Paper2D/Content/DefaultSpriteMaterial.uasset" 340
"../../../Engine/Plugins/2D/Paper2D/Content/DefaultSpriteMaterial.uexp" 341
"../../../Engine/Plugins/2D/Paper2D/Content/OpaqueUnlitSpriteMaterial.uasset" 342
"../../../Engine/Plugins/2D/Paper2D/Content/OpaqueUnlitSpriteMaterial.uexp" 343
"../../../Engine/Plugins/2D/Paper2D/Content/MaskedUnlitSpriteMaterial.uasset" 344
"../../../Engine/Plugins/2D/Paper2D/Content/MaskedUnlitSpriteMaterial.uexp" 345
"../../../Engine/Plugins/2D/Paper2D/Content/DummySprite.uasset" 346
"../../../Engine/Plugins/2D/Paper2D/Content/DummySprite.uexp" 347
"../../../Engine/Plugins/2D/Paper2D/Content/DefaultPaperTerrainMaterial.uasset" 348
"../../../Engine/Plugins/2D/Paper2D/Content/DefaultPaperTerrainMaterial.uexp" 349
"../../../Engine/Plugins/Animation/ControlRig/Content/M_Manip.uasset" 350
"../../../Engine/Plugins/Animation/ControlRig/Content/M_Manip.uexp" 351
"../../../Engine/Plugins/Animation/ControlRig/Content/Controls/DefaultGizmoLibraryNormalized.uasset" 352
"../../../Engine/Plugins/Animation/ControlRig/Content/Controls/DefaultGizmoLibraryNormalized.uexp" 353
"../../../Engine/Plugins/Animation/ControlRig/Content/Controls/ControlRig_Wedge_solid.ubulk" 354
"../../../Engine/Plugins/Animation/ControlRig/Content/Controls/ControlRig_Wedge_solid.uasset" 355
"../../../Engine/Plugins/Animation/ControlRig/Content/Controls/ControlRig_Wedge_solid.uexp" 356
"../../../Engine/Plugins/Animation/ControlRig/Content/Controls/ControlRig_Wedge_3mm.ubulk" 357
"../../../Engine/Plugins/Animation/ControlRig/Content/Controls/ControlRig_Wedge_3mm.uasset" 358
"../../../Engine/Plugins/Animation/ControlRig/Content/Controls/ControlRig_Wedge_3mm.uexp" 359
"../../../Engine/Plugins/Animation/ControlRig/Content/Controls/ControlRig_Wedge_1mm.ubulk" 360
"../../../Engine/Plugins/Animation/ControlRig/Content/Controls/ControlRig_Wedge_1mm.uasset" 361
"../../../Engine/Plugins/Animation/ControlRig/Content/Controls/ControlRig_Wedge_1mm.uexp" 362
"../../../Engine/Plugins/Animation/ControlRig/Content/Controls/ControlRig_Triangle_solid.ubulk" 363
"../../../Engine/Plugins/Animation/ControlRig/Content/Controls/ControlRig_Triangle_solid.uasset" 364
"../../../Engine/Plugins/Animation/ControlRig/Content/Controls/ControlRig_Triangle_solid.uexp" 365
"../../../Engine/Plugins/Animation/ControlRig/Content/Controls/ControlRig_Triangle_3mm.ubulk" 366
"../../../Engine/Plugins/Animation/ControlRig/Content/Controls/ControlRig_Triangle_3mm.uasset" 367
"../../../Engine/Plugins/Animation/ControlRig/Content/Controls/ControlRig_Triangle_3mm.uexp" 368
"../../../Engine/Plugins/Animation/ControlRig/Content/Controls/ControlRig_Triangle_1mm.ubulk" 369
"../../../Engine/Plugins/Animation/ControlRig/Content/Controls/ControlRig_Triangle_1mm.uasset" 370
"../../../Engine/Plugins/Animation/ControlRig/Content/Controls/ControlRig_Triangle_1mm.uexp" 371
"../../../Engine/Plugins/Animation/ControlRig/Content/Controls/ControlRig_Star4_solid.ubulk" 372
"../../../Engine/Plugins/Animation/ControlRig/Content/Controls/ControlRig_Star4_solid.uasset" 373
"../../../Engine/Plugins/Animation/ControlRig/Content/Controls/ControlRig_Star4_solid.uexp" 374
"../../../Engine/Plugins/Animation/ControlRig/Content/Controls/ControlRig_Star4_3mm.ubulk" 375
"../../../Engine/Plugins/Animation/ControlRig/Content/Controls/ControlRig_Star4_3mm.uasset" 376
"../../../Engine/Plugins/Animation/ControlRig/Content/Controls/ControlRig_Star4_3mm.uexp" 377
"../../../Engine/Plugins/Animation/ControlRig/Content/Controls/ControlRig_Star4_1mm.ubulk" 378
"../../../Engine/Plugins/Animation/ControlRig/Content/Controls/ControlRig_Star4_1mm.uasset" 379
"../../../Engine/Plugins/Animation/ControlRig/Content/Controls/ControlRig_Star4_1mm.uexp" 380
"../../../Engine/Plugins/Animation/ControlRig/Content/Controls/ControlRig_Square_solid.ubulk" 381
"../../../Engine/Plugins/Animation/ControlRig/Content/Controls/ControlRig_Square_solid.uasset" 382
"../../../Engine/Plugins/Animation/ControlRig/Content/Controls/ControlRig_Square_solid.uexp" 383
"../../../Engine/Plugins/Animation/ControlRig/Content/Controls/ControlRig_Square_3mm.ubulk" 384
"../../../Engine/Plugins/Animation/ControlRig/Content/Controls/ControlRig_Square_3mm.uasset" 385
"../../../Engine/Plugins/Animation/ControlRig/Content/Controls/ControlRig_Square_3mm.uexp" 386
"../../../Engine/Plugins/Animation/ControlRig/Content/Controls/ControlRig_Square_1mm.ubulk" 387
"../../../Engine/Plugins/Animation/ControlRig/Content/Controls/ControlRig_Square_1mm.uasset" 388
"../../../Engine/Plugins/Animation/ControlRig/Content/Controls/ControlRig_Square_1mm.uexp" 389
"../../../Engine/Plugins/Animation/ControlRig/Content/Controls/ControlRig_Sphere_solid.ubulk" 390
"../../../Engine/Plugins/Animation/ControlRig/Content/Controls/ControlRig_Sphere_solid.uasset" 391
"../../../Engine/Plugins/Animation/ControlRig/Content/Controls/ControlRig_Sphere_solid.uexp" 392
"../../../Engine/Plugins/Animation/ControlRig/Content/Controls/ControlRig_Sphere_3mm.ubulk" 393
"../../../Engine/Plugins/Animation/ControlRig/Content/Controls/ControlRig_Sphere_3mm.uasset" 394
"../../../Engine/Plugins/Animation/ControlRig/Content/Controls/ControlRig_Sphere_3mm.uexp" 395
"../../../Engine/Plugins/Animation/ControlRig/Content/Controls/ControlRig_Sphere_1mm.ubulk" 396
"../../../Engine/Plugins/Animation/ControlRig/Content/Controls/ControlRig_Sphere_1mm.uasset" 397
"../../../Engine/Plugins/Animation/ControlRig/Content/Controls/ControlRig_Sphere_1mm.uexp" 398
"../../../Engine/Plugins/Animation/ControlRig/Content/Controls/ControlRig_RoundedTriangle_solid.ubulk" 399
"../../../Engine/Plugins/Animation/ControlRig/Content/Controls/ControlRig_RoundedTriangle_solid.uasset" 400
"../../../Engine/Plugins/Animation/ControlRig/Content/Controls/ControlRig_RoundedTriangle_solid.uexp" 401
"../../../Engine/Plugins/Animation/ControlRig/Content/Controls/ControlRig_RoundedTriangle_3mm.ubulk" 402
"../../../Engine/Plugins/Animation/ControlRig/Content/Controls/ControlRig_RoundedTriangle_3mm.uasset" 403
"../../../Engine/Plugins/Animation/ControlRig/Content/Controls/ControlRig_RoundedTriangle_3mm.uexp" 404
"../../../Engine/Plugins/Animation/ControlRig/Content/Controls/ControlRig_RoundedTriangle_1mm.ubulk" 405
"../../../Engine/Plugins/Animation/ControlRig/Content/Controls/ControlRig_RoundedTriangle_1mm.uasset" 406
"../../../Engine/Plugins/Animation/ControlRig/Content/Controls/ControlRig_RoundedTriangle_1mm.uexp" 407
"../../../Engine/Plugins/Animation/ControlRig/Content/Controls/ControlRig_RoundedSquare_solid.ubulk" 408
"../../../Engine/Plugins/Animation/ControlRig/Content/Controls/ControlRig_RoundedSquare_solid.uasset" 409
"../../../Engine/Plugins/Animation/ControlRig/Content/Controls/ControlRig_RoundedSquare_solid.uexp" 410
"../../../Engine/Plugins/Animation/ControlRig/Content/Controls/ControlRig_RoundedSquare_3mm.ubulk" 411
"../../../Engine/Plugins/Animation/ControlRig/Content/Controls/ControlRig_RoundedSquare_3mm.uasset" 412
"../../../Engine/Plugins/Animation/ControlRig/Content/Controls/ControlRig_RoundedSquare_3mm.uexp" 413
"../../../Engine/Plugins/Animation/ControlRig/Content/Controls/ControlRig_RoundedSquare_1mm.ubulk" 414
"../../../Engine/Plugins/Animation/ControlRig/Content/Controls/ControlRig_RoundedSquare_1mm.uasset" 415
"../../../Engine/Plugins/Animation/ControlRig/Content/Controls/ControlRig_RoundedSquare_1mm.uexp" 416
"../../../Engine/Plugins/Animation/ControlRig/Content/Controls/ControlRig_QuarterCircle_solid.ubulk" 417
"../../../Engine/Plugins/Animation/ControlRig/Content/Controls/ControlRig_QuarterCircle_solid.uasset" 418
"../../../Engine/Plugins/Animation/ControlRig/Content/Controls/ControlRig_QuarterCircle_solid.uexp" 419
"../../../Engine/Plugins/Animation/ControlRig/Content/Controls/ControlRig_QuarterCircle_3mm.ubulk" 420
"../../../Engine/Plugins/Animation/ControlRig/Content/Controls/ControlRig_QuarterCircle_3mm.uasset" 421
"../../../Engine/Plugins/Animation/ControlRig/Content/Controls/ControlRig_QuarterCircle_3mm.uexp" 422
"../../../Engine/Plugins/Animation/ControlRig/Content/Controls/ControlRig_QuarterCircle_1mm.ubulk" 423
"../../../Engine/Plugins/Animation/ControlRig/Content/Controls/ControlRig_QuarterCircle_1mm.uasset" 424
"../../../Engine/Plugins/Animation/ControlRig/Content/Controls/ControlRig_QuarterCircle_1mm.uexp" 425
"../../../Engine/Plugins/Animation/ControlRig/Content/Controls/ControlRig_Pyramid_solid.ubulk" 426
"../../../Engine/Plugins/Animation/ControlRig/Content/Controls/ControlRig_Pyramid_solid.uasset" 427
"../../../Engine/Plugins/Animation/ControlRig/Content/Controls/ControlRig_Pyramid_solid.uexp" 428
"../../../Engine/Plugins/Animation/ControlRig/Content/Controls/ControlRig_Pyramid_3mm.ubulk" 429
"../../../Engine/Plugins/Animation/ControlRig/Content/Controls/ControlRig_Pyramid_3mm.uasset" 430
"../../../Engine/Plugins/Animation/ControlRig/Content/Controls/ControlRig_Pyramid_3mm.uexp" 431
"../../../Engine/Plugins/Animation/ControlRig/Content/Controls/ControlRig_Pyramid_1mm.ubulk" 432
"../../../Engine/Plugins/Animation/ControlRig/Content/Controls/ControlRig_Pyramid_1mm.uasset" 433
"../../../Engine/Plugins/Animation/ControlRig/Content/Controls/ControlRig_Pyramid_1mm.uexp" 434
"../../../Engine/Plugins/Animation/ControlRig/Content/Controls/ControlRig_Octagon_solid.ubulk" 435
"../../../Engine/Plugins/Animation/ControlRig/Content/Controls/ControlRig_Octagon_solid.uasset" 436
"../../../Engine/Plugins/Animation/ControlRig/Content/Controls/ControlRig_Octagon_solid.uexp" 437
"../../../Engine/Plugins/Animation/ControlRig/Content/Controls/ControlRig_Octagon_3mm.ubulk" 438
"../../../Engine/Plugins/Animation/ControlRig/Content/Controls/ControlRig_Octagon_3mm.uasset" 439
"../../../Engine/Plugins/Animation/ControlRig/Content/Controls/ControlRig_Octagon_3mm.uexp" 440
"../../../Engine/Plugins/Animation/ControlRig/Content/Controls/ControlRig_Octagon_1mm.ubulk" 441
"../../../Engine/Plugins/Animation/ControlRig/Content/Controls/ControlRig_Octagon_1mm.uasset" 442
"../../../Engine/Plugins/Animation/ControlRig/Content/Controls/ControlRig_Octagon_1mm.uexp" 443
"../../../Engine/Plugins/Animation/ControlRig/Content/Controls/ControlRig_Hexagon_solid.ubulk" 444
"../../../Engine/Plugins/Animation/ControlRig/Content/Controls/ControlRig_Hexagon_solid.uasset" 445
"../../../Engine/Plugins/Animation/ControlRig/Content/Controls/ControlRig_Hexagon_solid.uexp" 446
"../../../Engine/Plugins/Animation/ControlRig/Content/Controls/ControlRig_Hexagon_3mm.ubulk" 447
"../../../Engine/Plugins/Animation/ControlRig/Content/Controls/ControlRig_Hexagon_3mm.uasset" 448
"../../../Engine/Plugins/Animation/ControlRig/Content/Controls/ControlRig_Hexagon_3mm.uexp" 449
"../../../Engine/Plugins/Animation/ControlRig/Content/Controls/ControlRig_Hexagon_1mm.ubulk" 450
"../../../Engine/Plugins/Animation/ControlRig/Content/Controls/ControlRig_Hexagon_1mm.uasset" 451
"../../../Engine/Plugins/Animation/ControlRig/Content/Controls/ControlRig_Hexagon_1mm.uexp" 452
"../../../Engine/Plugins/Animation/ControlRig/Content/Controls/ControlRig_HalfCircle_solid.ubulk" 453
"../../../Engine/Plugins/Animation/ControlRig/Content/Controls/ControlRig_HalfCircle_solid.uasset" 454
"../../../Engine/Plugins/Animation/ControlRig/Content/Controls/ControlRig_HalfCircle_solid.uexp" 455
"../../../Engine/Plugins/Animation/ControlRig/Content/Controls/ControlRig_HalfCircle_3mm.ubulk" 456
"../../../Engine/Plugins/Animation/ControlRig/Content/Controls/ControlRig_HalfCircle_3mm.uasset" 457
"../../../Engine/Plugins/Animation/ControlRig/Content/Controls/ControlRig_HalfCircle_3mm.uexp" 458
"../../../Engine/Plugins/Animation/ControlRig/Content/Controls/ControlRig_HalfCircle_1mm.ubulk" 459
"../../../Engine/Plugins/Animation/ControlRig/Content/Controls/ControlRig_HalfCircle_1mm.uasset" 460
"../../../Engine/Plugins/Animation/ControlRig/Content/Controls/ControlRig_HalfCircle_1mm.uexp" 461
"../../../Engine/Plugins/Animation/ControlRig/Content/Controls/ControlRig_Diamond_solid.ubulk" 462
"../../../Engine/Plugins/Animation/ControlRig/Content/Controls/ControlRig_Diamond_solid.uasset" 463
"../../../Engine/Plugins/Animation/ControlRig/Content/Controls/ControlRig_Diamond_solid.uexp" 464
"../../../Engine/Plugins/Animation/ControlRig/Content/Controls/ControlRig_Diamond_3mm.ubulk" 465
"../../../Engine/Plugins/Animation/ControlRig/Content/Controls/ControlRig_Diamond_3mm.uasset" 466
"../../../Engine/Plugins/Animation/ControlRig/Content/Controls/ControlRig_Diamond_3mm.uexp" 467
"../../../Engine/Plugins/Animation/ControlRig/Content/Controls/ControlRig_Diamond_1mm.ubulk" 468
"../../../Engine/Plugins/Animation/ControlRig/Content/Controls/ControlRig_Diamond_1mm.uasset" 469
"../../../Engine/Plugins/Animation/ControlRig/Content/Controls/ControlRig_Diamond_1mm.uexp" 470
"../../../Engine/Plugins/Animation/ControlRig/Content/Controls/ControlRig_Circle_solid.ubulk" 471
"../../../Engine/Plugins/Animation/ControlRig/Content/Controls/ControlRig_Circle_solid.uasset" 472
"../../../Engine/Plugins/Animation/ControlRig/Content/Controls/ControlRig_Circle_solid.uexp" 473
"../../../Engine/Plugins/Animation/ControlRig/Content/Controls/ControlRig_Circle_3mm.ubulk" 474
"../../../Engine/Plugins/Animation/ControlRig/Content/Controls/ControlRig_Circle_3mm.uasset" 475
"../../../Engine/Plugins/Animation/ControlRig/Content/Controls/ControlRig_Circle_3mm.uexp" 476
"../../../Engine/Plugins/Animation/ControlRig/Content/Controls/ControlRig_Circle_1mm.ubulk" 477
"../../../Engine/Plugins/Animation/ControlRig/Content/Controls/ControlRig_Circle_1mm.uasset" 478
"../../../Engine/Plugins/Animation/ControlRig/Content/Controls/ControlRig_Circle_1mm.uexp" 479
"../../../Engine/Plugins/Animation/ControlRig/Content/Controls/ControlRig_Box_solid.ubulk" 480
"../../../Engine/Plugins/Animation/ControlRig/Content/Controls/ControlRig_Box_solid.uasset" 481
"../../../Engine/Plugins/Animation/ControlRig/Content/Controls/ControlRig_Box_solid.uexp" 482
"../../../Engine/Plugins/Animation/ControlRig/Content/Controls/ControlRig_Box_3mm.ubulk" 483
"../../../Engine/Plugins/Animation/ControlRig/Content/Controls/ControlRig_Box_3mm.uasset" 484
"../../../Engine/Plugins/Animation/ControlRig/Content/Controls/ControlRig_Box_3mm.uexp" 485
"../../../Engine/Plugins/Animation/ControlRig/Content/Controls/ControlRig_Box_1mm.ubulk" 486
"../../../Engine/Plugins/Animation/ControlRig/Content/Controls/ControlRig_Box_1mm.uasset" 487
"../../../Engine/Plugins/Animation/ControlRig/Content/Controls/ControlRig_Box_1mm.uexp" 488
"../../../Engine/Plugins/Animation/ControlRig/Content/Controls/ControlRig_Arrow_solid.ubulk" 489
"../../../Engine/Plugins/Animation/ControlRig/Content/Controls/ControlRig_Arrow_solid.uasset" 490
"../../../Engine/Plugins/Animation/ControlRig/Content/Controls/ControlRig_Arrow_solid.uexp" 491
"../../../Engine/Plugins/Animation/ControlRig/Content/Controls/ControlRig_Arrow_3mm.ubulk" 492
"../../../Engine/Plugins/Animation/ControlRig/Content/Controls/ControlRig_Arrow_3mm.uasset" 493
"../../../Engine/Plugins/Animation/ControlRig/Content/Controls/ControlRig_Arrow_3mm.uexp" 494
"../../../Engine/Plugins/Animation/ControlRig/Content/Controls/ControlRig_Arrow_1mm.ubulk" 495
"../../../Engine/Plugins/Animation/ControlRig/Content/Controls/ControlRig_Arrow_1mm.uasset" 496
"../../../Engine/Plugins/Animation/ControlRig/Content/Controls/ControlRig_Arrow_1mm.uexp" 497
"../../../Engine/Plugins/Animation/ControlRig/Content/Controls/ControlRig_Arrow4_solid.ubulk" 498
"../../../Engine/Plugins/Animation/ControlRig/Content/Controls/ControlRig_Arrow4_solid.uasset" 499
"../../../Engine/Plugins/Animation/ControlRig/Content/Controls/ControlRig_Arrow4_solid.uexp" 500
"../../../Engine/Plugins/Animation/ControlRig/Content/Controls/ControlRig_Arrow4_3mm.ubulk" 501
"../../../Engine/Plugins/Animation/ControlRig/Content/Controls/ControlRig_Arrow4_3mm.uasset" 502
"../../../Engine/Plugins/Animation/ControlRig/Content/Controls/ControlRig_Arrow4_3mm.uexp" 503
"../../../Engine/Plugins/Animation/ControlRig/Content/Controls/ControlRig_Arrow4_1mm.ubulk" 504
"../../../Engine/Plugins/Animation/ControlRig/Content/Controls/ControlRig_Arrow4_1mm.uasset" 505
"../../../Engine/Plugins/Animation/ControlRig/Content/Controls/ControlRig_Arrow4_1mm.uexp" 506
"../../../Engine/Plugins/Animation/ControlRig/Content/Controls/ControlRig_Arrow2_solid.ubulk" 507
"../../../Engine/Plugins/Animation/ControlRig/Content/Controls/ControlRig_Arrow2_solid.uasset" 508
"../../../Engine/Plugins/Animation/ControlRig/Content/Controls/ControlRig_Arrow2_solid.uexp" 509
"../../../Engine/Plugins/Animation/ControlRig/Content/Controls/ControlRig_Arrow2_3mm.ubulk" 510
"../../../Engine/Plugins/Animation/ControlRig/Content/Controls/ControlRig_Arrow2_3mm.uasset" 511
"../../../Engine/Plugins/Animation/ControlRig/Content/Controls/ControlRig_Arrow2_3mm.uexp" 512
"../../../Engine/Plugins/Animation/ControlRig/Content/Controls/ControlRig_Arrow2_1mm.ubulk" 513
"../../../Engine/Plugins/Animation/ControlRig/Content/Controls/ControlRig_Arrow2_1mm.uasset" 514
"../../../Engine/Plugins/Animation/ControlRig/Content/Controls/ControlRig_Arrow2_1mm.uexp" 515
"../../../Engine/Plugins/Animation/ControlRig/Content/Controls/ControlRigXRayMaterial.uasset" 516
"../../../Engine/Plugins/Animation/ControlRig/Content/Controls/ControlRigXRayMaterial.uexp" 517
"../../../Engine/Plugins/Animation/ControlRig/Content/Controls/ControlRigGizmoMaterial.uasset" 518
"../../../Engine/Plugins/Animation/ControlRig/Content/Controls/ControlRigGizmoMaterial.uexp" 519
"../../../Engine/Plugins/Editor/SpeedTreeImporter/Content/SpeedTree9/game_wind_noise.ubulk" 520
"../../../Engine/Plugins/Editor/SpeedTreeImporter/Content/SpeedTree9/game_wind_noise.uasset" 521
"../../../Engine/Plugins/Editor/SpeedTreeImporter/Content/SpeedTree9/game_wind_noise.uexp" 522
"../../../Engine/Plugins/Editor/SpeedTreeImporter/Content/SpeedTree9/UnpackDirection.uasset" 523
"../../../Engine/Plugins/Editor/SpeedTreeImporter/Content/SpeedTree9/UnpackDirection.uexp" 524
"../../../Engine/Content/Functions/Engine_MaterialFunctions02/ObjectLocalBounds.uasset" 525
"../../../Engine/Content/Functions/Engine_MaterialFunctions02/ObjectLocalBounds.uexp" 526
"../../../Engine/Content/Functions/Engine_MaterialFunctions02/UVs/BoundingBoxBased_0-1_UVW.uasset" 527
"../../../Engine/Content/Functions/Engine_MaterialFunctions02/UVs/BoundingBoxBased_0-1_UVW.uexp" 528
"../../../Engine/Content/Functions/Engine_MaterialFunctions02/Utility/VectorLength.uasset" 529
"../../../Engine/Content/Functions/Engine_MaterialFunctions02/Utility/VectorLength.uexp" 530
"../../../Engine/Plugins/Editor/SpeedTreeImporter/Content/SpeedTree9/UnpackInteger3.uasset" 531
"../../../Engine/Plugins/Editor/SpeedTreeImporter/Content/SpeedTree9/UnpackInteger3.uexp" 532
"../../../Engine/Plugins/Editor/SpeedTreeImporter/Content/SpeedTree9/SpeedTreeCameraFacing.uasset" 533
"../../../Engine/Plugins/Editor/SpeedTreeImporter/Content/SpeedTree9/SpeedTreeCameraFacing.uexp" 534
"../../../Engine/Content/Functions/Engine_MaterialFunctions02/WorldPositionOffset/ObjectScale.uasset" 535
"../../../Engine/Content/Functions/Engine_MaterialFunctions02/WorldPositionOffset/ObjectScale.uexp" 536
"../../../Engine/Content/Functions/Engine_MaterialFunctions02/SafeNormalize.uasset" 537
"../../../Engine/Content/Functions/Engine_MaterialFunctions02/SafeNormalize.uexp" 538
"../../../Engine/Plugins/Editor/SpeedTreeImporter/Content/SpeedTree9/SpeedTreeWindMotion.uasset" 539
"../../../Engine/Plugins/Editor/SpeedTreeImporter/Content/SpeedTree9/SpeedTreeWindMotion.uexp" 540
"../../../Engine/Plugins/Editor/SpeedTreeImporter/Content/SpeedTree9/SpeedTreeBranchMotion.uasset" 541
"../../../Engine/Plugins/Editor/SpeedTreeImporter/Content/SpeedTree9/SpeedTreeBranchMotion.uexp" 542
"../../../Engine/Plugins/Editor/SpeedTreeImporter/Content/SpeedTree9/SpeedTreeWind.uasset" 543
"../../../Engine/Plugins/Editor/SpeedTreeImporter/Content/SpeedTree9/SpeedTreeWind.uexp" 544
"../../../Engine/Plugins/Editor/SpeedTreeImporter/Content/SpeedTree9/EmptyNormal.uasset" 545
"../../../Engine/Plugins/Editor/SpeedTreeImporter/Content/SpeedTree9/EmptyNormal.uexp" 546
"../../../Engine/Plugins/Editor/SpeedTreeImporter/Content/SpeedTree9/Empty.uasset" 547
"../../../Engine/Plugins/Editor/SpeedTreeImporter/Content/SpeedTree9/Empty.uexp" 548
"../../../Engine/Plugins/Editor/SpeedTreeImporter/Content/SpeedTree9/SpeedTreeMaster.uasset" 549
"../../../Engine/Plugins/Editor/SpeedTreeImporter/Content/SpeedTree9/SpeedTreeMaster.uexp" 550
"../../../Engine/Plugins/Editor/SpeedTreeImporter/Content/SpeedTree9/SpeedTreeBillboard.uasset" 551
"../../../Engine/Plugins/Editor/SpeedTreeImporter/Content/SpeedTree9/SpeedTreeBillboard.uexp" 552
"../../../Engine/Plugins/Editor/SpeedTreeImporter/Content/SpeedTree9/SpeedTreeBillboardMaster.uasset" 553
"../../../Engine/Plugins/Editor/SpeedTreeImporter/Content/SpeedTree9/SpeedTreeBillboardMaster.uexp" 554
"../../../Engine/Content/Functions/Engine_MaterialFunctions02/Texturing/CustomRotator.uasset" 555
"../../../Engine/Content/Functions/Engine_MaterialFunctions02/Texturing/CustomRotator.uexp" 556
"../../../Engine/Content/Functions/Engine_MaterialFunctions02/Texturing/ScreenAlignedPixelToPixelUVs.uasset" 557
"../../../Engine/Content/Functions/Engine_MaterialFunctions02/Texturing/ScreenAlignedPixelToPixelUVs.uexp" 558
"../../../Engine/Plugins/Interchange/Runtime/Content/Utilities/T_Bayer64_Grayscale_64px.uasset" 559
"../../../Engine/Plugins/Interchange/Runtime/Content/Utilities/T_Bayer64_Grayscale_64px.uexp" 560
"../../../Engine/Plugins/Interchange/Runtime/Content/gltf/MaterialFunctions/MF_Temporal_Blur.uasset" 561
"../../../Engine/Plugins/Interchange/Runtime/Content/gltf/MaterialFunctions/MF_Temporal_Blur.uexp" 562
"../../../Engine/Plugins/Interchange/Runtime/Content/gltf/MaterialFunctions/MF_Fresnel_DS.uasset" 563
"../../../Engine/Plugins/Interchange/Runtime/Content/gltf/MaterialFunctions/MF_Fresnel_DS.uexp" 564
"../../../Engine/Plugins/Interchange/Runtime/Content/Functions/MX_Transmission.uasset" 565
"../../../Engine/Plugins/Interchange/Runtime/Content/Functions/MX_Transmission.uexp" 566
"../../../Engine/Plugins/Interchange/Runtime/Content/Functions/MF_OrenNayerView.uasset" 567
"../../../Engine/Plugins/Interchange/Runtime/Content/Functions/MF_OrenNayerView.uexp" 568
"../../../Engine/Plugins/Interchange/Runtime/Content/Functions/MF_SchlickApprox.uasset" 569
"../../../Engine/Plugins/Interchange/Runtime/Content/Functions/MF_SchlickApprox.uexp" 570
"../../../Engine/Plugins/Interchange/Runtime/Content/Utilities/New_LUT.uasset" 571
"../../../Engine/Plugins/Interchange/Runtime/Content/Utilities/New_LUT.uexp" 572
"../../../Engine/Content/Functions/Engine_MaterialFunctions03/Math/RemapValueRange.uasset" 573
"../../../Engine/Content/Functions/Engine_MaterialFunctions03/Math/RemapValueRange.uexp" 574
"../../../Engine/Plugins/Interchange/Runtime/Content/Functions/MF_Iridescence.uasset" 575
"../../../Engine/Plugins/Interchange/Runtime/Content/Functions/MF_Iridescence.uexp" 576
"../../../Engine/Plugins/Interchange/Runtime/Content/Functions/MX_StandardSurface.uasset" 577
"../../../Engine/Plugins/Interchange/Runtime/Content/Functions/MX_StandardSurface.uexp" 578
"../../../Engine/Plugins/Interchange/Runtime/Content/Functions/MX_TransmissionSurface.uasset" 579
"../../../Engine/Plugins/Interchange/Runtime/Content/Functions/MX_TransmissionSurface.uexp" 580
"../../../Engine/Content/Functions/Engine_MaterialFunctions02/Math/AddComponents.uasset" 581
"../../../Engine/Content/Functions/Engine_MaterialFunctions02/Math/AddComponents.uexp" 582
"../../../Engine/Content/Functions/Engine_MaterialFunctions02/WorldPositionOffset/V2/ObjectScale.uasset" 583
"../../../Engine/Content/Functions/Engine_MaterialFunctions02/WorldPositionOffset/V2/ObjectScale.uexp" 584
"../../../Engine/Plugins/Interchange/Runtime/Content/gltf/MaterialFunctions/MF_TransmissionOpacity.uasset" 585
"../../../Engine/Plugins/Interchange/Runtime/Content/gltf/MaterialFunctions/MF_TransmissionOpacity.uexp" 586
"../../../Engine/Plugins/Interchange/Runtime/Content/gltf/MaterialFunctions/MF_RotateV2.uasset" 587
"../../../Engine/Plugins/Interchange/Runtime/Content/gltf/MaterialFunctions/MF_RotateV2.uexp" 588
"../../../Engine/Plugins/Interchange/Runtime/Content/gltf/MaterialFunctions/MF_TransformUVs.uasset" 589
"../../../Engine/Plugins/Interchange/Runtime/Content/gltf/MaterialFunctions/MF_TransformUVs.uexp" 590
"../../../Engine/Plugins/Interchange/Runtime/Content/gltf/Textures/T_White_srgb.uasset" 591
"../../../Engine/Plugins/Interchange/Runtime/Content/gltf/Textures/T_White_srgb.uexp" 592
"../../../Engine/Plugins/Interchange/Runtime/Content/gltf/MaterialFunctions/MF_BaseColor.uasset" 593
"../../../Engine/Plugins/Interchange/Runtime/Content/gltf/MaterialFunctions/MF_BaseColor.uexp" 594
"../../../Engine/Plugins/Interchange/Runtime/Content/gltf/MaterialFunctions/MF_DiffuseSpecGloss.uasset" 595
"../../../Engine/Plugins/Interchange/Runtime/Content/gltf/MaterialFunctions/MF_DiffuseSpecGloss.uexp" 596
"../../../Engine/Plugins/Interchange/Runtime/Content/gltf/Textures/T_White_Linear.uasset" 597
"../../../Engine/Plugins/Interchange/Runtime/Content/gltf/Textures/T_White_Linear.uexp" 598
"../../../Engine/Plugins/Interchange/Runtime/Content/gltf/MaterialFunctions/MF_MetallicRoughness.uasset" 599
"../../../Engine/Plugins/Interchange/Runtime/Content/gltf/MaterialFunctions/MF_MetallicRoughness.uexp" 600
"../../../Engine/Plugins/Interchange/Runtime/Content/gltf/MaterialFunctions/MF_Transmission.uasset" 601
"../../../Engine/Plugins/Interchange/Runtime/Content/gltf/MaterialFunctions/MF_Transmission.uexp" 602
"../../../Engine/Plugins/Interchange/Runtime/Content/gltf/MaterialFunctions/MF_Occlusion.uasset" 603
"../../../Engine/Plugins/Interchange/Runtime/Content/gltf/MaterialFunctions/MF_Occlusion.uexp" 604
"../../../Engine/Plugins/Interchange/Runtime/Content/gltf/MaterialFunctions/MF_Specular.uasset" 605
"../../../Engine/Plugins/Interchange/Runtime/Content/gltf/MaterialFunctions/MF_Specular.uexp" 606
"../../../Engine/Plugins/Interchange/Runtime/Content/gltf/MaterialFunctions/MF_IOR.uasset" 607
"../../../Engine/Plugins/Interchange/Runtime/Content/gltf/MaterialFunctions/MF_IOR.uexp" 608
"../../../Engine/Content/Functions/Engine_MaterialFunctions01/Texturing/FlattenNormal.uasset" 609
"../../../Engine/Content/Functions/Engine_MaterialFunctions01/Texturing/FlattenNormal.uexp" 610
"../../../Engine/Content/Functions/Engine_MaterialFunctions02/Math/Transform3x3Matrix.uasset" 611
"../../../Engine/Content/Functions/Engine_MaterialFunctions02/Math/Transform3x3Matrix.uexp" 612
"../../../Engine/Plugins/Interchange/Runtime/Content/gltf/MaterialFunctions/MF_RotateNormals_TS.uasset" 613
"../../../Engine/Plugins/Interchange/Runtime/Content/gltf/MaterialFunctions/MF_RotateNormals_TS.uexp" 614
"../../../Engine/Plugins/Interchange/Runtime/Content/gltf/Textures/T_Generic_N.uasset" 615
"../../../Engine/Plugins/Interchange/Runtime/Content/gltf/Textures/T_Generic_N.uexp" 616
"../../../Engine/Plugins/Interchange/Runtime/Content/gltf/MaterialFunctions/MF_Normals.uasset" 617
"../../../Engine/Plugins/Interchange/Runtime/Content/gltf/MaterialFunctions/MF_Normals.uexp" 618
"../../../Engine/Plugins/Interchange/Runtime/Content/gltf/MaterialFunctions/MF_PerceivedBrightness.uasset" 619
"../../../Engine/Plugins/Interchange/Runtime/Content/gltf/MaterialFunctions/MF_PerceivedBrightness.uexp" 620
"../../../Engine/Plugins/Interchange/Runtime/Content/gltf/MaterialFunctions/MF_SpecGlossToMetalRoughness.uasset" 621
"../../../Engine/Plugins/Interchange/Runtime/Content/gltf/MaterialFunctions/MF_SpecGlossToMetalRoughness.uexp" 622
"../../../Engine/Plugins/Interchange/Runtime/Content/gltf/M_Transmission.uasset" 623
"../../../Engine/Plugins/Interchange/Runtime/Content/gltf/M_Transmission.uexp" 624
"../../../Engine/Plugins/Interchange/Runtime/Content/gltf/MaterialInstances_MR/MI_Transmission_TS.uasset" 625
"../../../Engine/Plugins/Interchange/Runtime/Content/gltf/MaterialInstances_MR/MI_Transmission_TS.uexp" 626
"../../../Engine/Plugins/Interchange/Runtime/Content/gltf/MaterialInstances_MR/MI_Transmission.uasset" 627
"../../../Engine/Plugins/Interchange/Runtime/Content/gltf/MaterialInstances_MR/MI_Transmission.uexp" 628
"../../../Engine/Plugins/Interchange/Runtime/Content/gltf/MaterialFunctions/MF_Clearcoat.uasset" 629
"../../../Engine/Plugins/Interchange/Runtime/Content/gltf/MaterialFunctions/MF_Clearcoat.uexp" 630
"../../../Engine/Plugins/Interchange/Runtime/Content/gltf/MaterialFunctions/MF_Emissive.uasset" 631
"../../../Engine/Plugins/Interchange/Runtime/Content/gltf/MaterialFunctions/MF_Emissive.uexp" 632
"../../../Engine/Plugins/Interchange/Runtime/Content/gltf/M_Translucent.uasset" 633
"../../../Engine/Plugins/Interchange/Runtime/Content/gltf/M_Translucent.uexp" 634
"../../../Engine/Plugins/Interchange/Runtime/Content/gltf/MaterialInstances_MR/MI_Translucent_TS.uasset" 635
"../../../Engine/Plugins/Interchange/Runtime/Content/gltf/MaterialInstances_MR/MI_Translucent_TS.uexp" 636
"../../../Engine/Plugins/Interchange/Runtime/Content/gltf/MaterialInstances_MR/MI_Translucent_ClearCoat_TS.uasset" 637
"../../../Engine/Plugins/Interchange/Runtime/Content/gltf/MaterialInstances_MR/MI_Translucent_ClearCoat_TS.uexp" 638
"../../../Engine/Plugins/Interchange/Runtime/Content/gltf/MaterialInstances_MR/MI_Translucent_ClearCoat.uasset" 639
"../../../Engine/Plugins/Interchange/Runtime/Content/gltf/MaterialInstances_MR/MI_Translucent_ClearCoat.uexp" 640
"../../../Engine/Plugins/Interchange/Runtime/Content/gltf/MaterialInstances_MR/MI_Translucent.uasset" 641
"../../../Engine/Plugins/Interchange/Runtime/Content/gltf/MaterialInstances_MR/MI_Translucent.uexp" 642
"../../../Engine/Plugins/Interchange/Runtime/Content/gltf/M_Unlit.uasset" 643
"../../../Engine/Plugins/Interchange/Runtime/Content/gltf/M_Unlit.uexp" 644
"../../../Engine/Plugins/Interchange/Runtime/Content/gltf/MaterialInstances_MR/MI_Opaque_Unlit_TS.uasset" 645
"../../../Engine/Plugins/Interchange/Runtime/Content/gltf/MaterialInstances_MR/MI_Opaque_Unlit_TS.uexp" 646
"../../../Engine/Plugins/Interchange/Runtime/Content/gltf/MaterialInstances_MR/MI_Opaque_Unlit.uasset" 647
"../../../Engine/Plugins/Interchange/Runtime/Content/gltf/MaterialInstances_MR/MI_Opaque_Unlit.uexp" 648
"../../../Engine/Plugins/Interchange/Runtime/Content/gltf/M_Opaque.uasset" 649
"../../../Engine/Plugins/Interchange/Runtime/Content/gltf/M_Opaque.uexp" 650
"../../../Engine/Plugins/Interchange/Runtime/Content/gltf/MaterialInstances_MR/MI_Opaque_TS.uasset" 651
"../../../Engine/Plugins/Interchange/Runtime/Content/gltf/MaterialInstances_MR/MI_Opaque_TS.uexp" 652
"../../../Engine/Plugins/Interchange/Runtime/Content/gltf/MaterialFunctions/MF_Sheen.uasset" 653
"../../../Engine/Plugins/Interchange/Runtime/Content/gltf/MaterialFunctions/MF_Sheen.uexp" 654
"../../../Engine/Content/Functions/Engine_MaterialFunctions01/Shading/FuzzyShading.uasset" 655
"../../../Engine/Content/Functions/Engine_MaterialFunctions01/Shading/FuzzyShading.uexp" 656
"../../../Engine/Plugins/Interchange/Runtime/Content/gltf/M_Sheen.uasset" 657
"../../../Engine/Plugins/Interchange/Runtime/Content/gltf/M_Sheen.uexp" 658
"../../../Engine/Plugins/Interchange/Runtime/Content/gltf/MaterialInstances_MR/MI_Opaque_Sheen_TS.uasset" 659
"../../../Engine/Plugins/Interchange/Runtime/Content/gltf/MaterialInstances_MR/MI_Opaque_Sheen_TS.uexp" 660
"../../../Engine/Plugins/Interchange/Runtime/Content/gltf/MaterialInstances_MR/MI_Opaque_Sheen.uasset" 661
"../../../Engine/Plugins/Interchange/Runtime/Content/gltf/MaterialInstances_MR/MI_Opaque_Sheen.uexp" 662
"../../../Engine/Plugins/Interchange/Runtime/Content/gltf/MaterialInstances_MR/MI_Opaque_ClearCoat_TS.uasset" 663
"../../../Engine/Plugins/Interchange/Runtime/Content/gltf/MaterialInstances_MR/MI_Opaque_ClearCoat_TS.uexp" 664
"../../../Engine/Plugins/Interchange/Runtime/Content/gltf/MaterialInstances_MR/MI_Opaque_ClearCoat.uasset" 665
"../../../Engine/Plugins/Interchange/Runtime/Content/gltf/MaterialInstances_MR/MI_Opaque_ClearCoat.uexp" 666
"../../../Engine/Plugins/Interchange/Runtime/Content/gltf/MaterialInstances_MR/MI_Opaque.uasset" 667
"../../../Engine/Plugins/Interchange/Runtime/Content/gltf/MaterialInstances_MR/MI_Opaque.uexp" 668
"../../../Engine/Plugins/Interchange/Runtime/Content/gltf/MaterialInstances_SG/MI_Transmission_TS.uasset" 669
"../../../Engine/Plugins/Interchange/Runtime/Content/gltf/MaterialInstances_SG/MI_Transmission_TS.uexp" 670
"../../../Engine/Plugins/Interchange/Runtime/Content/gltf/MaterialInstances_SG/MI_Transmission.uasset" 671
"../../../Engine/Plugins/Interchange/Runtime/Content/gltf/MaterialInstances_SG/MI_Transmission.uexp" 672
"../../../Engine/Plugins/Interchange/Runtime/Content/gltf/MaterialInstances_SG/MI_Translucent_TS.uasset" 673
"../../../Engine/Plugins/Interchange/Runtime/Content/gltf/MaterialInstances_SG/MI_Translucent_TS.uexp" 674
"../../../Engine/Plugins/Interchange/Runtime/Content/gltf/MaterialInstances_SG/MI_Translucent_ClearCoat_TS.uasset" 675
"../../../Engine/Plugins/Interchange/Runtime/Content/gltf/MaterialInstances_SG/MI_Translucent_ClearCoat_TS.uexp" 676
"../../../Engine/Plugins/Interchange/Runtime/Content/gltf/MaterialInstances_SG/MI_Translucent_ClearCoat.uasset" 677
"../../../Engine/Plugins/Interchange/Runtime/Content/gltf/MaterialInstances_SG/MI_Translucent_ClearCoat.uexp" 678
"../../../Engine/Plugins/Interchange/Runtime/Content/gltf/MaterialInstances_SG/MI_Translucent.uasset" 679
"../../../Engine/Plugins/Interchange/Runtime/Content/gltf/MaterialInstances_SG/MI_Translucent.uexp" 680
"../../../Engine/Plugins/Interchange/Runtime/Content/gltf/MaterialInstances_SG/MI_Opaque_TS.uasset" 681
"../../../Engine/Plugins/Interchange/Runtime/Content/gltf/MaterialInstances_SG/MI_Opaque_TS.uexp" 682
"../../../Engine/Plugins/Interchange/Runtime/Content/gltf/MaterialInstances_SG/MI_Opaque_Sheen_TS.uasset" 683
"../../../Engine/Plugins/Interchange/Runtime/Content/gltf/MaterialInstances_SG/MI_Opaque_Sheen_TS.uexp" 684
"../../../Engine/Plugins/Interchange/Runtime/Content/gltf/MaterialInstances_SG/MI_Opaque_Sheen.uasset" 685
"../../../Engine/Plugins/Interchange/Runtime/Content/gltf/MaterialInstances_SG/MI_Opaque_Sheen.uexp" 686
"../../../Engine/Plugins/Interchange/Runtime/Content/gltf/MaterialInstances_SG/MI_Opaque_ClearCoat_TS.uasset" 687
"../../../Engine/Plugins/Interchange/Runtime/Content/gltf/MaterialInstances_SG/MI_Opaque_ClearCoat_TS.uexp" 688
"../../../Engine/Plugins/Interchange/Runtime/Content/gltf/MaterialInstances_SG/MI_Opaque_ClearCoat.uasset" 689
"../../../Engine/Plugins/Interchange/Runtime/Content/gltf/MaterialInstances_SG/MI_Opaque_ClearCoat.uexp" 690
"../../../Engine/Plugins/Interchange/Runtime/Content/gltf/MaterialInstances_SG/MI_Opaque.uasset" 691
"../../../Engine/Plugins/Interchange/Runtime/Content/gltf/MaterialInstances_SG/MI_Opaque.uexp" 692
"../../../Engine/Plugins/Interchange/Runtime/Content/gltf/Textures/T_Gray_Linear.uasset" 693
"../../../Engine/Plugins/Interchange/Runtime/Content/gltf/Textures/T_Gray_Linear.uexp" 694
"../../../Engine/Plugins/Interchange/Runtime/Content/gltf/Textures/T_Black_srgb.uasset" 695
"../../../Engine/Plugins/Interchange/Runtime/Content/gltf/Textures/T_Black_srgb.uexp" 696
"../../../Engine/Plugins/Interchange/Runtime/Content/Materials/UnlitMaterial.uasset" 697
"../../../Engine/Plugins/Interchange/Runtime/Content/Materials/UnlitMaterial.uexp" 698
"../../../Engine/Content/EngineMaterials/DefaultNormal.ubulk" 699
"../../../Engine/Content/EngineMaterials/DefaultNormal.uasset" 700
"../../../Engine/Content/EngineMaterials/DefaultNormal.uexp" 701
"../../../Engine/Plugins/Interchange/Runtime/Content/Materials/MapOrScalarFunction.uasset" 702
"../../../Engine/Plugins/Interchange/Runtime/Content/Materials/MapOrScalarFunction.uexp" 703
"../../../Engine/Plugins/Interchange/Runtime/Content/Materials/MapOrLinearColorFunction.uasset" 704
"../../../Engine/Plugins/Interchange/Runtime/Content/Materials/MapOrLinearColorFunction.uexp" 705
"../../../Engine/Plugins/Interchange/Runtime/Content/Materials/MapOrColorFunction.uasset" 706
"../../../Engine/Plugins/Interchange/Runtime/Content/Materials/MapOrColorFunction.uexp" 707
"../../../Engine/Plugins/Interchange/Runtime/Content/Materials/CommonMaterial.uasset" 708
"../../../Engine/Plugins/Interchange/Runtime/Content/Materials/CommonMaterial.uexp" 709
"../../../Engine/Plugins/Interchange/Runtime/Content/Materials/PBRSurfaceFunction.uasset" 710
"../../../Engine/Plugins/Interchange/Runtime/Content/Materials/PBRSurfaceFunction.uexp" 711
"../../../Engine/Plugins/Interchange/Runtime/Content/Materials/ThinTranslucentMaterial.uasset" 712
"../../../Engine/Plugins/Interchange/Runtime/Content/Materials/ThinTranslucentMaterial.uexp" 713
"../../../Engine/Plugins/Interchange/Runtime/Content/Materials/SubsurfaceMaterial.uasset" 714
"../../../Engine/Plugins/Interchange/Runtime/Content/Materials/SubsurfaceMaterial.uexp" 715
"../../../Engine/Plugins/Interchange/Runtime/Content/Materials/SheenMaterial.uasset" 716
"../../../Engine/Plugins/Interchange/Runtime/Content/Materials/SheenMaterial.uexp" 717
"../../../Engine/Content/Functions/Engine_MaterialFunctions01/Shading/ConvertFromDiffSpec.uasset" 718
"../../../Engine/Content/Functions/Engine_MaterialFunctions01/Shading/ConvertFromDiffSpec.uexp" 719
"../../../Engine/Plugins/Interchange/Runtime/Content/Materials/PhongSurfaceMaterial.uasset" 720
"../../../Engine/Plugins/Interchange/Runtime/Content/Materials/PhongSurfaceMaterial.uexp" 721
"../../../Engine/Plugins/Interchange/Runtime/Content/Materials/PBRSurfaceMaterial.uasset" 722
"../../../Engine/Plugins/Interchange/Runtime/Content/Materials/PBRSurfaceMaterial.uexp" 723
"../../../Engine/Content/EngineMaterials/FlatNormal.uasset" 724
"../../../Engine/Content/EngineMaterials/FlatNormal.uexp" 725
"../../../Engine/Content/EditorLandscapeResources/WhiteSquareTexture.uasset" 726
"../../../Engine/Content/EditorLandscapeResources/WhiteSquareTexture.uexp" 727
"../../../Engine/Plugins/Interchange/Runtime/Content/Materials/OrenNayerMaterial.uasset" 728
"../../../Engine/Plugins/Interchange/Runtime/Content/Materials/OrenNayerMaterial.uexp" 729
"../../../Engine/Plugins/Interchange/Runtime/Content/Materials/LambertSurfaceMaterial.uasset" 730
"../../../Engine/Plugins/Interchange/Runtime/Content/Materials/LambertSurfaceMaterial.uexp" 731
"../../../Engine/Plugins/Interchange/Runtime/Content/Materials/ClearCoatMaterial.uasset" 732
"../../../Engine/Plugins/Interchange/Runtime/Content/Materials/ClearCoatMaterial.uexp" 733
"../../../Engine/Plugins/Interchange/Runtime/Content/Pipelines/DefaultTexturePipeline.uasset" 734
"../../../Engine/Plugins/Interchange/Runtime/Content/Pipelines/DefaultTexturePipeline.uexp" 735
"../../../Engine/Plugins/Interchange/Runtime/Content/Pipelines/DefaultSceneLevelPipeline.uasset" 736
"../../../Engine/Plugins/Interchange/Runtime/Content/Pipelines/DefaultSceneLevelPipeline.uexp" 737
"../../../Engine/Plugins/Interchange/Runtime/Content/Pipelines/DefaultSceneAssetsPipeline.uasset" 738
"../../../Engine/Plugins/Interchange/Runtime/Content/Pipelines/DefaultSceneAssetsPipeline.uexp" 739
"../../../Engine/Plugins/Interchange/Runtime/Content/Pipelines/DefaultMaterialPipeline.uasset" 740
"../../../Engine/Plugins/Interchange/Runtime/Content/Pipelines/DefaultMaterialPipeline.uexp" 741
"../../../Engine/Plugins/Interchange/Runtime/Content/Pipelines/DefaultAssetsPipeline.uasset" 742
"../../../Engine/Plugins/Interchange/Runtime/Content/Pipelines/DefaultAssetsPipeline.uexp" 743
"../../../Engine/Content/Maps/Entry_BuiltData.uasset" 744
"../../../Engine/Content/Maps/Entry_BuiltData.uexp" 745
"../../../Engine/Content/Maps/Entry.uexp" 746
"../../../Engine/Content/Maps/Entry.umap" 747
"C:/Users/Xen/Documents/Unreal Projects/ProjectHomunculus/Content/Blueprints/CameraActor_Custom.uasset" 748
"C:/Users/Xen/Documents/Unreal Projects/ProjectHomunculus/Content/Blueprints/CameraActor_Custom.uexp" 749
"C:/Users/Xen/Documents/Unreal Projects/ProjectHomunculus/Content/Blueprints/Player/PlayerController_0.uasset" 750
"C:/Users/Xen/Documents/Unreal Projects/ProjectHomunculus/Content/Blueprints/Player/PlayerController_0.uexp" 751
"C:/Users/Xen/Documents/Unreal Projects/ProjectHomunculus/Content/Assets/NormalActorTexture/bullet3.ubulk" 752
"C:/Users/Xen/Documents/Unreal Projects/ProjectHomunculus/Content/Assets/NormalActorTexture/bullet3.uasset" 753
"C:/Users/Xen/Documents/Unreal Projects/ProjectHomunculus/Content/Assets/NormalActorTexture/bullet3.uexp" 754
"C:/Users/Xen/Documents/Unreal Projects/ProjectHomunculus/Content/Assets/NormalActorTexture/bullet3_Explosion.uasset" 755
"C:/Users/Xen/Documents/Unreal Projects/ProjectHomunculus/Content/Assets/NormalActorTexture/bullet3_Explosion.uexp" 756
"C:/Users/Xen/Documents/Unreal Projects/ProjectHomunculus/Content/Assets/ActorFlipbook/bullet_Explosion.uasset" 757
"C:/Users/Xen/Documents/Unreal Projects/ProjectHomunculus/Content/Assets/ActorFlipbook/bullet_Explosion.uexp" 758
"C:/Users/Xen/Documents/Unreal Projects/ProjectHomunculus/Content/Blueprints/Enemy/EnemyBulletExplosion.uasset" 759
"C:/Users/Xen/Documents/Unreal Projects/ProjectHomunculus/Content/Blueprints/Enemy/EnemyBulletExplosion.uexp" 760
"../../../Engine/Content/EditorBlueprintResources/StandardMacros.uasset" 761
"../../../Engine/Content/EditorBlueprintResources/StandardMacros.uexp" 762
"C:/Users/Xen/Documents/Unreal Projects/ProjectHomunculus/Content/Assets/NormalActorTexture/bullet3_Target.uasset" 763
"C:/Users/Xen/Documents/Unreal Projects/ProjectHomunculus/Content/Assets/NormalActorTexture/bullet3_Target.uexp" 764
"C:/Users/Xen/Documents/Unreal Projects/ProjectHomunculus/Content/Assets/ActorFlipbook/bullet_Target.uasset" 765
"C:/Users/Xen/Documents/Unreal Projects/ProjectHomunculus/Content/Assets/ActorFlipbook/bullet_Target.uexp" 766
"C:/Users/Xen/Documents/Unreal Projects/ProjectHomunculus/Content/Assets/NormalActorTexture/bullet3_Flying.uasset" 767
"C:/Users/Xen/Documents/Unreal Projects/ProjectHomunculus/Content/Assets/NormalActorTexture/bullet3_Flying.uexp" 768
"C:/Users/Xen/Documents/Unreal Projects/ProjectHomunculus/Content/Assets/ActorFlipbook/bullet_Flying.uasset" 769
"C:/Users/Xen/Documents/Unreal Projects/ProjectHomunculus/Content/Assets/ActorFlipbook/bullet_Flying.uexp" 770
"C:/Users/Xen/Documents/Unreal Projects/ProjectHomunculus/Content/Blueprints/Enemy/EnemyBullet_Triangle.uasset" 771
"C:/Users/Xen/Documents/Unreal Projects/ProjectHomunculus/Content/Blueprints/Enemy/EnemyBullet_Triangle.uexp" 772
"C:/Users/Xen/Documents/Unreal Projects/ProjectHomunculus/Content/Blueprints/Player/PlayerBlueprint_Character2.uasset" 773
"C:/Users/Xen/Documents/Unreal Projects/ProjectHomunculus/Content/Blueprints/Player/PlayerBlueprint_Character2.uexp" 774
"C:/Users/Xen/Documents/Unreal Projects/ProjectHomunculus/Content/Blueprints/Player/PlayerBlueprint_Character1.uasset" 775
"C:/Users/Xen/Documents/Unreal Projects/ProjectHomunculus/Content/Blueprints/Player/PlayerBlueprint_Character1.uexp" 776
"C:/Users/Xen/Documents/Unreal Projects/ProjectHomunculus/Content/Assets/NormalActorTexture/Electric_Field.uasset" 777
"C:/Users/Xen/Documents/Unreal Projects/ProjectHomunculus/Content/Assets/NormalActorTexture/Electric_Field.uexp" 778
"C:/Users/Xen/Documents/Unreal Projects/ProjectHomunculus/Content/Assets/NormalActorTexture/Electric_Field_Sprite.uasset" 779
"C:/Users/Xen/Documents/Unreal Projects/ProjectHomunculus/Content/Assets/NormalActorTexture/Electric_Field_Sprite.uexp" 780
"C:/Users/Xen/Documents/Unreal Projects/ProjectHomunculus/Content/Assets/ActorFlipbook/Electric_FieldFlipbook.uasset" 781
"C:/Users/Xen/Documents/Unreal Projects/ProjectHomunculus/Content/Assets/ActorFlipbook/Electric_FieldFlipbook.uexp" 782
"C:/Users/Xen/Documents/Unreal Projects/ProjectHomunculus/Content/Blueprints/Player/PlayerShotField.uasset" 783
"C:/Users/Xen/Documents/Unreal Projects/ProjectHomunculus/Content/Blueprints/Player/PlayerShotField.uexp" 784
"C:/Users/Xen/Documents/Unreal Projects/ProjectHomunculus/Content/Assets/PawnTexture/Player.uasset" 785
"C:/Users/Xen/Documents/Unreal Projects/ProjectHomunculus/Content/Assets/PawnTexture/Player.uexp" 786
"C:/Users/Xen/Documents/Unreal Projects/ProjectHomunculus/Content/Assets/Sprite/Player_Sprite_1_Right.uasset" 787
"C:/Users/Xen/Documents/Unreal Projects/ProjectHomunculus/Content/Assets/Sprite/Player_Sprite_1_Right.uexp" 788
"C:/Users/Xen/Documents/Unreal Projects/ProjectHomunculus/Content/Assets/Sprite/Player_Sprite_0_Right.uasset" 789
"C:/Users/Xen/Documents/Unreal Projects/ProjectHomunculus/Content/Assets/Sprite/Player_Sprite_0_Right.uexp" 790
"C:/Users/Xen/Documents/Unreal Projects/ProjectHomunculus/Content/Assets/PawnFlipbook/PlayerFlipbook_Right.uasset" 791
"C:/Users/Xen/Documents/Unreal Projects/ProjectHomunculus/Content/Assets/PawnFlipbook/PlayerFlipbook_Right.uexp" 792
"C:/Users/Xen/Documents/Unreal Projects/ProjectHomunculus/Content/Assets/Sprite/Player_Sprite_0.uasset" 793
"C:/Users/Xen/Documents/Unreal Projects/ProjectHomunculus/Content/Assets/Sprite/Player_Sprite_0.uexp" 794
"C:/Users/Xen/Documents/Unreal Projects/ProjectHomunculus/Content/Assets/Sprite/Player_Sprite_1.uasset" 795
"C:/Users/Xen/Documents/Unreal Projects/ProjectHomunculus/Content/Assets/Sprite/Player_Sprite_1.uexp" 796
"C:/Users/Xen/Documents/Unreal Projects/ProjectHomunculus/Content/Assets/PawnFlipbook/PlayerFlipbook_Normal.uasset" 797
"C:/Users/Xen/Documents/Unreal Projects/ProjectHomunculus/Content/Assets/PawnFlipbook/PlayerFlipbook_Normal.uexp" 798
"C:/Users/Xen/Documents/Unreal Projects/ProjectHomunculus/Content/Assets/Sprite/Player_Sprite_1_Left.uasset" 799
"C:/Users/Xen/Documents/Unreal Projects/ProjectHomunculus/Content/Assets/Sprite/Player_Sprite_1_Left.uexp" 800
"C:/Users/Xen/Documents/Unreal Projects/ProjectHomunculus/Content/Assets/Sprite/Player_Sprite_0_Left.uasset" 801
"C:/Users/Xen/Documents/Unreal Projects/ProjectHomunculus/Content/Assets/Sprite/Player_Sprite_0_Left.uexp" 802
"C:/Users/Xen/Documents/Unreal Projects/ProjectHomunculus/Content/Assets/PawnFlipbook/PlayerFlipbook_Left.uasset" 803
"C:/Users/Xen/Documents/Unreal Projects/ProjectHomunculus/Content/Assets/PawnFlipbook/PlayerFlipbook_Left.uexp" 804
"C:/Users/Xen/Documents/Unreal Projects/ProjectHomunculus/Content/Blueprints/PauseMenu.uasset" 805
"C:/Users/Xen/Documents/Unreal Projects/ProjectHomunculus/Content/Blueprints/PauseMenu.uexp" 806
"C:/Users/Xen/Documents/Unreal Projects/ProjectHomunculus/Content/Assets/Music/Explode.ubulk" 807
"C:/Users/Xen/Documents/Unreal Projects/ProjectHomunculus/Content/Assets/Music/Explode.uasset" 808
"C:/Users/Xen/Documents/Unreal Projects/ProjectHomunculus/Content/Assets/Music/Explode.uexp" 809
"C:/Users/Xen/Documents/Unreal Projects/ProjectHomunculus/Content/Assets/Music/Shoot.ubulk" 810
"C:/Users/Xen/Documents/Unreal Projects/ProjectHomunculus/Content/Assets/Music/Shoot.uasset" 811
"C:/Users/Xen/Documents/Unreal Projects/ProjectHomunculus/Content/Assets/Music/Shoot.uexp" 812
"C:/Users/Xen/Documents/Unreal Projects/ProjectHomunculus/Content/Assets/PawnTexture/Explosion.ubulk" 813
"C:/Users/Xen/Documents/Unreal Projects/ProjectHomunculus/Content/Assets/PawnTexture/Explosion.uasset" 814
"C:/Users/Xen/Documents/Unreal Projects/ProjectHomunculus/Content/Assets/PawnTexture/Explosion.uexp" 815
"C:/Users/Xen/Documents/Unreal Projects/ProjectHomunculus/Content/Assets/Sprite/Explosion_Sprite_0.uasset" 816
"C:/Users/Xen/Documents/Unreal Projects/ProjectHomunculus/Content/Assets/Sprite/Explosion_Sprite_0.uexp" 817
"C:/Users/Xen/Documents/Unreal Projects/ProjectHomunculus/Content/Assets/Sprite/Explosion_Sprite_1.uasset" 818
"C:/Users/Xen/Documents/Unreal Projects/ProjectHomunculus/Content/Assets/Sprite/Explosion_Sprite_1.uexp" 819
"C:/Users/Xen/Documents/Unreal Projects/ProjectHomunculus/Content/Assets/Sprite/Explosion_Sprite_2.uasset" 820
"C:/Users/Xen/Documents/Unreal Projects/ProjectHomunculus/Content/Assets/Sprite/Explosion_Sprite_2.uexp" 821
"C:/Users/Xen/Documents/Unreal Projects/ProjectHomunculus/Content/Assets/Sprite/Explosion_Sprite_3.uasset" 822
"C:/Users/Xen/Documents/Unreal Projects/ProjectHomunculus/Content/Assets/Sprite/Explosion_Sprite_3.uexp" 823
"C:/Users/Xen/Documents/Unreal Projects/ProjectHomunculus/Content/Assets/Sprite/Explosion_Sprite_4.uasset" 824
"C:/Users/Xen/Documents/Unreal Projects/ProjectHomunculus/Content/Assets/Sprite/Explosion_Sprite_4.uexp" 825
"C:/Users/Xen/Documents/Unreal Projects/ProjectHomunculus/Content/Assets/Sprite/Explosion_Sprite_5.uasset" 826
"C:/Users/Xen/Documents/Unreal Projects/ProjectHomunculus/Content/Assets/Sprite/Explosion_Sprite_5.uexp" 827
"C:/Users/Xen/Documents/Unreal Projects/ProjectHomunculus/Content/Assets/Sprite/Explosion_Sprite_6.uasset" 828
"C:/Users/Xen/Documents/Unreal Projects/ProjectHomunculus/Content/Assets/Sprite/Explosion_Sprite_6.uexp" 829
"C:/Users/Xen/Documents/Unreal Projects/ProjectHomunculus/Content/Assets/Sprite/Explosion_Sprite_7.uasset" 830
"C:/Users/Xen/Documents/Unreal Projects/ProjectHomunculus/Content/Assets/Sprite/Explosion_Sprite_7.uexp" 831
"C:/Users/Xen/Documents/Unreal Projects/ProjectHomunculus/Content/Assets/ActorFlipbook/Explosion.uasset" 832
"C:/Users/Xen/Documents/Unreal Projects/ProjectHomunculus/Content/Assets/ActorFlipbook/Explosion.uexp" 833
"C:/Users/Xen/Documents/Unreal Projects/ProjectHomunculus/Content/Assets/PawnTexture/fighter1.uasset" 834
"C:/Users/Xen/Documents/Unreal Projects/ProjectHomunculus/Content/Assets/PawnTexture/fighter1.uexp" 835
"C:/Users/Xen/Documents/Unreal Projects/ProjectHomunculus/Content/Assets/Sprite/fighter1_Sprite.uasset" 836
"C:/Users/Xen/Documents/Unreal Projects/ProjectHomunculus/Content/Assets/Sprite/fighter1_Sprite.uexp" 837
"C:/Users/Xen/Documents/Unreal Projects/ProjectHomunculus/Content/Assets/PawnFlipbook/Enemyfighter_Flipbook.uasset" 838
"C:/Users/Xen/Documents/Unreal Projects/ProjectHomunculus/Content/Assets/PawnFlipbook/Enemyfighter_Flipbook.uexp" 839
"C:/Users/Xen/Documents/Unreal Projects/ProjectHomunculus/Content/Blueprints/Player/Explode.uasset" 840
"C:/Users/Xen/Documents/Unreal Projects/ProjectHomunculus/Content/Blueprints/Player/Explode.uexp" 841
"C:/Users/Xen/Documents/Unreal Projects/ProjectHomunculus/Content/Blueprints/Enemy/EnemyBase.uasset" 842
"C:/Users/Xen/Documents/Unreal Projects/ProjectHomunculus/Content/Blueprints/Enemy/EnemyBase.uexp" 843
"C:/Users/Xen/Documents/Unreal Projects/ProjectHomunculus/Content/Assets/Music/BGM-field.ubulk" 844
"C:/Users/Xen/Documents/Unreal Projects/ProjectHomunculus/Content/Assets/Music/BGM-field.uasset" 845
"C:/Users/Xen/Documents/Unreal Projects/ProjectHomunculus/Content/Assets/Music/BGM-field.uexp" 846
"C:/Users/Xen/Documents/Unreal Projects/ProjectHomunculus/Content/Assets/PressStart2P-Regular.uexp" 847
"C:/Users/Xen/Documents/Unreal Projects/ProjectHomunculus/Content/Assets/PressStart2P-Regular.uasset" 848
"C:/Users/Xen/Documents/Unreal Projects/ProjectHomunculus/Content/Assets/PressStart2P-Regular.ufont" 849
"C:/Users/Xen/Documents/Unreal Projects/ProjectHomunculus/Content/Assets/PressStart2P-Regular_Font.uasset" 850
"C:/Users/Xen/Documents/Unreal Projects/ProjectHomunculus/Content/Assets/PressStart2P-Regular_Font.uexp" 851
"C:/Users/Xen/Documents/Unreal Projects/ProjectHomunculus/Content/Blueprints/GameOver.uasset" 852
"C:/Users/Xen/Documents/Unreal Projects/ProjectHomunculus/Content/Blueprints/GameOver.uexp" 853
"C:/Users/Xen/Documents/Unreal Projects/ProjectHomunculus/Content/Assets/Music/BGM-boss.ubulk" 854
"C:/Users/Xen/Documents/Unreal Projects/ProjectHomunculus/Content/Assets/Music/BGM-boss.uasset" 855
"C:/Users/Xen/Documents/Unreal Projects/ProjectHomunculus/Content/Assets/Music/BGM-boss.uexp" 856
"C:/Users/Xen/Documents/Unreal Projects/ProjectHomunculus/Content/Assets/Music/BGM-Success.ubulk" 857
"C:/Users/Xen/Documents/Unreal Projects/ProjectHomunculus/Content/Assets/Music/BGM-Success.uasset" 858
"C:/Users/Xen/Documents/Unreal Projects/ProjectHomunculus/Content/Assets/Music/BGM-Success.uexp" 859
"C:/Users/Xen/Documents/Unreal Projects/ProjectHomunculus/Content/Assets/Sprite/background1.uasset" 860
"C:/Users/Xen/Documents/Unreal Projects/ProjectHomunculus/Content/Assets/Sprite/background1.uexp" 861
"C:/Users/Xen/Documents/Unreal Projects/ProjectHomunculus/Content/Assets/Sprite/background1_Sprite.uasset" 862
"C:/Users/Xen/Documents/Unreal Projects/ProjectHomunculus/Content/Assets/Sprite/background1_Sprite.uexp" 863
"C:/Users/Xen/Documents/Unreal Projects/ProjectHomunculus/Content/Assets/Background/background_1.uasset" 864
"C:/Users/Xen/Documents/Unreal Projects/ProjectHomunculus/Content/Assets/Background/background_1.uexp" 865
"../../../Engine/Plugins/2D/Paper2D/Content/TranslucentUnlitSpriteMaterial.uasset" 866
"../../../Engine/Plugins/2D/Paper2D/Content/TranslucentUnlitSpriteMaterial.uexp" 867
"C:/Users/Xen/Documents/Unreal Projects/ProjectHomunculus/Content/Assets/Sprite/background2.uasset" 868
"C:/Users/Xen/Documents/Unreal Projects/ProjectHomunculus/Content/Assets/Sprite/background2.uexp" 869
"C:/Users/Xen/Documents/Unreal Projects/ProjectHomunculus/Content/Assets/Sprite/background2_Sprite.uasset" 870
"C:/Users/Xen/Documents/Unreal Projects/ProjectHomunculus/Content/Assets/Sprite/background2_Sprite.uexp" 871
"C:/Users/Xen/Documents/Unreal Projects/ProjectHomunculus/Content/Assets/Background/background_2.uasset" 872
"C:/Users/Xen/Documents/Unreal Projects/ProjectHomunculus/Content/Assets/Background/background_2.uexp" 873
"C:/Users/Xen/Documents/Unreal Projects/ProjectHomunculus/Content/Assets/Sprite/background3.uasset" 874
"C:/Users/Xen/Documents/Unreal Projects/ProjectHomunculus/Content/Assets/Sprite/background3.uexp" 875
"C:/Users/Xen/Documents/Unreal Projects/ProjectHomunculus/Content/Assets/Sprite/background3_Sprite.uasset" 876
"C:/Users/Xen/Documents/Unreal Projects/ProjectHomunculus/Content/Assets/Sprite/background3_Sprite.uexp" 877
"C:/Users/Xen/Documents/Unreal Projects/ProjectHomunculus/Content/Assets/Background/background_3.uasset" 878
"C:/Users/Xen/Documents/Unreal Projects/ProjectHomunculus/Content/Assets/Background/background_3.uexp" 879
"C:/Users/Xen/Documents/Unreal Projects/ProjectHomunculus/Content/Assets/Sprite/background1-cover2.uasset" 880
"C:/Users/Xen/Documents/Unreal Projects/ProjectHomunculus/Content/Assets/Sprite/background1-cover2.uexp" 881
"C:/Users/Xen/Documents/Unreal Projects/ProjectHomunculus/Content/Assets/Sprite/background1-cover2_Sprite_1.uasset" 882
"C:/Users/Xen/Documents/Unreal Projects/ProjectHomunculus/Content/Assets/Sprite/background1-cover2_Sprite_1.uexp" 883
"C:/Users/Xen/Documents/Unreal Projects/ProjectHomunculus/Content/Assets/PawnFlipbook/background1-RightDoor.uasset" 884
"C:/Users/Xen/Documents/Unreal Projects/ProjectHomunculus/Content/Assets/PawnFlipbook/background1-RightDoor.uexp" 885
"C:/Users/Xen/Documents/Unreal Projects/ProjectHomunculus/Content/Assets/Sprite/background1-cover2_Sprite_0.uasset" 886
"C:/Users/Xen/Documents/Unreal Projects/ProjectHomunculus/Content/Assets/Sprite/background1-cover2_Sprite_0.uexp" 887
"C:/Users/Xen/Documents/Unreal Projects/ProjectHomunculus/Content/Assets/PawnFlipbook/background1-LeftDoor.uasset" 888
"C:/Users/Xen/Documents/Unreal Projects/ProjectHomunculus/Content/Assets/PawnFlipbook/background1-LeftDoor.uexp" 889
"C:/Users/Xen/Documents/Unreal Projects/ProjectHomunculus/Content/Blueprints/Background.uasset" 890
"C:/Users/Xen/Documents/Unreal Projects/ProjectHomunculus/Content/Blueprints/Background.uexp" 891
"C:/Users/Xen/Documents/Unreal Projects/ProjectHomunculus/Content/Assets/PawnTexture/character2.uasset" 892
"C:/Users/Xen/Documents/Unreal Projects/ProjectHomunculus/Content/Assets/PawnTexture/character2.uexp" 893
"C:/Users/Xen/Documents/Unreal Projects/ProjectHomunculus/Content/Assets/Sprite/character2.uasset" 894
"C:/Users/Xen/Documents/Unreal Projects/ProjectHomunculus/Content/Assets/Sprite/character2.uexp" 895
"C:/Users/Xen/Documents/Unreal Projects/ProjectHomunculus/Content/Assets/PawnTexture/character1.uasset" 896
"C:/Users/Xen/Documents/Unreal Projects/ProjectHomunculus/Content/Assets/PawnTexture/character1.uexp" 897
"C:/Users/Xen/Documents/Unreal Projects/ProjectHomunculus/Content/Assets/Sprite/character1.uasset" 898
"C:/Users/Xen/Documents/Unreal Projects/ProjectHomunculus/Content/Assets/Sprite/character1.uexp" 899
"C:/Users/Xen/Documents/Unreal Projects/ProjectHomunculus/Content/Blueprints/GameInstanceSys.uasset" 900
"C:/Users/Xen/Documents/Unreal Projects/ProjectHomunculus/Content/Blueprints/GameInstanceSys.uexp" 901
"C:/Users/Xen/Documents/Unreal Projects/ProjectHomunculus/Content/Blueprints/SelectCharacter.uasset" 902
"C:/Users/Xen/Documents/Unreal Projects/ProjectHomunculus/Content/Blueprints/SelectCharacter.uexp" 903
"C:/Users/Xen/Documents/Unreal Projects/ProjectHomunculus/Content/Blueprints/TitleUI.uasset" 904
"C:/Users/Xen/Documents/Unreal Projects/ProjectHomunculus/Content/Blueprints/TitleUI.uexp" 905
"C:/Users/Xen/Documents/Unreal Projects/ProjectHomunculus/Content/Assets/Music/Game_Over.ubulk" 906
"C:/Users/Xen/Documents/Unreal Projects/ProjectHomunculus/Content/Assets/Music/Game_Over.uasset" 907
"C:/Users/Xen/Documents/Unreal Projects/ProjectHomunculus/Content/Assets/Music/Game_Over.uexp" 908
"C:/Users/Xen/Documents/Unreal Projects/ProjectHomunculus/Content/Blueprints/InGameUI.uasset" 909
"C:/Users/Xen/Documents/Unreal Projects/ProjectHomunculus/Content/Blueprints/InGameUI.uexp" 910
"C:/Users/Xen/Documents/Unreal Projects/ProjectHomunculus/Content/Blueprints/GameModeSys.uasset" 911
"C:/Users/Xen/Documents/Unreal Projects/ProjectHomunculus/Content/Blueprints/GameModeSys.uexp" 912
"C:/Users/Xen/Documents/Unreal Projects/ProjectHomunculus/Content/Assets/PawnTexture/cannon3.uasset" 913
"C:/Users/Xen/Documents/Unreal Projects/ProjectHomunculus/Content/Assets/PawnTexture/cannon3.uexp" 914
"C:/Users/Xen/Documents/Unreal Projects/ProjectHomunculus/Content/Assets/Sprite/cannon3_Sprite.uasset" 915
"C:/Users/Xen/Documents/Unreal Projects/ProjectHomunculus/Content/Assets/Sprite/cannon3_Sprite.uexp" 916
"C:/Users/Xen/Documents/Unreal Projects/ProjectHomunculus/Content/Assets/PawnFlipbook/cannon3.uasset" 917
"C:/Users/Xen/Documents/Unreal Projects/ProjectHomunculus/Content/Assets/PawnFlipbook/cannon3.uexp" 918
"C:/Users/Xen/Documents/Unreal Projects/ProjectHomunculus/Content/Assets/PawnTexture/cannon1.uasset" 919
"C:/Users/Xen/Documents/Unreal Projects/ProjectHomunculus/Content/Assets/PawnTexture/cannon1.uexp" 920
"C:/Users/Xen/Documents/Unreal Projects/ProjectHomunculus/Content/Assets/Sprite/cannon1_Sprite.uasset" 921
"C:/Users/Xen/Documents/Unreal Projects/ProjectHomunculus/Content/Assets/Sprite/cannon1_Sprite.uexp" 922
"C:/Users/Xen/Documents/Unreal Projects/ProjectHomunculus/Content/Assets/PawnFlipbook/cannon1.uasset" 923
"C:/Users/Xen/Documents/Unreal Projects/ProjectHomunculus/Content/Assets/PawnFlipbook/cannon1.uexp" 924
"C:/Users/Xen/Documents/Unreal Projects/ProjectHomunculus/Content/Assets/PawnTexture/Boss.uasset" 925
"C:/Users/Xen/Documents/Unreal Projects/ProjectHomunculus/Content/Assets/PawnTexture/Boss.uexp" 926
"C:/Users/Xen/Documents/Unreal Projects/ProjectHomunculus/Content/Assets/Sprite/Boss_Sprite.uasset" 927
"C:/Users/Xen/Documents/Unreal Projects/ProjectHomunculus/Content/Assets/Sprite/Boss_Sprite.uexp" 928
"C:/Users/Xen/Documents/Unreal Projects/ProjectHomunculus/Content/Assets/PawnFlipbook/Boss_Flipbook.uasset" 929
"C:/Users/Xen/Documents/Unreal Projects/ProjectHomunculus/Content/Assets/PawnFlipbook/Boss_Flipbook.uexp" 930
"C:/Users/Xen/Documents/Unreal Projects/ProjectHomunculus/Content/Blueprints/Boss/Boss1.uasset" 931
"C:/Users/Xen/Documents/Unreal Projects/ProjectHomunculus/Content/Blueprints/Boss/Boss1.uexp" 932
"C:/Users/Xen/Documents/Unreal Projects/ProjectHomunculus/Content/Assets/PawnTexture/bullet1.uasset" 933
"C:/Users/Xen/Documents/Unreal Projects/ProjectHomunculus/Content/Assets/PawnTexture/bullet1.uexp" 934
"C:/Users/Xen/Documents/Unreal Projects/ProjectHomunculus/Content/Assets/Sprite/bullet1_Sprite_0.uasset" 935
"C:/Users/Xen/Documents/Unreal Projects/ProjectHomunculus/Content/Assets/Sprite/bullet1_Sprite_0.uexp" 936
"C:/Users/Xen/Documents/Unreal Projects/ProjectHomunculus/Content/Assets/ActorFlipbook/PlayerShotFlipbook.uasset" 937
"C:/Users/Xen/Documents/Unreal Projects/ProjectHomunculus/Content/Assets/ActorFlipbook/PlayerShotFlipbook.uexp" 938
"C:/Users/Xen/Documents/Unreal Projects/ProjectHomunculus/Content/Blueprints/Player/PlayerShot.uasset" 939
"C:/Users/Xen/Documents/Unreal Projects/ProjectHomunculus/Content/Blueprints/Player/PlayerShot.uexp" 940
"C:/Users/Xen/Documents/Unreal Projects/ProjectHomunculus/Content/Blueprints/Player/PlayerBlueprint.uasset" 941
"C:/Users/Xen/Documents/Unreal Projects/ProjectHomunculus/Content/Blueprints/Player/PlayerBlueprint.uexp" 942
"C:/Users/Xen/Documents/Unreal Projects/ProjectHomunculus/Content/Blueprints/Enemy/EnemyBullet.uasset" 943
"C:/Users/Xen/Documents/Unreal Projects/ProjectHomunculus/Content/Blueprints/Enemy/EnemyBullet.uexp" 944
"C:/Users/Xen/Documents/Unreal Projects/ProjectHomunculus/Content/Assets/Sprite/character1_ShootRight.uasset" 945
"C:/Users/Xen/Documents/Unreal Projects/ProjectHomunculus/Content/Assets/Sprite/character1_ShootRight.uexp" 946
"C:/Users/Xen/Documents/Unreal Projects/ProjectHomunculus/Content/Assets/PawnFlipbook/character_Enemy1Right.uasset" 947
"C:/Users/Xen/Documents/Unreal Projects/ProjectHomunculus/Content/Assets/PawnFlipbook/character_Enemy1Right.uexp" 948
"C:/Users/Xen/Documents/Unreal Projects/ProjectHomunculus/Content/Assets/Sprite/character1_ShootLeft.uasset" 949
"C:/Users/Xen/Documents/Unreal Projects/ProjectHomunculus/Content/Assets/Sprite/character1_ShootLeft.uexp" 950
"C:/Users/Xen/Documents/Unreal Projects/ProjectHomunculus/Content/Assets/PawnFlipbook/character_Enemy1Left.uasset" 951
"C:/Users/Xen/Documents/Unreal Projects/ProjectHomunculus/Content/Assets/PawnFlipbook/character_Enemy1Left.uexp" 952
"C:/Users/Xen/Documents/Unreal Projects/ProjectHomunculus/Content/Assets/Sprite/character1_Shoot.uasset" 953
"C:/Users/Xen/Documents/Unreal Projects/ProjectHomunculus/Content/Assets/Sprite/character1_Shoot.uexp" 954
"C:/Users/Xen/Documents/Unreal Projects/ProjectHomunculus/Content/Assets/PawnFlipbook/character_Enemy1.uasset" 955
"C:/Users/Xen/Documents/Unreal Projects/ProjectHomunculus/Content/Assets/PawnFlipbook/character_Enemy1.uexp" 956
"C:/Users/Xen/Documents/Unreal Projects/ProjectHomunculus/Content/Blueprints/Enemy/Enemy_Clone1.uasset" 957
"C:/Users/Xen/Documents/Unreal Projects/ProjectHomunculus/Content/Blueprints/Enemy/Enemy_Clone1.uexp" 958
"C:/Users/Xen/Documents/Unreal Projects/ProjectHomunculus/Content/Assets/PawnTexture/cannon2.uasset" 959
"C:/Users/Xen/Documents/Unreal Projects/ProjectHomunculus/Content/Assets/PawnTexture/cannon2.uexp" 960
"C:/Users/Xen/Documents/Unreal Projects/ProjectHomunculus/Content/Assets/Sprite/cannon2_Sprite.uasset" 961
"C:/Users/Xen/Documents/Unreal Projects/ProjectHomunculus/Content/Assets/Sprite/cannon2_Sprite.uexp" 962
"C:/Users/Xen/Documents/Unreal Projects/ProjectHomunculus/Content/Assets/PawnFlipbook/cannon2.uasset" 963
"C:/Users/Xen/Documents/Unreal Projects/ProjectHomunculus/Content/Assets/PawnFlipbook/cannon2.uexp" 964
"C:/Users/Xen/Documents/Unreal Projects/ProjectHomunculus/Content/Blueprints/Enemy/EnemyCannon.uasset" 965
"C:/Users/Xen/Documents/Unreal Projects/ProjectHomunculus/Content/Blueprints/Enemy/EnemyCannon.uexp" 966
"C:/Users/Xen/Documents/Unreal Projects/ProjectHomunculus/Content/Blueprints/Enemy/EnemyFighter.uasset" 967
"C:/Users/Xen/Documents/Unreal Projects/ProjectHomunculus/Content/Blueprints/Enemy/EnemyFighter.uexp" 968
"C:/Users/Xen/Documents/Unreal Projects/ProjectHomunculus/Content/Assets/PawnTexture/tank1.ubulk" 969
"C:/Users/Xen/Documents/Unreal Projects/ProjectHomunculus/Content/Assets/PawnTexture/tank1.uasset" 970
"C:/Users/Xen/Documents/Unreal Projects/ProjectHomunculus/Content/Assets/PawnTexture/tank1.uexp" 971
"C:/Users/Xen/Documents/Unreal Projects/ProjectHomunculus/Content/Assets/Sprite/tank1_Sprite_0.uasset" 972
"C:/Users/Xen/Documents/Unreal Projects/ProjectHomunculus/Content/Assets/Sprite/tank1_Sprite_0.uexp" 973
"C:/Users/Xen/Documents/Unreal Projects/ProjectHomunculus/Content/Assets/Sprite/tank1_Sprite_1.uasset" 974
"C:/Users/Xen/Documents/Unreal Projects/ProjectHomunculus/Content/Assets/Sprite/tank1_Sprite_1.uexp" 975
"C:/Users/Xen/Documents/Unreal Projects/ProjectHomunculus/Content/Assets/Sprite/tank1_Sprite_2.uasset" 976
"C:/Users/Xen/Documents/Unreal Projects/ProjectHomunculus/Content/Assets/Sprite/tank1_Sprite_2.uexp" 977
"C:/Users/Xen/Documents/Unreal Projects/ProjectHomunculus/Content/Assets/PawnFlipbook/Enemytank.uasset" 978
"C:/Users/Xen/Documents/Unreal Projects/ProjectHomunculus/Content/Assets/PawnFlipbook/Enemytank.uexp" 979
"C:/Users/Xen/Documents/Unreal Projects/ProjectHomunculus/Content/Blueprints/Enemy/EnemyTank.uasset" 980
"C:/Users/Xen/Documents/Unreal Projects/ProjectHomunculus/Content/Blueprints/Enemy/EnemyTank.uexp" 981
"C:/Users/Xen/Documents/Unreal Projects/ProjectHomunculus/Content/Assets/PawnTexture/helicopter1.uasset" 982
"C:/Users/Xen/Documents/Unreal Projects/ProjectHomunculus/Content/Assets/PawnTexture/helicopter1.uexp" 983
"C:/Users/Xen/Documents/Unreal Projects/ProjectHomunculus/Content/Assets/Sprite/helicopter1_Sprite.uasset" 984
"C:/Users/Xen/Documents/Unreal Projects/ProjectHomunculus/Content/Assets/Sprite/helicopter1_Sprite.uexp" 985
"C:/Users/Xen/Documents/Unreal Projects/ProjectHomunculus/Content/Assets/PawnFlipbook/helicopter_Flipbook.uasset" 986
"C:/Users/Xen/Documents/Unreal Projects/ProjectHomunculus/Content/Assets/PawnFlipbook/helicopter_Flipbook.uexp" 987
"C:/Users/Xen/Documents/Unreal Projects/ProjectHomunculus/Content/Assets/PawnTexture/Helicopter-wing.uasset" 988
"C:/Users/Xen/Documents/Unreal Projects/ProjectHomunculus/Content/Assets/PawnTexture/Helicopter-wing.uexp" 989
"C:/Users/Xen/Documents/Unreal Projects/ProjectHomunculus/Content/Assets/Sprite/Helicopter-wing_Sprite.uasset" 990
"C:/Users/Xen/Documents/Unreal Projects/ProjectHomunculus/Content/Assets/Sprite/Helicopter-wing_Sprite.uexp" 991
"C:/Users/Xen/Documents/Unreal Projects/ProjectHomunculus/Content/Assets/PawnFlipbook/Helicopter-wing_Flipbook.uasset" 992
"C:/Users/Xen/Documents/Unreal Projects/ProjectHomunculus/Content/Assets/PawnFlipbook/Helicopter-wing_Flipbook.uexp" 993
"C:/Users/Xen/Documents/Unreal Projects/ProjectHomunculus/Content/Blueprints/Enemy/EnemyHelicopter.uasset" 994
"C:/Users/Xen/Documents/Unreal Projects/ProjectHomunculus/Content/Blueprints/Enemy/EnemyHelicopter.uexp" 995
"C:/Users/Xen/Documents/Unreal Projects/ProjectHomunculus/Content/Blueprints/Spawner.uasset" 996
"C:/Users/Xen/Documents/Unreal Projects/ProjectHomunculus/Content/Blueprints/Spawner.uexp" 997
"C:/Users/Xen/Documents/Unreal Projects/ProjectHomunculus/Content/InGame_BuiltData.uasset" 998
"C:/Users/Xen/Documents/Unreal Projects/ProjectHomunculus/Content/InGame_BuiltData.uexp" 999
"C:/Users/Xen/Documents/Unreal Projects/ProjectHomunculus/Content/InGame.uexp" 1000
"C:/Users/Xen/Documents/Unreal Projects/ProjectHomunculus/Content/InGame.umap" 1001
"C:/Users/Xen/Documents/Unreal Projects/ProjectHomunculus/Content/TitleMenu_BuiltData.uasset" 1002
"C:/Users/Xen/Documents/Unreal Projects/ProjectHomunculus/Content/TitleMenu_BuiltData.uexp" 1003
"C:/Users/Xen/Documents/Unreal Projects/ProjectHomunculus/Content/Blueprints/TitleMob.uasset" 1004
"C:/Users/Xen/Documents/Unreal Projects/ProjectHomunculus/Content/Blueprints/TitleMob.uexp" 1005
"C:/Users/Xen/Documents/Unreal Projects/ProjectHomunculus/Content/Blueprints/Background_Title.uasset" 1006
"C:/Users/Xen/Documents/Unreal Projects/ProjectHomunculus/Content/Blueprints/Background_Title.uexp" 1007
"C:/Users/Xen/Documents/Unreal Projects/ProjectHomunculus/Content/TitleMenu.uexp" 1008
"C:/Users/Xen/Documents/Unreal Projects/ProjectHomunculus/Content/TitleMenu.umap" 1009
