"../../../Engine/Content/EditorResources/S_Actor.uasset" 0
"../../../Engine/Content/EditorResources/S_Actor.ubulk" 1
"../../../Engine/Content/EditorResources/S_Actor.uexp" 2
"../../../Engine/Content/EditorResources/S_BoxReflectionCapture.uasset" 3
"../../../Engine/Content/EditorResources/S_BoxReflectionCapture.uexp" 4
"../../../Engine/Content/EngineResources/DefaultTexture.uasset" 5
"../../../Engine/Content/EngineResources/DefaultTexture.ubulk" 6
"../../../Engine/Content/EngineResources/DefaultTexture.uexp" 7
"../../../Engine/Content/EngineResources/DefaultTextureCube.uasset" 8
"../../../Engine/Content/EngineResources/DefaultTextureCube.uexp" 9
"../../../Engine/Content/EngineResources/DefaultVolumeTexture2D.uasset" 10
"../../../Engine/Content/EngineResources/DefaultVolumeTexture2D.uexp" 11
"../../../Engine/Content/EngineResources/DefaultVolumeTexture.uasset" 12
"../../../Engine/Content/EngineResources/DefaultVolumeTexture.uexp" 13
"../../../Engine/Content/EditorResources/S_Trigger.uasset" 14
"../../../Engine/Content/EditorResources/S_Trigger.ubulk" 15
"../../../Engine/Content/EditorResources/S_Trigger.uexp" 16
"../../../Engine/Content/EditorResources/S_TriggerBox.uasset" 17
"../../../Engine/Content/EditorResources/S_TriggerBox.uexp" 18
"../../../Engine/Content/EditorResources/S_TriggerCapsule.uasset" 19
"../../../Engine/Content/EditorResources/S_TriggerCapsule.uexp" 20
"../../../Engine/Content/EditorResources/S_TriggerSphere.uasset" 21
"../../../Engine/Content/EditorResources/S_TriggerSphere.uexp" 22
"../../../Engine/Content/EngineMeshes/Sphere.uasset" 23
"../../../Engine/Content/EngineMeshes/Sphere.uexp" 24
"../../../Engine/Content/EngineResources/GradientTexture0.uasset" 25
"../../../Engine/Content/EngineResources/GradientTexture0.uexp" 26
"../../../Engine/Content/EngineResources/Black.uasset" 27
"../../../Engine/Content/EngineResources/Black.uexp" 28
"../../../Engine/Content/VREditor/LaserPointer/VR_LaserPower_01.uasset" 29
"../../../Engine/Content/VREditor/LaserPointer/VR_LaserPower_01.ubulk" 30
"../../../Engine/Content/VREditor/LaserPointer/VR_LaserPower_01.uexp" 31
"../../../Engine/Content/VREditor/TransformGizmo/TransformGizmoMaterial.uasset" 32
"../../../Engine/Content/VREditor/TransformGizmo/TransformGizmoMaterial.uexp" 33
"../../../Engine/Content/VREditor/TransformGizmo/TranslucentTransformGizmoMaterial.uasset" 34
"../../../Engine/Content/VREditor/TransformGizmo/TranslucentTransformGizmoMaterial.uexp" 35
"../../../Engine/Content/VREditor/TransformGizmo/PlaneTranslationHandle.uasset" 36
"../../../Engine/Content/VREditor/TransformGizmo/PlaneTranslationHandle.uexp" 37
"../../../Engine/Content/VREditor/TransformGizmo/BoundingBoxCorner.uasset" 38
"../../../Engine/Content/VREditor/TransformGizmo/BoundingBoxCorner.uexp" 39
"../../../Engine/Content/VREditor/TransformGizmo/BoundingBoxEdge.uasset" 40
"../../../Engine/Content/VREditor/TransformGizmo/BoundingBoxEdge.uexp" 41
"../../../Engine/Content/VREditor/TransformGizmo/Main.uasset" 42
"../../../Engine/Content/VREditor/TransformGizmo/Main.uexp" 43
"../../../Engine/Content/VREditor/TransformGizmo/Xray.uasset" 44
"../../../Engine/Content/VREditor/TransformGizmo/Xray.uexp" 45
"../../../Engine/Content/VREditor/TransformGizmo/SM_Sequencer_Node.uasset" 46
"../../../Engine/Content/VREditor/TransformGizmo/SM_Sequencer_Node.uexp" 47
"../../../Engine/Content/EditorMaterials/Camera/CineMat.uasset" 48
"../../../Engine/Content/EditorMaterials/Camera/CineMat.uexp" 49
"../../../Engine/Content/EditorMaterials/Camera/MI_CineMat_Rig.uasset" 50
"../../../Engine/Content/EditorMaterials/Camera/MI_CineMat_Rig.uexp" 51
"../../../Engine/Content/EditorMeshes/Camera/SM_CraneRig_Base.uasset" 52
"../../../Engine/Content/EditorMeshes/Camera/SM_CraneRig_Base.uexp" 53
"../../../Engine/Content/EditorMeshes/Camera/SM_CraneRig_Arm.uasset" 54
"../../../Engine/Content/EditorMeshes/Camera/SM_CraneRig_Arm.uexp" 55
"../../../Engine/Content/EditorMeshes/Camera/SM_CraneRig_Mount.uasset" 56
"../../../Engine/Content/EditorMeshes/Camera/SM_CraneRig_Mount.uexp" 57
"../../../Engine/Content/EditorMeshes/Camera/SM_CraneRig_Body.uasset" 58
"../../../Engine/Content/EditorMeshes/Camera/SM_CraneRig_Body.uexp" 59
"../../../Engine/Content/EditorMeshes/Camera/SM_RailRig_Track.uasset" 60
"../../../Engine/Content/EditorMeshes/Camera/SM_RailRig_Track.uexp" 61
"../../../Engine/Content/EditorMeshes/Camera/SM_RailRig_Mount.uasset" 62
"../../../Engine/Content/EditorMeshes/Camera/SM_RailRig_Mount.uexp" 63
"../../../Engine/Content/EngineMaterials/T_Default_Material_Grid_M.uasset" 64
"../../../Engine/Content/EngineMaterials/T_Default_Material_Grid_M.ubulk" 65
"../../../Engine/Content/EngineMaterials/T_Default_Material_Grid_M.uexp" 66
"../../../Engine/Content/EngineMaterials/T_Default_Material_Grid_N.uasset" 67
"../../../Engine/Content/EngineMaterials/T_Default_Material_Grid_N.ubulk" 68
"../../../Engine/Content/EngineMaterials/T_Default_Material_Grid_N.uexp" 69
"../../../Engine/Content/Functions/Engine_MaterialFunctions01/Opacity/CameraDepthFade.uasset" 70
"../../../Engine/Content/Functions/Engine_MaterialFunctions01/Opacity/CameraDepthFade.uexp" 71
"../../../Engine/Content/EngineMaterials/WorldGridMaterial.uasset" 72
"../../../Engine/Content/EngineMaterials/WorldGridMaterial.uexp" 73
"../../../Engine/Content/ArtTools/RenderToTexture/Meshes/S_1_Unit_Plane.uasset" 74
"../../../Engine/Content/ArtTools/RenderToTexture/Meshes/S_1_Unit_Plane.uexp" 75
"../../../Engine/Content/EditorMaterials/ParticleSystems/PSysThumbnail_NoImage.uasset" 76
"../../../Engine/Content/EditorMaterials/ParticleSystems/PSysThumbnail_NoImage.ubulk" 77
"../../../Engine/Content/EditorMaterials/ParticleSystems/PSysThumbnail_NoImage.uexp" 78
"../../../Engine/Content/EditorMaterials/ParticleSystems/PSysThumbnail_OOD.uasset" 79
"../../../Engine/Content/EditorMaterials/ParticleSystems/PSysThumbnail_OOD.ubulk" 80
"../../../Engine/Content/EditorMaterials/ParticleSystems/PSysThumbnail_OOD.uexp" 81
"../../../Engine/Content/EditorLandscapeResources/SplineEditorMeshMat.uasset" 82
"../../../Engine/Content/EditorLandscapeResources/SplineEditorMeshMat.uexp" 83
"../../../Engine/Content/EditorLandscapeResources/SplineEditorMesh.uasset" 84
"../../../Engine/Content/EditorLandscapeResources/SplineEditorMesh.uexp" 85
"../../../Engine/Content/EditorResources/S_Solver.uasset" 86
"../../../Engine/Content/EditorResources/S_Solver.ubulk" 87
"../../../Engine/Content/EditorResources/S_Solver.uexp" 88
"../../../Engine/Plugins/Media/MediaPlate/Content/SM_MediaPlateScreen.uasset" 89
"../../../Engine/Plugins/Media/MediaPlate/Content/SM_MediaPlateScreen.uexp" 90
"../../../Engine/Content/EngineMaterials/Good64x64TilingNoiseHighFreq.uasset" 91
"../../../Engine/Content/EngineMaterials/Good64x64TilingNoiseHighFreq.uexp" 92
"../../../Engine/Content/EngineMaterials/DefaultBokeh.uasset" 93
"../../../Engine/Content/EngineMaterials/DefaultBokeh.uexp" 94
"../../../Engine/Content/EngineMaterials/PreintegratedSkinBRDF.uasset" 95
"../../../Engine/Content/EngineMaterials/PreintegratedSkinBRDF.uexp" 96
"../../../Engine/Content/EngineMaterials/MiniFont.uasset" 97
"../../../Engine/Content/EngineMaterials/MiniFont.uexp" 98
"../../../Engine/Content/EngineMaterials/WeightMapPlaceholderTexture.uasset" 99
"../../../Engine/Content/EngineMaterials/WeightMapPlaceholderTexture.uexp" 100
"../../../Engine/Content/EngineMaterials/DefaultWhiteGrid.uasset" 101
"../../../Engine/Content/EngineMaterials/DefaultWhiteGrid.ubulk" 102
"../../../Engine/Content/EngineMaterials/DefaultWhiteGrid.uexp" 103
"../../../Engine/Content/Animation/DefaultRecorderBoneCompression.uasset" 104
"../../../Engine/Content/Animation/DefaultRecorderBoneCompression.uexp" 105
"../../../Engine/Content/Animation/DefaultAnimCurveCompressionSettings.uasset" 106
"../../../Engine/Content/Animation/DefaultAnimCurveCompressionSettings.uexp" 107
"../../../Engine/Content/Animation/DefaultAnimBoneCompressionSettings.uasset" 108
"../../../Engine/Content/Animation/DefaultAnimBoneCompressionSettings.uexp" 109
"../../../Engine/Content/EngineMaterials/DefaultMaterial.uasset" 110
"../../../Engine/Content/EngineMaterials/DefaultMaterial.uexp" 111
"../../../Engine/Content/BasicShapes/Sphere.uasset" 112
"../../../Engine/Content/BasicShapes/Sphere.uexp" 113
"../../../Engine/Content/BasicShapes/Plane.uasset" 114
"../../../Engine/Content/BasicShapes/Plane.uexp" 115
"../../../Engine/Content/BasicShapes/Cylinder.uasset" 116
"../../../Engine/Content/BasicShapes/Cylinder.uexp" 117
"../../../Engine/Content/BasicShapes/Cube.uasset" 118
"../../../Engine/Content/BasicShapes/Cube.uexp" 119
"../../../Engine/Content/BasicShapes/Cone.uasset" 120
"../../../Engine/Content/BasicShapes/Cone.uexp" 121
"../../../Engine/Content/EditorLandscapeResources/DefaultAlphaTexture.uasset" 122
"../../../Engine/Content/EditorLandscapeResources/DefaultAlphaTexture.uexp" 123
"../../../Engine/Content/EditorLandscapeResources/DataLayer.uasset" 124
"../../../Engine/Content/EditorLandscapeResources/DataLayer.uexp" 125
"../../../Engine/Content/EditorMaterials/PreviewShadowIndicator.uasset" 126
"../../../Engine/Content/EditorMaterials/PreviewShadowIndicator.ubulk" 127
"../../../Engine/Content/EditorMaterials/PreviewShadowIndicator.uexp" 128
"../../../Engine/Content/EditorMaterials/PreviewShadowIndicatorMaterial.uasset" 129
"../../../Engine/Content/EditorMaterials/PreviewShadowIndicatorMaterial.uexp" 130
"../../../Engine/Content/EditorMaterials/PhAT_UnselectedMaterial.uasset" 131
"../../../Engine/Content/EditorMaterials/PhAT_UnselectedMaterial.uexp" 132
"../../../Engine/Content/EditorMaterials/PhAT_NoCollisionMaterial.uasset" 133
"../../../Engine/Content/EditorMaterials/PhAT_NoCollisionMaterial.uexp" 134
"../../../Engine/Content/Functions/Engine_MaterialFunctions02/Utility/MakeFloat4.uasset" 135
"../../../Engine/Content/Functions/Engine_MaterialFunctions02/Utility/MakeFloat4.uexp" 136
"../../../Engine/Content/Functions/Engine_MaterialFunctions02/Utility/MakeFloat3.uasset" 137
"../../../Engine/Content/Functions/Engine_MaterialFunctions02/Utility/MakeFloat3.uexp" 138
"../../../Engine/Content/Functions/Engine_MaterialFunctions02/Utility/BreakOutFloat3Components.uasset" 139
"../../../Engine/Content/Functions/Engine_MaterialFunctions02/Utility/BreakOutFloat3Components.uexp" 140
"../../../Engine/Content/EditorMaterials/WorldPartition/WorldPartitionSpatialHashGridPreviewMaterial.uasset" 141
"../../../Engine/Content/EditorMaterials/WorldPartition/WorldPartitionSpatialHashGridPreviewMaterial.uexp" 142
"../../../Engine/Content/EditorResources/S_Terrain.uasset" 143
"../../../Engine/Content/EditorResources/S_Terrain.ubulk" 144
"../../../Engine/Content/EditorResources/S_Terrain.uexp" 145
"../../../Engine/Content/EditorResources/EmptyActor.uasset" 146
"../../../Engine/Content/EditorResources/EmptyActor.uexp" 147
"../../../Engine/Content/EditorResources/BSPVertex.uasset" 148
"../../../Engine/Content/EditorResources/BSPVertex.uexp" 149
"../../../Engine/Content/EditorResources/SequenceRecorder/RecordingIndicator.uasset" 150
"../../../Engine/Content/EditorResources/SequenceRecorder/RecordingIndicator.uexp" 151
"../../../Engine/Content/EditorResources/SequenceRecorder/Countdown.uasset" 152
"../../../Engine/Content/EditorResources/SequenceRecorder/Countdown.uexp" 153
"../../../Engine/Content/EngineDamageTypes/DmgTypeBP_Environmental.uasset" 154
"../../../Engine/Content/EngineDamageTypes/DmgTypeBP_Environmental.uexp" 155
"../../../Engine/Content/Functions/Engine_MaterialFunctions02/Utility/CameraDirectionVector.uasset" 156
"../../../Engine/Content/Functions/Engine_MaterialFunctions02/Utility/CameraDirectionVector.uexp" 157
"../../../Engine/Content/EngineDebugMaterials/VolumeToRender.uasset" 158
"../../../Engine/Content/EngineDebugMaterials/VolumeToRender.uexp" 159
"../../../Engine/Content/EngineDebugMaterials/M_VolumeRenderSphereTracePP.uasset" 160
"../../../Engine/Content/EngineDebugMaterials/M_VolumeRenderSphereTracePP.uexp" 161
"../../../Engine/Content/EngineDebugMaterials/M_SimpleUnlitTranslucent.uasset" 162
"../../../Engine/Content/EngineDebugMaterials/M_SimpleUnlitTranslucent.uexp" 163
"../../../Engine/Content/EngineDebugMaterials/DebugMeshMaterial.uasset" 164
"../../../Engine/Content/EngineDebugMaterials/DebugMeshMaterial.uexp" 165
"../../../Engine/Content/EngineDebugMaterials/DebugEditorMaterial.uasset" 166
"../../../Engine/Content/EngineDebugMaterials/DebugEditorMaterial.uexp" 167
"../../../Engine/Content/EngineFonts/Faces/RobotoLight.uasset" 168
"../../../Engine/Content/EngineFonts/Faces/RobotoLight.ufont" 169
"../../../Engine/Content/EngineFonts/Faces/RobotoLight.uexp" 170
"../../../Engine/Content/EngineFonts/Faces/RobotoBold.uasset" 171
"../../../Engine/Content/EngineFonts/Faces/RobotoBold.ufont" 172
"../../../Engine/Content/EngineFonts/Faces/RobotoBold.uexp" 173
"../../../Engine/Content/EngineFonts/Faces/RobotoRegular.uasset" 174
"../../../Engine/Content/EngineFonts/Faces/RobotoRegular.ufont" 175
"../../../Engine/Content/EngineFonts/Faces/RobotoRegular.uexp" 176
"../../../Engine/Content/EngineFonts/Faces/DroidSansFallback.uasset" 177
"../../../Engine/Content/EngineFonts/Faces/DroidSansFallback.ufont" 178
"../../../Engine/Content/EngineFonts/Faces/DroidSansFallback.uexp" 179
"../../../Engine/Content/EngineFonts/Faces/RobotoItalic.uasset" 180
"../../../Engine/Content/EngineFonts/Faces/RobotoItalic.ufont" 181
"../../../Engine/Content/EngineFonts/Faces/RobotoItalic.uexp" 182
"../../../Engine/Content/EngineFonts/Faces/RobotoBoldItalic.uasset" 183
"../../../Engine/Content/EngineFonts/Faces/RobotoBoldItalic.ufont" 184
"../../../Engine/Content/EngineFonts/Faces/RobotoBoldItalic.uexp" 185
"../../../Engine/Content/EngineFonts/Roboto.uasset" 186
"../../../Engine/Content/EngineFonts/Roboto.uexp" 187
"../../../Engine/Content/EngineResources/WhiteSquareTexture.uasset" 188
"../../../Engine/Content/EngineResources/WhiteSquareTexture.uexp" 189
"../../../Engine/Content/EngineMaterials/Widget3DPassThrough.uasset" 190
"../../../Engine/Content/EngineMaterials/Widget3DPassThrough.uexp" 191
"../../../Engine/Content/EngineMaterials/Widget3DPassThrough_Translucent.uasset" 192
"../../../Engine/Content/EngineMaterials/Widget3DPassThrough_Translucent.uexp" 193
"../../../Engine/Content/EngineMaterials/Widget3DPassThrough_Translucent_OneSided.uasset" 194
"../../../Engine/Content/EngineMaterials/Widget3DPassThrough_Translucent_OneSided.uexp" 195
"../../../Engine/Content/EngineMaterials/Widget3DPassThrough_Opaque.uasset" 196
"../../../Engine/Content/EngineMaterials/Widget3DPassThrough_Opaque.uexp" 197
"../../../Engine/Content/EngineMaterials/Widget3DPassThrough_Opaque_OneSided.uasset" 198
"../../../Engine/Content/EngineMaterials/Widget3DPassThrough_Opaque_OneSided.uexp" 199
"../../../Engine/Content/EngineMaterials/Widget3DPassThrough_Masked_OneSided.uasset" 200
"../../../Engine/Content/EngineMaterials/Widget3DPassThrough_Masked_OneSided.uexp" 201
"../../../Engine/Content/EngineMaterials/Widget3DPassThrough_Masked.uasset" 202
"../../../Engine/Content/EngineMaterials/Widget3DPassThrough_Masked.uexp" 203
"../../../Engine/Content/EngineMaterials/STBlueNoise_vec2_128x128x64.uasset" 204
"../../../Engine/Content/EngineMaterials/STBlueNoise_vec2_128x128x64.uexp" 205
"../../../Engine/Content/EngineMaterials/STBlueNoise_scalar_128x128x64.uasset" 206
"../../../Engine/Content/EngineMaterials/STBlueNoise_scalar_128x128x64.uexp" 207
"../../../Engine/Content/EngineMaterials/RemoveSurfaceMaterial.uasset" 208
"../../../Engine/Content/EngineMaterials/RemoveSurfaceMaterial.uexp" 209
"../../../Engine/Content/EngineMaterials/DefaultCalibrationGrayscale.uasset" 210
"../../../Engine/Content/EngineMaterials/DefaultCalibrationGrayscale.uexp" 211
"../../../Engine/Content/EngineMaterials/PPM_DefaultCalibrationGrayscale.uasset" 212
"../../../Engine/Content/EngineMaterials/PPM_DefaultCalibrationGrayscale.uexp" 213
"../../../Engine/Content/EngineMaterials/DefaultCalibrationColor.uasset" 214
"../../../Engine/Content/EngineMaterials/DefaultCalibrationColor.uexp" 215
"../../../Engine/Content/EngineMaterials/PPM_DefaultCalibrationColor.uasset" 216
"../../../Engine/Content/EngineMaterials/PPM_DefaultCalibrationColor.uexp" 217
"../../../Engine/Content/Functions/Engine_MaterialFunctions02/WorldPositionOffset/CameraOffset.uasset" 218
"../../../Engine/Content/Functions/Engine_MaterialFunctions02/WorldPositionOffset/CameraOffset.uexp" 219
"../../../Engine/Content/EngineMaterials/PhAT_JointLimitMaterial.uasset" 220
"../../../Engine/Content/EngineMaterials/PhAT_JointLimitMaterial.uexp" 221
"../../../Engine/Content/EngineMaterials/InvalidLightmapSettings.uasset" 222
"../../../Engine/Content/EngineMaterials/InvalidLightmapSettings.ubulk" 223
"../../../Engine/Content/EngineMaterials/InvalidLightmapSettings.uexp" 224
"../../../Engine/Content/EngineMaterials/M_InvalidLightmapSettings.uasset" 225
"../../../Engine/Content/EngineMaterials/M_InvalidLightmapSettings.uexp" 226
"../../../Engine/Content/EngineMaterials/GizmoMaterial.uasset" 227
"../../../Engine/Content/EngineMaterials/GizmoMaterial.uexp" 228
"../../../Engine/Content/EngineMaterials/BaseFlattenEmissiveMap_VT.uasset" 229
"../../../Engine/Content/EngineMaterials/BaseFlattenEmissiveMap_VT.uexp" 230
"../../../Engine/Content/EngineMaterials/BaseFlattenGrayscaleMap_VT.uasset" 231
"../../../Engine/Content/EngineMaterials/BaseFlattenGrayscaleMap_VT.uexp" 232
"../../../Engine/Content/EngineMaterials/BaseFlattenLinearColor_VT.uasset" 233
"../../../Engine/Content/EngineMaterials/BaseFlattenLinearColor_VT.uexp" 234
"../../../Engine/Content/EngineMaterials/Black_1x1_EXR_Texture_VT.uasset" 235
"../../../Engine/Content/EngineMaterials/Black_1x1_EXR_Texture_VT.uexp" 236
"../../../Engine/Content/EngineMaterials/BaseFlattenDiffuseMap_VT.uasset" 237
"../../../Engine/Content/EngineMaterials/BaseFlattenDiffuseMap_VT.uexp" 238
"../../../Engine/Content/EngineMaterials/BaseFlattenNormalMap_VT.uasset" 239
"../../../Engine/Content/EngineMaterials/BaseFlattenNormalMap_VT.uexp" 240
"../../../Engine/Content/EngineMaterials/FlattenMaterial_WS_Normal_VT.uasset" 241
"../../../Engine/Content/EngineMaterials/FlattenMaterial_WS_Normal_VT.uexp" 242
"../../../Engine/Content/EngineMaterials/FlattenMaterial_VT.uasset" 243
"../../../Engine/Content/EngineMaterials/FlattenMaterial_VT.uexp" 244
"../../../Engine/Content/EngineMaterials/BaseFlattenNormalMap.uasset" 245
"../../../Engine/Content/EngineMaterials/BaseFlattenNormalMap.uexp" 246
"../../../Engine/Content/EngineMaterials/BaseFlattenGrayscaleMap.uasset" 247
"../../../Engine/Content/EngineMaterials/BaseFlattenGrayscaleMap.uexp" 248
"../../../Engine/Content/EngineMaterials/BaseFlattenDiffuseMap.uasset" 249
"../../../Engine/Content/EngineMaterials/BaseFlattenDiffuseMap.uexp" 250
"../../../Engine/Content/Functions/Engine_MaterialFunctions02/PivotPainter2/Black_1x1_EXR_Texture.uasset" 251
"../../../Engine/Content/Functions/Engine_MaterialFunctions02/PivotPainter2/Black_1x1_EXR_Texture.uexp" 252
"../../../Engine/Content/EngineMaterials/BaseFlattenEmissiveMap.uasset" 253
"../../../Engine/Content/EngineMaterials/BaseFlattenEmissiveMap.uexp" 254
"../../../Engine/Content/EngineMaterials/BaseFlattenLinearColor.uasset" 255
"../../../Engine/Content/EngineMaterials/BaseFlattenLinearColor.uexp" 256
"../../../Engine/Content/EngineMaterials/FlattenMaterial.uasset" 257
"../../../Engine/Content/EngineMaterials/FlattenMaterial.uexp" 258
"../../../Engine/Content/EngineMaterials/DefaultWhiteGrid_Low.uasset" 259
"../../../Engine/Content/EngineMaterials/DefaultWhiteGrid_Low.uexp" 260
"../../../Engine/Content/EngineMaterials/EmissiveMeshMaterial.uasset" 261
"../../../Engine/Content/EngineMaterials/EmissiveMeshMaterial.uexp" 262
"../../../Engine/Content/EngineFonts/RobotoDistanceField.uasset" 263
"../../../Engine/Content/EngineFonts/RobotoDistanceField.uexp" 264
"../../../Engine/Content/EngineMaterials/DefaultTextMaterialOpaque.uasset" 265
"../../../Engine/Content/EngineMaterials/DefaultTextMaterialOpaque.uexp" 266
"../../../Engine/Content/EngineMaterials/DefaultDiffuse.uasset" 267
"../../../Engine/Content/EngineMaterials/DefaultDiffuse.ubulk" 268
"../../../Engine/Content/EngineMaterials/DefaultDiffuse.uexp" 269
"../../../Engine/Content/Functions/Engine_MaterialFunctions02/Utility/BreakOutFloat2Components.uasset" 270
"../../../Engine/Content/Functions/Engine_MaterialFunctions02/Utility/BreakOutFloat2Components.uexp" 271
"../../../Engine/Content/EngineMaterials/DefaultPostProcessMaterial.uasset" 272
"../../../Engine/Content/EngineMaterials/DefaultPostProcessMaterial.uexp" 273
"../../../Engine/Content/EngineMaterials/DefaultPhysicalMaterial.uasset" 274
"../../../Engine/Content/EngineMaterials/DefaultPhysicalMaterial.uexp" 275
"../../../Engine/Content/EngineMaterials/DefaultLightFunctionMaterial.uasset" 276
"../../../Engine/Content/EngineMaterials/DefaultLightFunctionMaterial.uexp" 277
"../../../Engine/Content/EngineMaterials/DefaultDestructiblePhysicalMaterial.uasset" 278
"../../../Engine/Content/EngineMaterials/DefaultDestructiblePhysicalMaterial.uexp" 279
"../../../Engine/Content/EngineMaterials/DefaultDeferredDecalMaterial.uasset" 280
"../../../Engine/Content/EngineMaterials/DefaultDeferredDecalMaterial.uexp" 281
"../../../Engine/Content/EngineMaterials/DefaultBloomKernel.uasset" 282
"../../../Engine/Content/EngineMaterials/DefaultBloomKernel.uexp" 283
"../../../Engine/Content/EngineResources/FilmGrains/Marcie_Grain_v3_128_M2_000.uasset" 284
"../../../Engine/Content/EngineResources/FilmGrains/Marcie_Grain_v3_128_M2_000.uexp" 285
"../../../Engine/Content/EngineSky/VolumetricClouds/CloudWeatherTexture.uasset" 286
"../../../Engine/Content/EngineSky/VolumetricClouds/CloudWeatherTexture.uexp" 287
"../../../Engine/Content/Functions/Engine_MaterialFunctions02/Utility/MakeFloat2.uasset" 288
"../../../Engine/Content/Functions/Engine_MaterialFunctions02/Utility/MakeFloat2.uexp" 289
"../../../Engine/Content/EngineSky/VolumetricClouds/CloudGradientTexture.uasset" 290
"../../../Engine/Content/EngineSky/VolumetricClouds/CloudGradientTexture.uexp" 291
"../../../Engine/Content/EngineSky/VolumetricClouds/T_NoiseShape64.uasset" 292
"../../../Engine/Content/EngineSky/VolumetricClouds/T_NoiseShape64.ubulk" 293
"../../../Engine/Content/EngineSky/VolumetricClouds/T_NoiseShape64.uexp" 294
"../../../Engine/Content/EngineSky/VolumetricClouds/T_VolumeNoiseShape64.uasset" 295
"../../../Engine/Content/EngineSky/VolumetricClouds/T_VolumeNoiseShape64.uexp" 296
"../../../Engine/Content/EngineSky/VolumetricClouds/T_NoiseErosion.uasset" 297
"../../../Engine/Content/EngineSky/VolumetricClouds/T_NoiseErosion.ubulk" 298
"../../../Engine/Content/EngineSky/VolumetricClouds/T_NoiseErosion.uexp" 299
"../../../Engine/Content/EngineSky/VolumetricClouds/T_VolumeNoiseErosion32.uasset" 300
"../../../Engine/Content/EngineSky/VolumetricClouds/T_VolumeNoiseErosion32.uexp" 301
"../../../Engine/Content/EngineSky/VolumetricClouds/m_SimpleVolumetricCloud.uasset" 302
"../../../Engine/Content/EngineSky/VolumetricClouds/m_SimpleVolumetricCloud.uexp" 303
"../../../Engine/Content/EngineSky/VolumetricClouds/m_SimpleVolumetricCloud_Inst.uasset" 304
"../../../Engine/Content/EngineSky/VolumetricClouds/m_SimpleVolumetricCloud_Inst.uexp" 305
"../../../Engine/Content/EngineSounds/Master.uasset" 306
"../../../Engine/Content/EngineSounds/Master.uexp" 307
"../../../Engine/Content/Functions/Engine_MaterialFunctions01/Shading/PowerToRoughness.uasset" 308
"../../../Engine/Content/Functions/Engine_MaterialFunctions01/Shading/PowerToRoughness.uexp" 309
"../../../Engine/Content/MobileResources/HUD/VirtualJoystick_Background.uasset" 310
"../../../Engine/Content/MobileResources/HUD/VirtualJoystick_Background.uexp" 311
"../../../Engine/Content/MobileResources/HUD/VirtualJoystick_Thumb.uasset" 312
"../../../Engine/Content/MobileResources/HUD/VirtualJoystick_Thumb.uexp" 313
"../../../Engine/Content/MobileResources/HUD/DefaultVirtualJoysticks.uasset" 314
"../../../Engine/Content/MobileResources/HUD/DefaultVirtualJoysticks.uexp" 315
"../../../Engine/Plugins/2D/Paper2D/Content/PlaceholderTextures/DummySpriteTexture.uasset" 316
"../../../Engine/Plugins/2D/Paper2D/Content/PlaceholderTextures/DummySpriteTexture.ubulk" 317
"../../../Engine/Plugins/2D/Paper2D/Content/PlaceholderTextures/DummySpriteTexture.uexp" 318
"../../../Engine/Plugins/2D/Paper2D/Content/DefaultSpriteMaterial.uasset" 319
"../../../Engine/Plugins/2D/Paper2D/Content/DefaultSpriteMaterial.uexp" 320
"../../../Engine/Plugins/2D/Paper2D/Content/OpaqueUnlitSpriteMaterial.uasset" 321
"../../../Engine/Plugins/2D/Paper2D/Content/OpaqueUnlitSpriteMaterial.uexp" 322
"../../../Engine/Plugins/2D/Paper2D/Content/MaskedUnlitSpriteMaterial.uasset" 323
"../../../Engine/Plugins/2D/Paper2D/Content/MaskedUnlitSpriteMaterial.uexp" 324
"../../../Engine/Plugins/2D/Paper2D/Content/DummySprite.uasset" 325
"../../../Engine/Plugins/2D/Paper2D/Content/DummySprite.uexp" 326
"../../../Engine/Plugins/2D/Paper2D/Content/DefaultPaperTerrainMaterial.uasset" 327
"../../../Engine/Plugins/2D/Paper2D/Content/DefaultPaperTerrainMaterial.uexp" 328
"../../../Engine/Plugins/Animation/ControlRig/Content/M_Manip.uasset" 329
"../../../Engine/Plugins/Animation/ControlRig/Content/M_Manip.uexp" 330
"../../../Engine/Plugins/Animation/ControlRig/Content/Controls/DefaultGizmoLibraryNormalized.uasset" 331
"../../../Engine/Plugins/Animation/ControlRig/Content/Controls/DefaultGizmoLibraryNormalized.uexp" 332
"../../../Engine/Plugins/Animation/ControlRig/Content/Controls/ControlRigXRayMaterial.uasset" 333
"../../../Engine/Plugins/Animation/ControlRig/Content/Controls/ControlRigXRayMaterial.uexp" 334
"../../../Engine/Plugins/Animation/ControlRig/Content/Controls/ControlRigGizmoMaterial.uasset" 335
"../../../Engine/Plugins/Animation/ControlRig/Content/Controls/ControlRigGizmoMaterial.uexp" 336
"../../../Engine/Plugins/Animation/ControlRig/Content/Controls/ControlRig_Wedge_solid.uasset" 337
"../../../Engine/Plugins/Animation/ControlRig/Content/Controls/ControlRig_Wedge_solid.uexp" 338
"../../../Engine/Plugins/Animation/ControlRig/Content/Controls/ControlRig_Wedge_3mm.uasset" 339
"../../../Engine/Plugins/Animation/ControlRig/Content/Controls/ControlRig_Wedge_3mm.uexp" 340
"../../../Engine/Plugins/Animation/ControlRig/Content/Controls/ControlRig_Wedge_1mm.uasset" 341
"../../../Engine/Plugins/Animation/ControlRig/Content/Controls/ControlRig_Wedge_1mm.uexp" 342
"../../../Engine/Plugins/Animation/ControlRig/Content/Controls/ControlRig_Triangle_solid.uasset" 343
"../../../Engine/Plugins/Animation/ControlRig/Content/Controls/ControlRig_Triangle_solid.uexp" 344
"../../../Engine/Plugins/Animation/ControlRig/Content/Controls/ControlRig_Triangle_3mm.uasset" 345
"../../../Engine/Plugins/Animation/ControlRig/Content/Controls/ControlRig_Triangle_3mm.uexp" 346
"../../../Engine/Plugins/Animation/ControlRig/Content/Controls/ControlRig_Triangle_1mm.uasset" 347
"../../../Engine/Plugins/Animation/ControlRig/Content/Controls/ControlRig_Triangle_1mm.uexp" 348
"../../../Engine/Plugins/Animation/ControlRig/Content/Controls/ControlRig_Star4_solid.uasset" 349
"../../../Engine/Plugins/Animation/ControlRig/Content/Controls/ControlRig_Star4_solid.uexp" 350
"../../../Engine/Plugins/Animation/ControlRig/Content/Controls/ControlRig_Star4_3mm.uasset" 351
"../../../Engine/Plugins/Animation/ControlRig/Content/Controls/ControlRig_Star4_3mm.uexp" 352
"../../../Engine/Plugins/Animation/ControlRig/Content/Controls/ControlRig_Star4_1mm.uasset" 353
"../../../Engine/Plugins/Animation/ControlRig/Content/Controls/ControlRig_Star4_1mm.uexp" 354
"../../../Engine/Plugins/Animation/ControlRig/Content/Controls/ControlRig_Square_solid.uasset" 355
"../../../Engine/Plugins/Animation/ControlRig/Content/Controls/ControlRig_Square_solid.uexp" 356
"../../../Engine/Plugins/Animation/ControlRig/Content/Controls/ControlRig_Square_3mm.uasset" 357
"../../../Engine/Plugins/Animation/ControlRig/Content/Controls/ControlRig_Square_3mm.uexp" 358
"../../../Engine/Plugins/Animation/ControlRig/Content/Controls/ControlRig_Square_1mm.uasset" 359
"../../../Engine/Plugins/Animation/ControlRig/Content/Controls/ControlRig_Square_1mm.uexp" 360
"../../../Engine/Plugins/Animation/ControlRig/Content/Controls/ControlRig_Sphere_solid.uasset" 361
"../../../Engine/Plugins/Animation/ControlRig/Content/Controls/ControlRig_Sphere_solid.uexp" 362
"../../../Engine/Plugins/Animation/ControlRig/Content/Controls/ControlRig_Sphere_3mm.uasset" 363
"../../../Engine/Plugins/Animation/ControlRig/Content/Controls/ControlRig_Sphere_3mm.uexp" 364
"../../../Engine/Plugins/Animation/ControlRig/Content/Controls/ControlRig_Sphere_1mm.uasset" 365
"../../../Engine/Plugins/Animation/ControlRig/Content/Controls/ControlRig_Sphere_1mm.uexp" 366
"../../../Engine/Plugins/Animation/ControlRig/Content/Controls/ControlRig_RoundedTriangle_solid.uasset" 367
"../../../Engine/Plugins/Animation/ControlRig/Content/Controls/ControlRig_RoundedTriangle_solid.uexp" 368
"../../../Engine/Plugins/Animation/ControlRig/Content/Controls/ControlRig_RoundedTriangle_3mm.uasset" 369
"../../../Engine/Plugins/Animation/ControlRig/Content/Controls/ControlRig_RoundedTriangle_3mm.uexp" 370
"../../../Engine/Plugins/Animation/ControlRig/Content/Controls/ControlRig_RoundedTriangle_1mm.uasset" 371
"../../../Engine/Plugins/Animation/ControlRig/Content/Controls/ControlRig_RoundedTriangle_1mm.uexp" 372
"../../../Engine/Plugins/Animation/ControlRig/Content/Controls/ControlRig_RoundedSquare_solid.uasset" 373
"../../../Engine/Plugins/Animation/ControlRig/Content/Controls/ControlRig_RoundedSquare_solid.uexp" 374
"../../../Engine/Plugins/Animation/ControlRig/Content/Controls/ControlRig_RoundedSquare_3mm.uasset" 375
"../../../Engine/Plugins/Animation/ControlRig/Content/Controls/ControlRig_RoundedSquare_3mm.uexp" 376
"../../../Engine/Plugins/Animation/ControlRig/Content/Controls/ControlRig_RoundedSquare_1mm.uasset" 377
"../../../Engine/Plugins/Animation/ControlRig/Content/Controls/ControlRig_RoundedSquare_1mm.uexp" 378
"../../../Engine/Plugins/Animation/ControlRig/Content/Controls/ControlRig_QuarterCircle_solid.uasset" 379
"../../../Engine/Plugins/Animation/ControlRig/Content/Controls/ControlRig_QuarterCircle_solid.uexp" 380
"../../../Engine/Plugins/Animation/ControlRig/Content/Controls/ControlRig_QuarterCircle_3mm.uasset" 381
"../../../Engine/Plugins/Animation/ControlRig/Content/Controls/ControlRig_QuarterCircle_3mm.uexp" 382
"../../../Engine/Plugins/Animation/ControlRig/Content/Controls/ControlRig_QuarterCircle_1mm.uasset" 383
"../../../Engine/Plugins/Animation/ControlRig/Content/Controls/ControlRig_QuarterCircle_1mm.uexp" 384
"../../../Engine/Plugins/Animation/ControlRig/Content/Controls/ControlRig_Pyramid_solid.uasset" 385
"../../../Engine/Plugins/Animation/ControlRig/Content/Controls/ControlRig_Pyramid_solid.uexp" 386
"../../../Engine/Plugins/Animation/ControlRig/Content/Controls/ControlRig_Pyramid_3mm.uasset" 387
"../../../Engine/Plugins/Animation/ControlRig/Content/Controls/ControlRig_Pyramid_3mm.uexp" 388
"../../../Engine/Plugins/Animation/ControlRig/Content/Controls/ControlRig_Pyramid_1mm.uasset" 389
"../../../Engine/Plugins/Animation/ControlRig/Content/Controls/ControlRig_Pyramid_1mm.uexp" 390
"../../../Engine/Plugins/Animation/ControlRig/Content/Controls/ControlRig_Octagon_solid.uasset" 391
"../../../Engine/Plugins/Animation/ControlRig/Content/Controls/ControlRig_Octagon_solid.uexp" 392
"../../../Engine/Plugins/Animation/ControlRig/Content/Controls/ControlRig_Octagon_3mm.uasset" 393
"../../../Engine/Plugins/Animation/ControlRig/Content/Controls/ControlRig_Octagon_3mm.uexp" 394
"../../../Engine/Plugins/Animation/ControlRig/Content/Controls/ControlRig_Octagon_1mm.uasset" 395
"../../../Engine/Plugins/Animation/ControlRig/Content/Controls/ControlRig_Octagon_1mm.uexp" 396
"../../../Engine/Plugins/Animation/ControlRig/Content/Controls/ControlRig_Hexagon_solid.uasset" 397
"../../../Engine/Plugins/Animation/ControlRig/Content/Controls/ControlRig_Hexagon_solid.uexp" 398
"../../../Engine/Plugins/Animation/ControlRig/Content/Controls/ControlRig_Hexagon_3mm.uasset" 399
"../../../Engine/Plugins/Animation/ControlRig/Content/Controls/ControlRig_Hexagon_3mm.uexp" 400
"../../../Engine/Plugins/Animation/ControlRig/Content/Controls/ControlRig_Hexagon_1mm.uasset" 401
"../../../Engine/Plugins/Animation/ControlRig/Content/Controls/ControlRig_Hexagon_1mm.uexp" 402
"../../../Engine/Plugins/Animation/ControlRig/Content/Controls/ControlRig_HalfCircle_solid.uasset" 403
"../../../Engine/Plugins/Animation/ControlRig/Content/Controls/ControlRig_HalfCircle_solid.uexp" 404
"../../../Engine/Plugins/Animation/ControlRig/Content/Controls/ControlRig_HalfCircle_3mm.uasset" 405
"../../../Engine/Plugins/Animation/ControlRig/Content/Controls/ControlRig_HalfCircle_3mm.uexp" 406
"../../../Engine/Plugins/Animation/ControlRig/Content/Controls/ControlRig_HalfCircle_1mm.uasset" 407
"../../../Engine/Plugins/Animation/ControlRig/Content/Controls/ControlRig_HalfCircle_1mm.uexp" 408
"../../../Engine/Plugins/Animation/ControlRig/Content/Controls/ControlRig_Diamond_solid.uasset" 409
"../../../Engine/Plugins/Animation/ControlRig/Content/Controls/ControlRig_Diamond_solid.uexp" 410
"../../../Engine/Plugins/Animation/ControlRig/Content/Controls/ControlRig_Diamond_3mm.uasset" 411
"../../../Engine/Plugins/Animation/ControlRig/Content/Controls/ControlRig_Diamond_3mm.uexp" 412
"../../../Engine/Plugins/Animation/ControlRig/Content/Controls/ControlRig_Diamond_1mm.uasset" 413
"../../../Engine/Plugins/Animation/ControlRig/Content/Controls/ControlRig_Diamond_1mm.uexp" 414
"../../../Engine/Plugins/Animation/ControlRig/Content/Controls/ControlRig_Circle_solid.uasset" 415
"../../../Engine/Plugins/Animation/ControlRig/Content/Controls/ControlRig_Circle_solid.uexp" 416
"../../../Engine/Plugins/Animation/ControlRig/Content/Controls/ControlRig_Circle_3mm.uasset" 417
"../../../Engine/Plugins/Animation/ControlRig/Content/Controls/ControlRig_Circle_3mm.uexp" 418
"../../../Engine/Plugins/Animation/ControlRig/Content/Controls/ControlRig_Circle_1mm.uasset" 419
"../../../Engine/Plugins/Animation/ControlRig/Content/Controls/ControlRig_Circle_1mm.uexp" 420
"../../../Engine/Plugins/Animation/ControlRig/Content/Controls/ControlRig_Box_solid.uasset" 421
"../../../Engine/Plugins/Animation/ControlRig/Content/Controls/ControlRig_Box_solid.uexp" 422
"../../../Engine/Plugins/Animation/ControlRig/Content/Controls/ControlRig_Box_3mm.uasset" 423
"../../../Engine/Plugins/Animation/ControlRig/Content/Controls/ControlRig_Box_3mm.uexp" 424
"../../../Engine/Plugins/Animation/ControlRig/Content/Controls/ControlRig_Box_1mm.uasset" 425
"../../../Engine/Plugins/Animation/ControlRig/Content/Controls/ControlRig_Box_1mm.uexp" 426
"../../../Engine/Plugins/Animation/ControlRig/Content/Controls/ControlRig_Arrow_solid.uasset" 427
"../../../Engine/Plugins/Animation/ControlRig/Content/Controls/ControlRig_Arrow_solid.uexp" 428
"../../../Engine/Plugins/Animation/ControlRig/Content/Controls/ControlRig_Arrow_3mm.uasset" 429
"../../../Engine/Plugins/Animation/ControlRig/Content/Controls/ControlRig_Arrow_3mm.uexp" 430
"../../../Engine/Plugins/Animation/ControlRig/Content/Controls/ControlRig_Arrow_1mm.uasset" 431
"../../../Engine/Plugins/Animation/ControlRig/Content/Controls/ControlRig_Arrow_1mm.uexp" 432
"../../../Engine/Plugins/Animation/ControlRig/Content/Controls/ControlRig_Arrow4_solid.uasset" 433
"../../../Engine/Plugins/Animation/ControlRig/Content/Controls/ControlRig_Arrow4_solid.uexp" 434
"../../../Engine/Plugins/Animation/ControlRig/Content/Controls/ControlRig_Arrow4_3mm.uasset" 435
"../../../Engine/Plugins/Animation/ControlRig/Content/Controls/ControlRig_Arrow4_3mm.uexp" 436
"../../../Engine/Plugins/Animation/ControlRig/Content/Controls/ControlRig_Arrow4_1mm.uasset" 437
"../../../Engine/Plugins/Animation/ControlRig/Content/Controls/ControlRig_Arrow4_1mm.uexp" 438
"../../../Engine/Plugins/Animation/ControlRig/Content/Controls/ControlRig_Arrow2_solid.uasset" 439
"../../../Engine/Plugins/Animation/ControlRig/Content/Controls/ControlRig_Arrow2_solid.uexp" 440
"../../../Engine/Plugins/Animation/ControlRig/Content/Controls/ControlRig_Arrow2_3mm.uasset" 441
"../../../Engine/Plugins/Animation/ControlRig/Content/Controls/ControlRig_Arrow2_3mm.uexp" 442
"../../../Engine/Plugins/Animation/ControlRig/Content/Controls/ControlRig_Arrow2_1mm.uasset" 443
"../../../Engine/Plugins/Animation/ControlRig/Content/Controls/ControlRig_Arrow2_1mm.uexp" 444
"../../../Engine/Plugins/Editor/SpeedTreeImporter/Content/SpeedTree9/game_wind_noise.uasset" 445
"../../../Engine/Plugins/Editor/SpeedTreeImporter/Content/SpeedTree9/game_wind_noise.ubulk" 446
"../../../Engine/Plugins/Editor/SpeedTreeImporter/Content/SpeedTree9/game_wind_noise.uexp" 447
"../../../Engine/Plugins/Editor/SpeedTreeImporter/Content/SpeedTree9/UnpackDirection.uasset" 448
"../../../Engine/Plugins/Editor/SpeedTreeImporter/Content/SpeedTree9/UnpackDirection.uexp" 449
"../../../Engine/Content/Functions/Engine_MaterialFunctions02/ObjectLocalBounds.uasset" 450
"../../../Engine/Content/Functions/Engine_MaterialFunctions02/ObjectLocalBounds.uexp" 451
"../../../Engine/Content/Functions/Engine_MaterialFunctions02/UVs/BoundingBoxBased_0-1_UVW.uasset" 452
"../../../Engine/Content/Functions/Engine_MaterialFunctions02/UVs/BoundingBoxBased_0-1_UVW.uexp" 453
"../../../Engine/Content/Functions/Engine_MaterialFunctions02/Utility/VectorLength.uasset" 454
"../../../Engine/Content/Functions/Engine_MaterialFunctions02/Utility/VectorLength.uexp" 455
"../../../Engine/Plugins/Editor/SpeedTreeImporter/Content/SpeedTree9/UnpackInteger3.uasset" 456
"../../../Engine/Plugins/Editor/SpeedTreeImporter/Content/SpeedTree9/UnpackInteger3.uexp" 457
"../../../Engine/Plugins/Editor/SpeedTreeImporter/Content/SpeedTree9/SpeedTreeCameraFacing.uasset" 458
"../../../Engine/Plugins/Editor/SpeedTreeImporter/Content/SpeedTree9/SpeedTreeCameraFacing.uexp" 459
"../../../Engine/Content/Functions/Engine_MaterialFunctions02/WorldPositionOffset/ObjectScale.uasset" 460
"../../../Engine/Content/Functions/Engine_MaterialFunctions02/WorldPositionOffset/ObjectScale.uexp" 461
"../../../Engine/Content/Functions/Engine_MaterialFunctions02/SafeNormalize.uasset" 462
"../../../Engine/Content/Functions/Engine_MaterialFunctions02/SafeNormalize.uexp" 463
"../../../Engine/Plugins/Editor/SpeedTreeImporter/Content/SpeedTree9/SpeedTreeWindMotion.uasset" 464
"../../../Engine/Plugins/Editor/SpeedTreeImporter/Content/SpeedTree9/SpeedTreeWindMotion.uexp" 465
"../../../Engine/Plugins/Editor/SpeedTreeImporter/Content/SpeedTree9/SpeedTreeBranchMotion.uasset" 466
"../../../Engine/Plugins/Editor/SpeedTreeImporter/Content/SpeedTree9/SpeedTreeBranchMotion.uexp" 467
"../../../Engine/Plugins/Editor/SpeedTreeImporter/Content/SpeedTree9/SpeedTreeWind.uasset" 468
"../../../Engine/Plugins/Editor/SpeedTreeImporter/Content/SpeedTree9/SpeedTreeWind.uexp" 469
"../../../Engine/Plugins/Editor/SpeedTreeImporter/Content/SpeedTree9/EmptyNormal.uasset" 470
"../../../Engine/Plugins/Editor/SpeedTreeImporter/Content/SpeedTree9/EmptyNormal.uexp" 471
"../../../Engine/Plugins/Editor/SpeedTreeImporter/Content/SpeedTree9/Empty.uasset" 472
"../../../Engine/Plugins/Editor/SpeedTreeImporter/Content/SpeedTree9/Empty.uexp" 473
"../../../Engine/Plugins/Editor/SpeedTreeImporter/Content/SpeedTree9/SpeedTreeMaster.uasset" 474
"../../../Engine/Plugins/Editor/SpeedTreeImporter/Content/SpeedTree9/SpeedTreeMaster.uexp" 475
"../../../Engine/Plugins/Editor/SpeedTreeImporter/Content/SpeedTree9/SpeedTreeBillboard.uasset" 476
"../../../Engine/Plugins/Editor/SpeedTreeImporter/Content/SpeedTree9/SpeedTreeBillboard.uexp" 477
"../../../Engine/Plugins/Editor/SpeedTreeImporter/Content/SpeedTree9/SpeedTreeBillboardMaster.uasset" 478
"../../../Engine/Plugins/Editor/SpeedTreeImporter/Content/SpeedTree9/SpeedTreeBillboardMaster.uexp" 479
"../../../Engine/Content/Functions/Engine_MaterialFunctions02/Texturing/CustomRotator.uasset" 480
"../../../Engine/Content/Functions/Engine_MaterialFunctions02/Texturing/CustomRotator.uexp" 481
"../../../Engine/Content/Functions/Engine_MaterialFunctions02/Texturing/ScreenAlignedPixelToPixelUVs.uasset" 482
"../../../Engine/Content/Functions/Engine_MaterialFunctions02/Texturing/ScreenAlignedPixelToPixelUVs.uexp" 483
"../../../Engine/Plugins/Interchange/Runtime/Content/Utilities/T_Bayer64_Grayscale_64px.uasset" 484
"../../../Engine/Plugins/Interchange/Runtime/Content/Utilities/T_Bayer64_Grayscale_64px.uexp" 485
"../../../Engine/Plugins/Interchange/Runtime/Content/gltf/MaterialFunctions/MF_Temporal_Blur.uasset" 486
"../../../Engine/Plugins/Interchange/Runtime/Content/gltf/MaterialFunctions/MF_Temporal_Blur.uexp" 487
"../../../Engine/Plugins/Interchange/Runtime/Content/gltf/MaterialFunctions/MF_Fresnel_DS.uasset" 488
"../../../Engine/Plugins/Interchange/Runtime/Content/gltf/MaterialFunctions/MF_Fresnel_DS.uexp" 489
"../../../Engine/Plugins/Interchange/Runtime/Content/Functions/MX_Transmission.uasset" 490
"../../../Engine/Plugins/Interchange/Runtime/Content/Functions/MX_Transmission.uexp" 491
"../../../Engine/Plugins/Interchange/Runtime/Content/Functions/MF_OrenNayerView.uasset" 492
"../../../Engine/Plugins/Interchange/Runtime/Content/Functions/MF_OrenNayerView.uexp" 493
"../../../Engine/Plugins/Interchange/Runtime/Content/Functions/MF_SchlickApprox.uasset" 494
"../../../Engine/Plugins/Interchange/Runtime/Content/Functions/MF_SchlickApprox.uexp" 495
"../../../Engine/Plugins/Interchange/Runtime/Content/Utilities/New_LUT.uasset" 496
"../../../Engine/Plugins/Interchange/Runtime/Content/Utilities/New_LUT.uexp" 497
"../../../Engine/Content/Functions/Engine_MaterialFunctions03/Math/RemapValueRange.uasset" 498
"../../../Engine/Content/Functions/Engine_MaterialFunctions03/Math/RemapValueRange.uexp" 499
"../../../Engine/Plugins/Interchange/Runtime/Content/Functions/MF_Iridescence.uasset" 500
"../../../Engine/Plugins/Interchange/Runtime/Content/Functions/MF_Iridescence.uexp" 501
"../../../Engine/Plugins/Interchange/Runtime/Content/Functions/MX_StandardSurface.uasset" 502
"../../../Engine/Plugins/Interchange/Runtime/Content/Functions/MX_StandardSurface.uexp" 503
"../../../Engine/Plugins/Interchange/Runtime/Content/Functions/MX_TransmissionSurface.uasset" 504
"../../../Engine/Plugins/Interchange/Runtime/Content/Functions/MX_TransmissionSurface.uexp" 505
"../../../Engine/Content/Functions/Engine_MaterialFunctions02/Math/AddComponents.uasset" 506
"../../../Engine/Content/Functions/Engine_MaterialFunctions02/Math/AddComponents.uexp" 507
"../../../Engine/Content/Functions/Engine_MaterialFunctions02/WorldPositionOffset/V2/ObjectScale.uasset" 508
"../../../Engine/Content/Functions/Engine_MaterialFunctions02/WorldPositionOffset/V2/ObjectScale.uexp" 509
"../../../Engine/Plugins/Interchange/Runtime/Content/gltf/MaterialFunctions/MF_TransmissionOpacity.uasset" 510
"../../../Engine/Plugins/Interchange/Runtime/Content/gltf/MaterialFunctions/MF_TransmissionOpacity.uexp" 511
"../../../Engine/Plugins/Interchange/Runtime/Content/gltf/MaterialFunctions/MF_RotateV2.uasset" 512
"../../../Engine/Plugins/Interchange/Runtime/Content/gltf/MaterialFunctions/MF_RotateV2.uexp" 513
"../../../Engine/Plugins/Interchange/Runtime/Content/gltf/MaterialFunctions/MF_TransformUVs.uasset" 514
"../../../Engine/Plugins/Interchange/Runtime/Content/gltf/MaterialFunctions/MF_TransformUVs.uexp" 515
"../../../Engine/Plugins/Interchange/Runtime/Content/gltf/Textures/T_White_srgb.uasset" 516
"../../../Engine/Plugins/Interchange/Runtime/Content/gltf/Textures/T_White_srgb.uexp" 517
"../../../Engine/Plugins/Interchange/Runtime/Content/gltf/MaterialFunctions/MF_BaseColor.uasset" 518
"../../../Engine/Plugins/Interchange/Runtime/Content/gltf/MaterialFunctions/MF_BaseColor.uexp" 519
"../../../Engine/Plugins/Interchange/Runtime/Content/gltf/MaterialFunctions/MF_DiffuseSpecGloss.uasset" 520
"../../../Engine/Plugins/Interchange/Runtime/Content/gltf/MaterialFunctions/MF_DiffuseSpecGloss.uexp" 521
"../../../Engine/Plugins/Interchange/Runtime/Content/gltf/Textures/T_White_Linear.uasset" 522
"../../../Engine/Plugins/Interchange/Runtime/Content/gltf/Textures/T_White_Linear.uexp" 523
"../../../Engine/Plugins/Interchange/Runtime/Content/gltf/MaterialFunctions/MF_MetallicRoughness.uasset" 524
"../../../Engine/Plugins/Interchange/Runtime/Content/gltf/MaterialFunctions/MF_MetallicRoughness.uexp" 525
"../../../Engine/Plugins/Interchange/Runtime/Content/gltf/MaterialFunctions/MF_Transmission.uasset" 526
"../../../Engine/Plugins/Interchange/Runtime/Content/gltf/MaterialFunctions/MF_Transmission.uexp" 527
"../../../Engine/Plugins/Interchange/Runtime/Content/gltf/MaterialFunctions/MF_Occlusion.uasset" 528
"../../../Engine/Plugins/Interchange/Runtime/Content/gltf/MaterialFunctions/MF_Occlusion.uexp" 529
"../../../Engine/Plugins/Interchange/Runtime/Content/gltf/MaterialFunctions/MF_Specular.uasset" 530
"../../../Engine/Plugins/Interchange/Runtime/Content/gltf/MaterialFunctions/MF_Specular.uexp" 531
"../../../Engine/Plugins/Interchange/Runtime/Content/gltf/MaterialFunctions/MF_IOR.uasset" 532
"../../../Engine/Plugins/Interchange/Runtime/Content/gltf/MaterialFunctions/MF_IOR.uexp" 533
"../../../Engine/Content/Functions/Engine_MaterialFunctions01/Texturing/FlattenNormal.uasset" 534
"../../../Engine/Content/Functions/Engine_MaterialFunctions01/Texturing/FlattenNormal.uexp" 535
"../../../Engine/Content/Functions/Engine_MaterialFunctions02/Math/Transform3x3Matrix.uasset" 536
"../../../Engine/Content/Functions/Engine_MaterialFunctions02/Math/Transform3x3Matrix.uexp" 537
"../../../Engine/Plugins/Interchange/Runtime/Content/gltf/MaterialFunctions/MF_RotateNormals_TS.uasset" 538
"../../../Engine/Plugins/Interchange/Runtime/Content/gltf/MaterialFunctions/MF_RotateNormals_TS.uexp" 539
"../../../Engine/Plugins/Interchange/Runtime/Content/gltf/Textures/T_Generic_N.uasset" 540
"../../../Engine/Plugins/Interchange/Runtime/Content/gltf/Textures/T_Generic_N.uexp" 541
"../../../Engine/Plugins/Interchange/Runtime/Content/gltf/MaterialFunctions/MF_Normals.uasset" 542
"../../../Engine/Plugins/Interchange/Runtime/Content/gltf/MaterialFunctions/MF_Normals.uexp" 543
"../../../Engine/Plugins/Interchange/Runtime/Content/gltf/MaterialFunctions/MF_PerceivedBrightness.uasset" 544
"../../../Engine/Plugins/Interchange/Runtime/Content/gltf/MaterialFunctions/MF_PerceivedBrightness.uexp" 545
"../../../Engine/Plugins/Interchange/Runtime/Content/gltf/MaterialFunctions/MF_SpecGlossToMetalRoughness.uasset" 546
"../../../Engine/Plugins/Interchange/Runtime/Content/gltf/MaterialFunctions/MF_SpecGlossToMetalRoughness.uexp" 547
"../../../Engine/Plugins/Interchange/Runtime/Content/gltf/M_Transmission.uasset" 548
"../../../Engine/Plugins/Interchange/Runtime/Content/gltf/M_Transmission.uexp" 549
"../../../Engine/Plugins/Interchange/Runtime/Content/gltf/MaterialInstances_MR/MI_Transmission_TS.uasset" 550
"../../../Engine/Plugins/Interchange/Runtime/Content/gltf/MaterialInstances_MR/MI_Transmission_TS.uexp" 551
"../../../Engine/Plugins/Interchange/Runtime/Content/gltf/MaterialInstances_MR/MI_Transmission.uasset" 552
"../../../Engine/Plugins/Interchange/Runtime/Content/gltf/MaterialInstances_MR/MI_Transmission.uexp" 553
"../../../Engine/Plugins/Interchange/Runtime/Content/gltf/MaterialFunctions/MF_Clearcoat.uasset" 554
"../../../Engine/Plugins/Interchange/Runtime/Content/gltf/MaterialFunctions/MF_Clearcoat.uexp" 555
"../../../Engine/Plugins/Interchange/Runtime/Content/gltf/MaterialFunctions/MF_Emissive.uasset" 556
"../../../Engine/Plugins/Interchange/Runtime/Content/gltf/MaterialFunctions/MF_Emissive.uexp" 557
"../../../Engine/Plugins/Interchange/Runtime/Content/gltf/M_Translucent.uasset" 558
"../../../Engine/Plugins/Interchange/Runtime/Content/gltf/M_Translucent.uexp" 559
"../../../Engine/Plugins/Interchange/Runtime/Content/gltf/MaterialInstances_MR/MI_Translucent_TS.uasset" 560
"../../../Engine/Plugins/Interchange/Runtime/Content/gltf/MaterialInstances_MR/MI_Translucent_TS.uexp" 561
"../../../Engine/Plugins/Interchange/Runtime/Content/gltf/MaterialInstances_MR/MI_Translucent_ClearCoat_TS.uasset" 562
"../../../Engine/Plugins/Interchange/Runtime/Content/gltf/MaterialInstances_MR/MI_Translucent_ClearCoat_TS.uexp" 563
"../../../Engine/Plugins/Interchange/Runtime/Content/gltf/MaterialInstances_MR/MI_Translucent_ClearCoat.uasset" 564
"../../../Engine/Plugins/Interchange/Runtime/Content/gltf/MaterialInstances_MR/MI_Translucent_ClearCoat.uexp" 565
"../../../Engine/Plugins/Interchange/Runtime/Content/gltf/MaterialInstances_MR/MI_Translucent.uasset" 566
"../../../Engine/Plugins/Interchange/Runtime/Content/gltf/MaterialInstances_MR/MI_Translucent.uexp" 567
"../../../Engine/Plugins/Interchange/Runtime/Content/gltf/M_Unlit.uasset" 568
"../../../Engine/Plugins/Interchange/Runtime/Content/gltf/M_Unlit.uexp" 569
"../../../Engine/Plugins/Interchange/Runtime/Content/gltf/MaterialInstances_MR/MI_Opaque_Unlit_TS.uasset" 570
"../../../Engine/Plugins/Interchange/Runtime/Content/gltf/MaterialInstances_MR/MI_Opaque_Unlit_TS.uexp" 571
"../../../Engine/Plugins/Interchange/Runtime/Content/gltf/MaterialInstances_MR/MI_Opaque_Unlit.uasset" 572
"../../../Engine/Plugins/Interchange/Runtime/Content/gltf/MaterialInstances_MR/MI_Opaque_Unlit.uexp" 573
"../../../Engine/Plugins/Interchange/Runtime/Content/gltf/M_Opaque.uasset" 574
"../../../Engine/Plugins/Interchange/Runtime/Content/gltf/M_Opaque.uexp" 575
"../../../Engine/Plugins/Interchange/Runtime/Content/gltf/MaterialInstances_MR/MI_Opaque_TS.uasset" 576
"../../../Engine/Plugins/Interchange/Runtime/Content/gltf/MaterialInstances_MR/MI_Opaque_TS.uexp" 577
"../../../Engine/Plugins/Interchange/Runtime/Content/gltf/MaterialFunctions/MF_Sheen.uasset" 578
"../../../Engine/Plugins/Interchange/Runtime/Content/gltf/MaterialFunctions/MF_Sheen.uexp" 579
"../../../Engine/Content/Functions/Engine_MaterialFunctions01/Shading/FuzzyShading.uasset" 580
"../../../Engine/Content/Functions/Engine_MaterialFunctions01/Shading/FuzzyShading.uexp" 581
"../../../Engine/Plugins/Interchange/Runtime/Content/gltf/M_Sheen.uasset" 582
"../../../Engine/Plugins/Interchange/Runtime/Content/gltf/M_Sheen.uexp" 583
"../../../Engine/Plugins/Interchange/Runtime/Content/gltf/MaterialInstances_MR/MI_Opaque_Sheen_TS.uasset" 584
"../../../Engine/Plugins/Interchange/Runtime/Content/gltf/MaterialInstances_MR/MI_Opaque_Sheen_TS.uexp" 585
"../../../Engine/Plugins/Interchange/Runtime/Content/gltf/MaterialInstances_MR/MI_Opaque_Sheen.uasset" 586
"../../../Engine/Plugins/Interchange/Runtime/Content/gltf/MaterialInstances_MR/MI_Opaque_Sheen.uexp" 587
"../../../Engine/Plugins/Interchange/Runtime/Content/gltf/MaterialInstances_MR/MI_Opaque_ClearCoat_TS.uasset" 588
"../../../Engine/Plugins/Interchange/Runtime/Content/gltf/MaterialInstances_MR/MI_Opaque_ClearCoat_TS.uexp" 589
"../../../Engine/Plugins/Interchange/Runtime/Content/gltf/MaterialInstances_MR/MI_Opaque_ClearCoat.uasset" 590
"../../../Engine/Plugins/Interchange/Runtime/Content/gltf/MaterialInstances_MR/MI_Opaque_ClearCoat.uexp" 591
"../../../Engine/Plugins/Interchange/Runtime/Content/gltf/MaterialInstances_MR/MI_Opaque.uasset" 592
"../../../Engine/Plugins/Interchange/Runtime/Content/gltf/MaterialInstances_MR/MI_Opaque.uexp" 593
"../../../Engine/Plugins/Interchange/Runtime/Content/gltf/MaterialInstances_SG/MI_Transmission_TS.uasset" 594
"../../../Engine/Plugins/Interchange/Runtime/Content/gltf/MaterialInstances_SG/MI_Transmission_TS.uexp" 595
"../../../Engine/Plugins/Interchange/Runtime/Content/gltf/MaterialInstances_SG/MI_Transmission.uasset" 596
"../../../Engine/Plugins/Interchange/Runtime/Content/gltf/MaterialInstances_SG/MI_Transmission.uexp" 597
"../../../Engine/Plugins/Interchange/Runtime/Content/gltf/MaterialInstances_SG/MI_Translucent_TS.uasset" 598
"../../../Engine/Plugins/Interchange/Runtime/Content/gltf/MaterialInstances_SG/MI_Translucent_TS.uexp" 599
"../../../Engine/Plugins/Interchange/Runtime/Content/gltf/MaterialInstances_SG/MI_Translucent_ClearCoat_TS.uasset" 600
"../../../Engine/Plugins/Interchange/Runtime/Content/gltf/MaterialInstances_SG/MI_Translucent_ClearCoat_TS.uexp" 601
"../../../Engine/Plugins/Interchange/Runtime/Content/gltf/MaterialInstances_SG/MI_Translucent_ClearCoat.uasset" 602
"../../../Engine/Plugins/Interchange/Runtime/Content/gltf/MaterialInstances_SG/MI_Translucent_ClearCoat.uexp" 603
"../../../Engine/Plugins/Interchange/Runtime/Content/gltf/MaterialInstances_SG/MI_Translucent.uasset" 604
"../../../Engine/Plugins/Interchange/Runtime/Content/gltf/MaterialInstances_SG/MI_Translucent.uexp" 605
"../../../Engine/Plugins/Interchange/Runtime/Content/gltf/MaterialInstances_SG/MI_Opaque_TS.uasset" 606
"../../../Engine/Plugins/Interchange/Runtime/Content/gltf/MaterialInstances_SG/MI_Opaque_TS.uexp" 607
"../../../Engine/Plugins/Interchange/Runtime/Content/gltf/MaterialInstances_SG/MI_Opaque_Sheen_TS.uasset" 608
"../../../Engine/Plugins/Interchange/Runtime/Content/gltf/MaterialInstances_SG/MI_Opaque_Sheen_TS.uexp" 609
"../../../Engine/Plugins/Interchange/Runtime/Content/gltf/MaterialInstances_SG/MI_Opaque_Sheen.uasset" 610
"../../../Engine/Plugins/Interchange/Runtime/Content/gltf/MaterialInstances_SG/MI_Opaque_Sheen.uexp" 611
"../../../Engine/Plugins/Interchange/Runtime/Content/gltf/MaterialInstances_SG/MI_Opaque_ClearCoat_TS.uasset" 612
"../../../Engine/Plugins/Interchange/Runtime/Content/gltf/MaterialInstances_SG/MI_Opaque_ClearCoat_TS.uexp" 613
"../../../Engine/Plugins/Interchange/Runtime/Content/gltf/MaterialInstances_SG/MI_Opaque_ClearCoat.uasset" 614
"../../../Engine/Plugins/Interchange/Runtime/Content/gltf/MaterialInstances_SG/MI_Opaque_ClearCoat.uexp" 615
"../../../Engine/Plugins/Interchange/Runtime/Content/gltf/MaterialInstances_SG/MI_Opaque.uasset" 616
"../../../Engine/Plugins/Interchange/Runtime/Content/gltf/MaterialInstances_SG/MI_Opaque.uexp" 617
"../../../Engine/Plugins/Interchange/Runtime/Content/gltf/Textures/T_Gray_Linear.uasset" 618
"../../../Engine/Plugins/Interchange/Runtime/Content/gltf/Textures/T_Gray_Linear.uexp" 619
"../../../Engine/Plugins/Interchange/Runtime/Content/gltf/Textures/T_Black_srgb.uasset" 620
"../../../Engine/Plugins/Interchange/Runtime/Content/gltf/Textures/T_Black_srgb.uexp" 621
"../../../Engine/Plugins/Interchange/Runtime/Content/Materials/UnlitMaterial.uasset" 622
"../../../Engine/Plugins/Interchange/Runtime/Content/Materials/UnlitMaterial.uexp" 623
"../../../Engine/Content/EngineMaterials/DefaultNormal.uasset" 624
"../../../Engine/Content/EngineMaterials/DefaultNormal.ubulk" 625
"../../../Engine/Content/EngineMaterials/DefaultNormal.uexp" 626
"../../../Engine/Plugins/Interchange/Runtime/Content/Materials/MapOrScalarFunction.uasset" 627
"../../../Engine/Plugins/Interchange/Runtime/Content/Materials/MapOrScalarFunction.uexp" 628
"../../../Engine/Plugins/Interchange/Runtime/Content/Materials/MapOrLinearColorFunction.uasset" 629
"../../../Engine/Plugins/Interchange/Runtime/Content/Materials/MapOrLinearColorFunction.uexp" 630
"../../../Engine/Plugins/Interchange/Runtime/Content/Materials/MapOrColorFunction.uasset" 631
"../../../Engine/Plugins/Interchange/Runtime/Content/Materials/MapOrColorFunction.uexp" 632
"../../../Engine/Plugins/Interchange/Runtime/Content/Materials/CommonMaterial.uasset" 633
"../../../Engine/Plugins/Interchange/Runtime/Content/Materials/CommonMaterial.uexp" 634
"../../../Engine/Plugins/Interchange/Runtime/Content/Materials/PBRSurfaceFunction.uasset" 635
"../../../Engine/Plugins/Interchange/Runtime/Content/Materials/PBRSurfaceFunction.uexp" 636
"../../../Engine/Plugins/Interchange/Runtime/Content/Materials/ThinTranslucentMaterial.uasset" 637
"../../../Engine/Plugins/Interchange/Runtime/Content/Materials/ThinTranslucentMaterial.uexp" 638
"../../../Engine/Plugins/Interchange/Runtime/Content/Materials/SubsurfaceMaterial.uasset" 639
"../../../Engine/Plugins/Interchange/Runtime/Content/Materials/SubsurfaceMaterial.uexp" 640
"../../../Engine/Plugins/Interchange/Runtime/Content/Materials/SheenMaterial.uasset" 641
"../../../Engine/Plugins/Interchange/Runtime/Content/Materials/SheenMaterial.uexp" 642
"../../../Engine/Content/Functions/Engine_MaterialFunctions01/Shading/ConvertFromDiffSpec.uasset" 643
"../../../Engine/Content/Functions/Engine_MaterialFunctions01/Shading/ConvertFromDiffSpec.uexp" 644
"../../../Engine/Plugins/Interchange/Runtime/Content/Materials/PhongSurfaceMaterial.uasset" 645
"../../../Engine/Plugins/Interchange/Runtime/Content/Materials/PhongSurfaceMaterial.uexp" 646
"../../../Engine/Plugins/Interchange/Runtime/Content/Materials/PBRSurfaceMaterial.uasset" 647
"../../../Engine/Plugins/Interchange/Runtime/Content/Materials/PBRSurfaceMaterial.uexp" 648
"../../../Engine/Content/EngineMaterials/FlatNormal.uasset" 649
"../../../Engine/Content/EngineMaterials/FlatNormal.uexp" 650
"../../../Engine/Content/EditorLandscapeResources/WhiteSquareTexture.uasset" 651
"../../../Engine/Content/EditorLandscapeResources/WhiteSquareTexture.uexp" 652
"../../../Engine/Plugins/Interchange/Runtime/Content/Materials/OrenNayerMaterial.uasset" 653
"../../../Engine/Plugins/Interchange/Runtime/Content/Materials/OrenNayerMaterial.uexp" 654
"../../../Engine/Plugins/Interchange/Runtime/Content/Materials/LambertSurfaceMaterial.uasset" 655
"../../../Engine/Plugins/Interchange/Runtime/Content/Materials/LambertSurfaceMaterial.uexp" 656
"../../../Engine/Plugins/Interchange/Runtime/Content/Materials/ClearCoatMaterial.uasset" 657
"../../../Engine/Plugins/Interchange/Runtime/Content/Materials/ClearCoatMaterial.uexp" 658
"../../../Engine/Plugins/Interchange/Runtime/Content/Pipelines/DefaultTexturePipeline.uasset" 659
"../../../Engine/Plugins/Interchange/Runtime/Content/Pipelines/DefaultTexturePipeline.uexp" 660
"../../../Engine/Plugins/Interchange/Runtime/Content/Pipelines/DefaultSceneLevelPipeline.uasset" 661
"../../../Engine/Plugins/Interchange/Runtime/Content/Pipelines/DefaultSceneLevelPipeline.uexp" 662
"../../../Engine/Plugins/Interchange/Runtime/Content/Pipelines/DefaultSceneAssetsPipeline.uasset" 663
"../../../Engine/Plugins/Interchange/Runtime/Content/Pipelines/DefaultSceneAssetsPipeline.uexp" 664
"../../../Engine/Plugins/Interchange/Runtime/Content/Pipelines/DefaultMaterialPipeline.uasset" 665
"../../../Engine/Plugins/Interchange/Runtime/Content/Pipelines/DefaultMaterialPipeline.uexp" 666
"../../../Engine/Plugins/Interchange/Runtime/Content/Pipelines/DefaultAssetsPipeline.uasset" 667
"../../../Engine/Plugins/Interchange/Runtime/Content/Pipelines/DefaultAssetsPipeline.uexp" 668
"../../../Engine/Plugins/Runtime/MeshModelingToolset/Content/Materials/M_DynamicMeshComponentVtxColor.uasset" 669
"../../../Engine/Plugins/Runtime/MeshModelingToolset/Content/Materials/M_DynamicMeshComponentVtxColor.uexp" 670
"../../../Engine/Content/Maps/Entry_BuiltData.uasset" 671
"../../../Engine/Content/Maps/Entry_BuiltData.uexp" 672
"../../../Engine/Content/Maps/Entry.umap" 673
"../../../Engine/Content/Maps/Entry.uexp" 674
"D:/Unreal Projects/ProjectHomunculus/Content/Assets/Sprite/background1-cover2.uasset" 675
"D:/Unreal Projects/ProjectHomunculus/Content/Assets/Sprite/background1-cover2.uexp" 676
"D:/Unreal Projects/ProjectHomunculus/Content/Assets/Sprite/background1-cover2_Sprite_0.uasset" 677
"D:/Unreal Projects/ProjectHomunculus/Content/Assets/Sprite/background1-cover2_Sprite_0.uexp" 678
"D:/Unreal Projects/ProjectHomunculus/Content/Assets/PawnFlipbook/background1-LeftDoor.uasset" 679
"D:/Unreal Projects/ProjectHomunculus/Content/Assets/PawnFlipbook/background1-LeftDoor.uexp" 680
"../../../Engine/Plugins/2D/Paper2D/Content/TranslucentUnlitSpriteMaterial.uasset" 681
"../../../Engine/Plugins/2D/Paper2D/Content/TranslucentUnlitSpriteMaterial.uexp" 682
"D:/Unreal Projects/ProjectHomunculus/Content/Assets/Sprite/background2.uasset" 683
"D:/Unreal Projects/ProjectHomunculus/Content/Assets/Sprite/background2.uexp" 684
"D:/Unreal Projects/ProjectHomunculus/Content/Assets/Sprite/background2_Sprite.uasset" 685
"D:/Unreal Projects/ProjectHomunculus/Content/Assets/Sprite/background2_Sprite.uexp" 686
"D:/Unreal Projects/ProjectHomunculus/Content/Assets/PawnTexture/character2.uasset" 687
"D:/Unreal Projects/ProjectHomunculus/Content/Assets/PawnTexture/character2.uexp" 688
"D:/Unreal Projects/ProjectHomunculus/Content/Assets/Sprite/character2.uasset" 689
"D:/Unreal Projects/ProjectHomunculus/Content/Assets/Sprite/character2.uexp" 690
"D:/Unreal Projects/ProjectHomunculus/Content/Assets/PawnTexture/character1.uasset" 691
"D:/Unreal Projects/ProjectHomunculus/Content/Assets/PawnTexture/character1.uexp" 692
"D:/Unreal Projects/ProjectHomunculus/Content/Assets/Sprite/character1.uasset" 693
"D:/Unreal Projects/ProjectHomunculus/Content/Assets/Sprite/character1.uexp" 694
"D:/Unreal Projects/ProjectHomunculus/Content/Blueprints/TitleMob.uasset" 695
"D:/Unreal Projects/ProjectHomunculus/Content/Blueprints/TitleMob.uexp" 696
"D:/Unreal Projects/ProjectHomunculus/Content/Assets/Sprite/background1-cover2_Sprite_1.uasset" 697
"D:/Unreal Projects/ProjectHomunculus/Content/Assets/Sprite/background1-cover2_Sprite_1.uexp" 698
"D:/Unreal Projects/ProjectHomunculus/Content/Assets/PawnFlipbook/background1-RightDoor.uasset" 699
"D:/Unreal Projects/ProjectHomunculus/Content/Assets/PawnFlipbook/background1-RightDoor.uexp" 700
"D:/Unreal Projects/ProjectHomunculus/Content/Assets/Sprite/background1.uasset" 701
"D:/Unreal Projects/ProjectHomunculus/Content/Assets/Sprite/background1.uexp" 702
"D:/Unreal Projects/ProjectHomunculus/Content/Assets/Sprite/background1_Sprite.uasset" 703
"D:/Unreal Projects/ProjectHomunculus/Content/Assets/Sprite/background1_Sprite.uexp" 704
"D:/Unreal Projects/ProjectHomunculus/Content/Assets/Background/background_1.uasset" 705
"D:/Unreal Projects/ProjectHomunculus/Content/Assets/Background/background_1.uexp" 706
"D:/Unreal Projects/ProjectHomunculus/Content/Assets/Background/background_2.uasset" 707
"D:/Unreal Projects/ProjectHomunculus/Content/Assets/Background/background_2.uexp" 708
"D:/Unreal Projects/ProjectHomunculus/Content/Assets/Sprite/background3.uasset" 709
"D:/Unreal Projects/ProjectHomunculus/Content/Assets/Sprite/background3.uexp" 710
"D:/Unreal Projects/ProjectHomunculus/Content/Assets/Sprite/background3_Sprite.uasset" 711
"D:/Unreal Projects/ProjectHomunculus/Content/Assets/Sprite/background3_Sprite.uexp" 712
"D:/Unreal Projects/ProjectHomunculus/Content/Assets/Background/background_3.uasset" 713
"D:/Unreal Projects/ProjectHomunculus/Content/Assets/Background/background_3.uexp" 714
"../../../Engine/Content/EditorBlueprintResources/StandardMacros.uasset" 715
"../../../Engine/Content/EditorBlueprintResources/StandardMacros.uexp" 716
"D:/Unreal Projects/ProjectHomunculus/Content/Blueprints/Background_Title.uasset" 717
"D:/Unreal Projects/ProjectHomunculus/Content/Blueprints/Background_Title.uexp" 718
"D:/Unreal Projects/ProjectHomunculus/Content/TitleMenu_BuiltData.uasset" 719
"D:/Unreal Projects/ProjectHomunculus/Content/TitleMenu_BuiltData.uexp" 720
"D:/Unreal Projects/ProjectHomunculus/Content/Blueprints/Player/PlayerDamagedCameraShake.uasset" 721
"D:/Unreal Projects/ProjectHomunculus/Content/Blueprints/Player/PlayerDamagedCameraShake.uexp" 722
"D:/Unreal Projects/ProjectHomunculus/Content/Blueprints/CameraActor_Custom.uasset" 723
"D:/Unreal Projects/ProjectHomunculus/Content/Blueprints/CameraActor_Custom.uexp" 724
"D:/Unreal Projects/ProjectHomunculus/Content/Assets/PressStart2P-Regular.uasset" 725
"D:/Unreal Projects/ProjectHomunculus/Content/Assets/PressStart2P-Regular.ufont" 726
"D:/Unreal Projects/ProjectHomunculus/Content/Assets/PressStart2P-Regular.uexp" 727
"D:/Unreal Projects/ProjectHomunculus/Content/Assets/PressStart2P-Regular_Font.uasset" 728
"D:/Unreal Projects/ProjectHomunculus/Content/Assets/PressStart2P-Regular_Font.uexp" 729
"D:/Unreal Projects/ProjectHomunculus/Content/Blueprints/GameOver.uasset" 730
"D:/Unreal Projects/ProjectHomunculus/Content/Blueprints/GameOver.uexp" 731
"D:/Unreal Projects/ProjectHomunculus/Content/Blueprints/PauseMenu.uasset" 732
"D:/Unreal Projects/ProjectHomunculus/Content/Blueprints/PauseMenu.uexp" 733
"D:/Unreal Projects/ProjectHomunculus/Content/Assets/PawnTexture/Boss.uasset" 734
"D:/Unreal Projects/ProjectHomunculus/Content/Assets/PawnTexture/Boss.uexp" 735
"D:/Unreal Projects/ProjectHomunculus/Content/Assets/Sprite/Boss_Sprite.uasset" 736
"D:/Unreal Projects/ProjectHomunculus/Content/Assets/Sprite/Boss_Sprite.uexp" 737
"D:/Unreal Projects/ProjectHomunculus/Content/Assets/PawnFlipbook/Boss_Flipbook.uasset" 738
"D:/Unreal Projects/ProjectHomunculus/Content/Assets/PawnFlipbook/Boss_Flipbook.uexp" 739
"D:/Unreal Projects/ProjectHomunculus/Content/Assets/NormalActorTexture/bullet3.uasset" 740
"D:/Unreal Projects/ProjectHomunculus/Content/Assets/NormalActorTexture/bullet3.ubulk" 741
"D:/Unreal Projects/ProjectHomunculus/Content/Assets/NormalActorTexture/bullet3.uexp" 742
"D:/Unreal Projects/ProjectHomunculus/Content/Assets/NormalActorTexture/bullet3_Target.uasset" 743
"D:/Unreal Projects/ProjectHomunculus/Content/Assets/NormalActorTexture/bullet3_Target.uexp" 744
"D:/Unreal Projects/ProjectHomunculus/Content/Assets/NormalActorTexture/bullet3_Warning.uasset" 745
"D:/Unreal Projects/ProjectHomunculus/Content/Assets/NormalActorTexture/bullet3_Warning.uexp" 746
"D:/Unreal Projects/ProjectHomunculus/Content/Assets/ActorFlipbook/bullet_Target.uasset" 747
"D:/Unreal Projects/ProjectHomunculus/Content/Assets/ActorFlipbook/bullet_Target.uexp" 748
"D:/Unreal Projects/ProjectHomunculus/Content/Assets/NormalActorTexture/bullet3_Flying.uasset" 749
"D:/Unreal Projects/ProjectHomunculus/Content/Assets/NormalActorTexture/bullet3_Flying.uexp" 750
"D:/Unreal Projects/ProjectHomunculus/Content/Assets/ActorFlipbook/bullet_Flying.uasset" 751
"D:/Unreal Projects/ProjectHomunculus/Content/Assets/ActorFlipbook/bullet_Flying.uexp" 752
"D:/Unreal Projects/ProjectHomunculus/Content/Assets/Music/Explode.uasset" 753
"D:/Unreal Projects/ProjectHomunculus/Content/Assets/Music/Explode.ubulk" 754
"D:/Unreal Projects/ProjectHomunculus/Content/Assets/Music/Explode.uexp" 755
"D:/Unreal Projects/ProjectHomunculus/Content/Assets/NormalActorTexture/bullet3_Explosion.uasset" 756
"D:/Unreal Projects/ProjectHomunculus/Content/Assets/NormalActorTexture/bullet3_Explosion.uexp" 757
"D:/Unreal Projects/ProjectHomunculus/Content/Assets/PawnTexture/Explosion.uasset" 758
"D:/Unreal Projects/ProjectHomunculus/Content/Assets/PawnTexture/Explosion.ubulk" 759
"D:/Unreal Projects/ProjectHomunculus/Content/Assets/PawnTexture/Explosion.uexp" 760
"D:/Unreal Projects/ProjectHomunculus/Content/Assets/Sprite/Explosion_Sprite_0.uasset" 761
"D:/Unreal Projects/ProjectHomunculus/Content/Assets/Sprite/Explosion_Sprite_0.uexp" 762
"D:/Unreal Projects/ProjectHomunculus/Content/Assets/Sprite/Explosion_Sprite_1.uasset" 763
"D:/Unreal Projects/ProjectHomunculus/Content/Assets/Sprite/Explosion_Sprite_1.uexp" 764
"D:/Unreal Projects/ProjectHomunculus/Content/Assets/Sprite/Explosion_Sprite_2.uasset" 765
"D:/Unreal Projects/ProjectHomunculus/Content/Assets/Sprite/Explosion_Sprite_2.uexp" 766
"D:/Unreal Projects/ProjectHomunculus/Content/Assets/Sprite/Explosion_Sprite_3.uasset" 767
"D:/Unreal Projects/ProjectHomunculus/Content/Assets/Sprite/Explosion_Sprite_3.uexp" 768
"D:/Unreal Projects/ProjectHomunculus/Content/Assets/Sprite/Explosion_Sprite_4.uasset" 769
"D:/Unreal Projects/ProjectHomunculus/Content/Assets/Sprite/Explosion_Sprite_4.uexp" 770
"D:/Unreal Projects/ProjectHomunculus/Content/Assets/Sprite/Explosion_Sprite_5.uasset" 771
"D:/Unreal Projects/ProjectHomunculus/Content/Assets/Sprite/Explosion_Sprite_5.uexp" 772
"D:/Unreal Projects/ProjectHomunculus/Content/Assets/Sprite/Explosion_Sprite_6.uasset" 773
"D:/Unreal Projects/ProjectHomunculus/Content/Assets/Sprite/Explosion_Sprite_6.uexp" 774
"D:/Unreal Projects/ProjectHomunculus/Content/Assets/Sprite/Explosion_Sprite_7.uasset" 775
"D:/Unreal Projects/ProjectHomunculus/Content/Assets/Sprite/Explosion_Sprite_7.uexp" 776
"D:/Unreal Projects/ProjectHomunculus/Content/Assets/ActorFlipbook/Explosion.uasset" 777
"D:/Unreal Projects/ProjectHomunculus/Content/Assets/ActorFlipbook/Explosion.uexp" 778
"D:/Unreal Projects/ProjectHomunculus/Content/Blueprints/Player/Explode.uasset" 779
"D:/Unreal Projects/ProjectHomunculus/Content/Blueprints/Player/Explode.uexp" 780
"D:/Unreal Projects/ProjectHomunculus/Content/Assets/PawnTexture/Player.uasset" 781
"D:/Unreal Projects/ProjectHomunculus/Content/Assets/PawnTexture/Player.uexp" 782
"D:/Unreal Projects/ProjectHomunculus/Content/Assets/Sprite/Player_Sprite_0.uasset" 783
"D:/Unreal Projects/ProjectHomunculus/Content/Assets/Sprite/Player_Sprite_0.uexp" 784
"D:/Unreal Projects/ProjectHomunculus/Content/Assets/Sprite/Player_Sprite_1.uasset" 785
"D:/Unreal Projects/ProjectHomunculus/Content/Assets/Sprite/Player_Sprite_1.uexp" 786
"D:/Unreal Projects/ProjectHomunculus/Content/Assets/PawnFlipbook/PlayerFlipbook_Normal.uasset" 787
"D:/Unreal Projects/ProjectHomunculus/Content/Assets/PawnFlipbook/PlayerFlipbook_Normal.uexp" 788
"D:/Unreal Projects/ProjectHomunculus/Content/Blueprints/Player/PlayerController_0.uasset" 789
"D:/Unreal Projects/ProjectHomunculus/Content/Blueprints/Player/PlayerController_0.uexp" 790
"D:/Unreal Projects/ProjectHomunculus/Content/Assets/Sprite/character1_ShootLeft.uasset" 791
"D:/Unreal Projects/ProjectHomunculus/Content/Assets/Sprite/character1_ShootLeft.uexp" 792
"D:/Unreal Projects/ProjectHomunculus/Content/Assets/PawnFlipbook/character_Enemy1Left.uasset" 793
"D:/Unreal Projects/ProjectHomunculus/Content/Assets/PawnFlipbook/character_Enemy1Left.uexp" 794
"D:/Unreal Projects/ProjectHomunculus/Content/Assets/Sprite/character1_Shoot.uasset" 795
"D:/Unreal Projects/ProjectHomunculus/Content/Assets/Sprite/character1_Shoot.uexp" 796
"D:/Unreal Projects/ProjectHomunculus/Content/Assets/PawnFlipbook/character_Enemy1.uasset" 797
"D:/Unreal Projects/ProjectHomunculus/Content/Assets/PawnFlipbook/character_Enemy1.uexp" 798
"D:/Unreal Projects/ProjectHomunculus/Content/Assets/Sprite/character1_ShootRight.uasset" 799
"D:/Unreal Projects/ProjectHomunculus/Content/Assets/Sprite/character1_ShootRight.uexp" 800
"D:/Unreal Projects/ProjectHomunculus/Content/Assets/PawnFlipbook/character_Enemy1Right.uasset" 801
"D:/Unreal Projects/ProjectHomunculus/Content/Assets/PawnFlipbook/character_Enemy1Right.uexp" 802
"D:/Unreal Projects/ProjectHomunculus/Content/Assets/PawnTexture/fighter1.uasset" 803
"D:/Unreal Projects/ProjectHomunculus/Content/Assets/PawnTexture/fighter1.uexp" 804
"D:/Unreal Projects/ProjectHomunculus/Content/Assets/Sprite/fighter1_Sprite.uasset" 805
"D:/Unreal Projects/ProjectHomunculus/Content/Assets/Sprite/fighter1_Sprite.uexp" 806
"D:/Unreal Projects/ProjectHomunculus/Content/Assets/PawnFlipbook/Enemyfighter_Flipbook.uasset" 807
"D:/Unreal Projects/ProjectHomunculus/Content/Assets/PawnFlipbook/Enemyfighter_Flipbook.uexp" 808
"D:/Unreal Projects/ProjectHomunculus/Content/Assets/NormalActorTexture/Electric_Field.uasset" 809
"D:/Unreal Projects/ProjectHomunculus/Content/Assets/NormalActorTexture/Electric_Field.uexp" 810
"D:/Unreal Projects/ProjectHomunculus/Content/Assets/NormalActorTexture/Electric_Field_Sprite.uasset" 811
"D:/Unreal Projects/ProjectHomunculus/Content/Assets/NormalActorTexture/Electric_Field_Sprite.uexp" 812
"D:/Unreal Projects/ProjectHomunculus/Content/Assets/ActorFlipbook/Electric_FieldFlipbook.uasset" 813
"D:/Unreal Projects/ProjectHomunculus/Content/Assets/ActorFlipbook/Electric_FieldFlipbook.uexp" 814
"D:/Unreal Projects/ProjectHomunculus/Content/Assets/ActorFlipbook/bullet_Explosion.uasset" 815
"D:/Unreal Projects/ProjectHomunculus/Content/Assets/ActorFlipbook/bullet_Explosion.uexp" 816
"D:/Unreal Projects/ProjectHomunculus/Content/Blueprints/Enemy/EnemyBulletExplosion.uasset" 817
"D:/Unreal Projects/ProjectHomunculus/Content/Blueprints/Enemy/EnemyBulletExplosion.uexp" 818
"D:/Unreal Projects/ProjectHomunculus/Content/Blueprints/Enemy/EnemyBullet_Triangle.uasset" 819
"D:/Unreal Projects/ProjectHomunculus/Content/Blueprints/Enemy/EnemyBullet_Triangle.uexp" 820
"D:/Unreal Projects/ProjectHomunculus/Content/Blueprints/Player/PlayerBlueprint_Character2.uasset" 821
"D:/Unreal Projects/ProjectHomunculus/Content/Blueprints/Player/PlayerBlueprint_Character2.uexp" 822
"D:/Unreal Projects/ProjectHomunculus/Content/Blueprints/Player/PlayerBlueprint_Character1.uasset" 823
"D:/Unreal Projects/ProjectHomunculus/Content/Blueprints/Player/PlayerBlueprint_Character1.uexp" 824
"D:/Unreal Projects/ProjectHomunculus/Content/Blueprints/Player/PlayerShotField.uasset" 825
"D:/Unreal Projects/ProjectHomunculus/Content/Blueprints/Player/PlayerShotField.uexp" 826
"D:/Unreal Projects/ProjectHomunculus/Content/Assets/Music/Shoot.uasset" 827
"D:/Unreal Projects/ProjectHomunculus/Content/Assets/Music/Shoot.ubulk" 828
"D:/Unreal Projects/ProjectHomunculus/Content/Assets/Music/Shoot.uexp" 829
"D:/Unreal Projects/ProjectHomunculus/Content/Blueprints/Enemy/EnemyBase.uasset" 830
"D:/Unreal Projects/ProjectHomunculus/Content/Blueprints/Enemy/EnemyBase.uexp" 831
"D:/Unreal Projects/ProjectHomunculus/Content/Blueprints/Enemy/Enemy_Clone1.uasset" 832
"D:/Unreal Projects/ProjectHomunculus/Content/Blueprints/Enemy/Enemy_Clone1.uexp" 833
"D:/Unreal Projects/ProjectHomunculus/Content/Assets/PawnTexture/bullet1.uasset" 834
"D:/Unreal Projects/ProjectHomunculus/Content/Assets/PawnTexture/bullet1.uexp" 835
"D:/Unreal Projects/ProjectHomunculus/Content/Assets/Sprite/bullet1_Sprite_0.uasset" 836
"D:/Unreal Projects/ProjectHomunculus/Content/Assets/Sprite/bullet1_Sprite_0.uexp" 837
"D:/Unreal Projects/ProjectHomunculus/Content/Assets/ActorFlipbook/PlayerShotFlipbook.uasset" 838
"D:/Unreal Projects/ProjectHomunculus/Content/Assets/ActorFlipbook/PlayerShotFlipbook.uexp" 839
"D:/Unreal Projects/ProjectHomunculus/Content/Blueprints/Player/PlayerShot.uasset" 840
"D:/Unreal Projects/ProjectHomunculus/Content/Blueprints/Player/PlayerShot.uexp" 841
"D:/Unreal Projects/ProjectHomunculus/Content/Assets/Sprite/Player_Sprite_1_Right.uasset" 842
"D:/Unreal Projects/ProjectHomunculus/Content/Assets/Sprite/Player_Sprite_1_Right.uexp" 843
"D:/Unreal Projects/ProjectHomunculus/Content/Assets/Sprite/Player_Sprite_0_Right.uasset" 844
"D:/Unreal Projects/ProjectHomunculus/Content/Assets/Sprite/Player_Sprite_0_Right.uexp" 845
"D:/Unreal Projects/ProjectHomunculus/Content/Assets/PawnFlipbook/PlayerFlipbook_Right.uasset" 846
"D:/Unreal Projects/ProjectHomunculus/Content/Assets/PawnFlipbook/PlayerFlipbook_Right.uexp" 847
"D:/Unreal Projects/ProjectHomunculus/Content/Assets/Sprite/Player_Sprite_0_Left.uasset" 848
"D:/Unreal Projects/ProjectHomunculus/Content/Assets/Sprite/Player_Sprite_0_Left.uexp" 849
"D:/Unreal Projects/ProjectHomunculus/Content/Assets/Sprite/Player_Sprite_1_Left.uasset" 850
"D:/Unreal Projects/ProjectHomunculus/Content/Assets/Sprite/Player_Sprite_1_Left.uexp" 851
"D:/Unreal Projects/ProjectHomunculus/Content/Assets/PawnFlipbook/PlayerFlipbook_Left.uasset" 852
"D:/Unreal Projects/ProjectHomunculus/Content/Assets/PawnFlipbook/PlayerFlipbook_Left.uexp" 853
"D:/Unreal Projects/ProjectHomunculus/Content/Blueprints/Player/PlayerBlueprint.uasset" 854
"D:/Unreal Projects/ProjectHomunculus/Content/Blueprints/Player/PlayerBlueprint.uexp" 855
"D:/Unreal Projects/ProjectHomunculus/Content/Blueprints/Enemy/EnemyBullet.uasset" 856
"D:/Unreal Projects/ProjectHomunculus/Content/Blueprints/Enemy/EnemyBullet.uexp" 857
"D:/Unreal Projects/ProjectHomunculus/Content/Assets/PawnTexture/cannon3.uasset" 858
"D:/Unreal Projects/ProjectHomunculus/Content/Assets/PawnTexture/cannon3.uexp" 859
"D:/Unreal Projects/ProjectHomunculus/Content/Assets/Sprite/cannon3_Sprite.uasset" 860
"D:/Unreal Projects/ProjectHomunculus/Content/Assets/Sprite/cannon3_Sprite.uexp" 861
"D:/Unreal Projects/ProjectHomunculus/Content/Assets/PawnFlipbook/cannon3.uasset" 862
"D:/Unreal Projects/ProjectHomunculus/Content/Assets/PawnFlipbook/cannon3.uexp" 863
"D:/Unreal Projects/ProjectHomunculus/Content/Assets/PawnTexture/cannon1.uasset" 864
"D:/Unreal Projects/ProjectHomunculus/Content/Assets/PawnTexture/cannon1.uexp" 865
"D:/Unreal Projects/ProjectHomunculus/Content/Assets/Sprite/cannon1_Sprite.uasset" 866
"D:/Unreal Projects/ProjectHomunculus/Content/Assets/Sprite/cannon1_Sprite.uexp" 867
"D:/Unreal Projects/ProjectHomunculus/Content/Assets/PawnFlipbook/cannon1.uasset" 868
"D:/Unreal Projects/ProjectHomunculus/Content/Assets/PawnFlipbook/cannon1.uexp" 869
"D:/Unreal Projects/ProjectHomunculus/Content/Blueprints/InGameUI.uasset" 870
"D:/Unreal Projects/ProjectHomunculus/Content/Blueprints/InGameUI.uexp" 871
"D:/Unreal Projects/ProjectHomunculus/Content/Blueprints/Boss/Boss1.uasset" 872
"D:/Unreal Projects/ProjectHomunculus/Content/Blueprints/Boss/Boss1.uexp" 873
"D:/Unreal Projects/ProjectHomunculus/Content/Assets/Music/BGM-field.uasset" 874
"D:/Unreal Projects/ProjectHomunculus/Content/Assets/Music/BGM-field.ubulk" 875
"D:/Unreal Projects/ProjectHomunculus/Content/Assets/Music/BGM-field.uexp" 876
"D:/Unreal Projects/ProjectHomunculus/Content/Assets/PawnTexture/tank1.uasset" 877
"D:/Unreal Projects/ProjectHomunculus/Content/Assets/PawnTexture/tank1.ubulk" 878
"D:/Unreal Projects/ProjectHomunculus/Content/Assets/PawnTexture/tank1.uexp" 879
"D:/Unreal Projects/ProjectHomunculus/Content/Assets/Sprite/tank1_Sprite_0.uasset" 880
"D:/Unreal Projects/ProjectHomunculus/Content/Assets/Sprite/tank1_Sprite_0.uexp" 881
"D:/Unreal Projects/ProjectHomunculus/Content/Assets/Sprite/tank1_Sprite_1.uasset" 882
"D:/Unreal Projects/ProjectHomunculus/Content/Assets/Sprite/tank1_Sprite_1.uexp" 883
"D:/Unreal Projects/ProjectHomunculus/Content/Assets/Sprite/tank1_Sprite_2.uasset" 884
"D:/Unreal Projects/ProjectHomunculus/Content/Assets/Sprite/tank1_Sprite_2.uexp" 885
"D:/Unreal Projects/ProjectHomunculus/Content/Assets/PawnFlipbook/Enemytank.uasset" 886
"D:/Unreal Projects/ProjectHomunculus/Content/Assets/PawnFlipbook/Enemytank.uexp" 887
"D:/Unreal Projects/ProjectHomunculus/Content/Assets/PawnTexture/cannon2.uasset" 888
"D:/Unreal Projects/ProjectHomunculus/Content/Assets/PawnTexture/cannon2.uexp" 889
"D:/Unreal Projects/ProjectHomunculus/Content/Assets/Sprite/cannon2_Sprite.uasset" 890
"D:/Unreal Projects/ProjectHomunculus/Content/Assets/Sprite/cannon2_Sprite.uexp" 891
"D:/Unreal Projects/ProjectHomunculus/Content/Assets/PawnFlipbook/cannon2.uasset" 892
"D:/Unreal Projects/ProjectHomunculus/Content/Assets/PawnFlipbook/cannon2.uexp" 893
"D:/Unreal Projects/ProjectHomunculus/Content/Blueprints/Enemy/EnemyTank_Legacy.uasset" 894
"D:/Unreal Projects/ProjectHomunculus/Content/Blueprints/Enemy/EnemyTank_Legacy.uexp" 895
"D:/Unreal Projects/ProjectHomunculus/Content/Assets/Music/BGM-boss.uasset" 896
"D:/Unreal Projects/ProjectHomunculus/Content/Assets/Music/BGM-boss.ubulk" 897
"D:/Unreal Projects/ProjectHomunculus/Content/Assets/Music/BGM-boss.uexp" 898
"D:/Unreal Projects/ProjectHomunculus/Content/Blueprints/Enemy/EnemyCannon.uasset" 899
"D:/Unreal Projects/ProjectHomunculus/Content/Blueprints/Enemy/EnemyCannon.uexp" 900
"D:/Unreal Projects/ProjectHomunculus/Content/Blueprints/Enemy/EnemyFighter.uasset" 901
"D:/Unreal Projects/ProjectHomunculus/Content/Blueprints/Enemy/EnemyFighter.uexp" 902
"D:/Unreal Projects/ProjectHomunculus/Content/Assets/PawnTexture/Helicopter-wing.uasset" 903
"D:/Unreal Projects/ProjectHomunculus/Content/Assets/PawnTexture/Helicopter-wing.uexp" 904
"D:/Unreal Projects/ProjectHomunculus/Content/Assets/Sprite/Helicopter-wing_Sprite.uasset" 905
"D:/Unreal Projects/ProjectHomunculus/Content/Assets/Sprite/Helicopter-wing_Sprite.uexp" 906
"D:/Unreal Projects/ProjectHomunculus/Content/Assets/PawnFlipbook/Helicopter-wing_Flipbook.uasset" 907
"D:/Unreal Projects/ProjectHomunculus/Content/Assets/PawnFlipbook/Helicopter-wing_Flipbook.uexp" 908
"D:/Unreal Projects/ProjectHomunculus/Content/Assets/PawnTexture/helicopter1.uasset" 909
"D:/Unreal Projects/ProjectHomunculus/Content/Assets/PawnTexture/helicopter1.uexp" 910
"D:/Unreal Projects/ProjectHomunculus/Content/Assets/Sprite/helicopter1_Sprite.uasset" 911
"D:/Unreal Projects/ProjectHomunculus/Content/Assets/Sprite/helicopter1_Sprite.uexp" 912
"D:/Unreal Projects/ProjectHomunculus/Content/Assets/PawnFlipbook/helicopter_Flipbook.uasset" 913
"D:/Unreal Projects/ProjectHomunculus/Content/Assets/PawnFlipbook/helicopter_Flipbook.uexp" 914
"D:/Unreal Projects/ProjectHomunculus/Content/Blueprints/Enemy/EnemyHelicopter.uasset" 915
"D:/Unreal Projects/ProjectHomunculus/Content/Blueprints/Enemy/EnemyHelicopter.uexp" 916
"D:/Unreal Projects/ProjectHomunculus/Content/Blueprints/Spawner.uasset" 917
"D:/Unreal Projects/ProjectHomunculus/Content/Blueprints/Spawner.uexp" 918
"D:/Unreal Projects/ProjectHomunculus/Content/Assets/Music/BGM-Success.uasset" 919
"D:/Unreal Projects/ProjectHomunculus/Content/Assets/Music/BGM-Success.ubulk" 920
"D:/Unreal Projects/ProjectHomunculus/Content/Assets/Music/BGM-Success.uexp" 921
"D:/Unreal Projects/ProjectHomunculus/Content/Blueprints/Background.uasset" 922
"D:/Unreal Projects/ProjectHomunculus/Content/Blueprints/Background.uexp" 923
"D:/Unreal Projects/ProjectHomunculus/Content/Blueprints/GameInstanceSys.uasset" 924
"D:/Unreal Projects/ProjectHomunculus/Content/Blueprints/GameInstanceSys.uexp" 925
"D:/Unreal Projects/ProjectHomunculus/Content/Blueprints/SelectCharacter.uasset" 926
"D:/Unreal Projects/ProjectHomunculus/Content/Blueprints/SelectCharacter.uexp" 927
"D:/Unreal Projects/ProjectHomunculus/Content/Blueprints/TitleUI.uasset" 928
"D:/Unreal Projects/ProjectHomunculus/Content/Blueprints/TitleUI.uexp" 929
"D:/Unreal Projects/ProjectHomunculus/Content/Assets/Music/Game_Over.uasset" 930
"D:/Unreal Projects/ProjectHomunculus/Content/Assets/Music/Game_Over.ubulk" 931
"D:/Unreal Projects/ProjectHomunculus/Content/Assets/Music/Game_Over.uexp" 932
"D:/Unreal Projects/ProjectHomunculus/Content/Blueprints/GameModeSys.uasset" 933
"D:/Unreal Projects/ProjectHomunculus/Content/Blueprints/GameModeSys.uexp" 934
"D:/Unreal Projects/ProjectHomunculus/Content/TitleMenu.umap" 935
"D:/Unreal Projects/ProjectHomunculus/Content/TitleMenu.uexp" 936
"D:/Unreal Projects/ProjectHomunculus/Content/InGame_BuiltData.uasset" 937
"D:/Unreal Projects/ProjectHomunculus/Content/InGame_BuiltData.uexp" 938
"D:/Unreal Projects/ProjectHomunculus/Content/InGame.umap" 939
"D:/Unreal Projects/ProjectHomunculus/Content/InGame.uexp" 940
